> deno test --allow-all --unstable-detect-cjs

[0m[38;5;245mrunning 1 test from ./aaptjs_1.3.1/aaptjs.test.js[0m
Remote code execution in aaptjs ... [0m[31mFAILED[0m [0m[38;5;245m(45ms)[0m
[0m[38;5;245mrunning 1 test from ./adb-driver_0.1.8/adb-driver.test.js[0m
Command Injection in adb-driver ...
[0m[38;5;245m------- post-test output -------[0m
NotCapable: Requires write access to "./adb-driver", run again with the --allow-write flag
    at Object.removeSync (ext:deno_fs/30_fs.js:247:3)
    at Object.unlinkSync (ext:deno_node/_fs/_fs_unlink.ts:11:8)
    at file:///home/bombe/UniSaarland/WebSec-Seminar/deno-SecBench.js/command-injection/adb-driver_0.1.8/adb-driver.test.js:13:10
    at innerWrapped (ext:cli/40_test.js:180:11)
    at exitSanitizer (ext:cli/40_test.js:96:33)
    at outerWrapped (ext:cli/40_test.js:123:20) {
  name: [32m"NotCapable"[39m
}
[0m[38;5;245m----- post-test output end -----[0m
Command Injection in adb-driver ... [0m[31mFAILED[0m [0m[38;5;245m(21ms)[0m
Uncaught error from ./adb-driver_0.1.8/adb-driver.test.js [0m[31mFAILED[0m
[0m[38;5;245mrunning 1 test from ./alfred-workflow-nodejs_2.0.1/alfred-workflow-nodejs.test.js[0m
Command Injection in killing ...
[0m[38;5;245m------- post-test output -------[0m
NotCapable: Requires write access to "./alfred-workflow-nodejs", run again with the --allow-write flag
    at Object.removeSync (ext:deno_fs/30_fs.js:247:3)
    at Object.unlinkSync (ext:deno_node/_fs/_fs_unlink.ts:11:8)
    at file:///home/bombe/UniSaarland/WebSec-Seminar/deno-SecBench.js/command-injection/alfred-workflow-nodejs_2.0.1/alfred-workflow-nodejs.test.js:13:10
    at innerWrapped (ext:cli/40_test.js:180:11)
    at exitSanitizer (ext:cli/40_test.js:96:33)
    at outerWrapped (ext:cli/40_test.js:123:20) {
  name: [32m"NotCapable"[39m
}
[0m[38;5;245m----- post-test output end -----[0m
Command Injection in killing ... [0m[31mFAILED[0m [0m[38;5;245m(29ms)[0m
Uncaught error from ./alfred-workflow-nodejs_2.0.1/alfred-workflow-nodejs.test.js [0m[31mFAILED[0m
[0m[38;5;245mrunning 1 test from ./apex-publish-static-files_2.0.0/apex-publish-static-files.test.js[0m
Command Injection in apex-publish-static-files ...
[0m[38;5;245m------- post-test output -------[0m
NotCapable: Requires write access to "./apex-publish-static-files", run again with the --allow-write flag
    at Object.removeSync (ext:deno_fs/30_fs.js:247:3)
    at Object.unlinkSync (ext:deno_node/_fs/_fs_unlink.ts:11:8)
    at file:///home/bombe/UniSaarland/WebSec-Seminar/deno-SecBench.js/command-injection/apex-publish-static-files_2.0.0/apex-publish-static-files.test.js:13:10
    at innerWrapped (ext:cli/40_test.js:180:11)
    at exitSanitizer (ext:cli/40_test.js:96:33)
    at outerWrapped (ext:cli/40_test.js:123:20) {
  name: [32m"NotCapable"[39m
}
[0m[38;5;245m----- post-test output end -----[0m
Command Injection in apex-publish-static-files ... [0m[31mFAILED[0m [0m[38;5;245m(16ms)[0m
Uncaught error from ./apex-publish-static-files_2.0.0/apex-publish-static-files.test.js [0m[31mFAILED[0m
[0m[38;5;245mrunning 1 test from ./apiconnect-cli-plugins_6.0.2/apiconnect-cli-plugins.test.js[0m
Command Injection in apiconnect-cli-plugins ... [0m[31mFAILED[0m [0m[38;5;245m(901ms)[0m
Uncaught error from ./apiconnect-cli-plugins_6.0.2/apiconnect-cli-plugins.test.js [0m[31mFAILED[0m
[0m[38;5;245mrunning 1 test from ./arpping_2.0.0/arpping.test.js[0m
Remote code execution in arpping ...
[0m[38;5;245m------- post-test output -------[0m
NotCapable: Requires write access to "./arpping", run again with the --allow-write flag
    at Object.removeSync (ext:deno_fs/30_fs.js:247:3)
    at Object.unlinkSync (ext:deno_node/_fs/_fs_unlink.ts:11:8)
    at file:///home/bombe/UniSaarland/WebSec-Seminar/deno-SecBench.js/command-injection/arpping_2.0.0/arpping.test.js:14:10
    at innerWrapped (ext:cli/40_test.js:180:11)
    at exitSanitizer (ext:cli/40_test.js:96:33)
    at outerWrapped (ext:cli/40_test.js:123:20) {
  name: [32m"NotCapable"[39m
}
[0m[38;5;245m----- post-test output end -----[0m
Remote code execution in arpping ... [0m[31mFAILED[0m [0m[38;5;245m(13ms)[0m
Uncaught error from ./arpping_2.0.0/arpping.test.js [0m[31mFAILED[0m
Uncaught error from ./async-git_1.13.1/async-git.test.js [0m[31mFAILED[0m
[0m[38;5;245mrunning 0 tests from ./async-git_1.13.1/async-git.test.js[0m
[0m[38;5;245mrunning 1 test from ./bestzip_2.1.6/bestzip.test.js[0m
Command Injection in bestzip ...
[0m[38;5;245m------- post-test output -------[0m
NotCapable: Requires write access to "./bestzip", run again with the --allow-write flag
    at Object.removeSync (ext:deno_fs/30_fs.js:247:3)
    at Object.unlinkSync (ext:deno_node/_fs/_fs_unlink.ts:11:8)
    at file:///home/bombe/UniSaarland/WebSec-Seminar/deno-SecBench.js/command-injection/bestzip_2.1.6/bestzip.test.js:13:10
    at innerWrapped (ext:cli/40_test.js:180:11)
    at exitSanitizer (ext:cli/40_test.js:96:33)
    at outerWrapped (ext:cli/40_test.js:123:20) {
  name: [32m"NotCapable"[39m
}
[0m[38;5;245m----- post-test output end -----[0m
Command Injection in bestzip ... [0m[31mFAILED[0m [0m[38;5;245m(90ms)[0m
Uncaught error from ./bestzip_2.1.6/bestzip.test.js [0m[31mFAILED[0m
[0m[38;5;245mrunning 1 test from ./blamer_0.1.13/blamer.test.js[0m
Command Injection in blamer ... [0m[31mFAILED[0m [0m[38;5;245m(42ms)[0m
Uncaught error from ./blamer_0.1.13/blamer.test.js [0m[31mFAILED[0m
[0m[38;5;245mrunning 1 test from ./buns_1.1.6/buns.test.js[0m
Command Injection in buns ...
[0m[38;5;245m------- post-test output -------[0m
NotCapable: Requires write access to "./buns", run again with the --allow-write flag
    at Object.removeSync (ext:deno_fs/30_fs.js:247:3)
    at Object.unlinkSync (ext:deno_node/_fs/_fs_unlink.ts:11:8)
    at file:///home/bombe/UniSaarland/WebSec-Seminar/deno-SecBench.js/command-injection/buns_1.1.6/buns.test.js:13:10
    at innerWrapped (ext:cli/40_test.js:180:11)
    at exitSanitizer (ext:cli/40_test.js:96:33)
    at outerWrapped (ext:cli/40_test.js:123:20) {
  name: [32m"NotCapable"[39m
}
[0m[38;5;245m----- post-test output end -----[0m
Command Injection in buns ... [0m[31mFAILED[0m [0m[38;5;245m(260ms)[0m
Uncaught error from ./buns_1.1.6/buns.test.js [0m[31mFAILED[0m
[0m[38;5;245mrunning 1 test from ./clamscan_1.2.0/clamscan.test.js[0m
Command Injection in clamscan ...
Uncaught error from ./clamscan_1.2.0/clamscan.test.js [0m[31mFAILED[0m
Command Injection in clamscan ... [0m[38;5;245mcancelled[0m [0m[38;5;245m(0ms)[0m
Uncaught error from ./clamscan_1.2.0/clamscan.test.js [0m[31mFAILED[0m
Uncaught error from ./codecov_3.6.4/codecov.test.js [0m[31mFAILED[0m
[0m[38;5;245mrunning 0 tests from ./codecov_3.6.4/codecov.test.js[0m
[0m[38;5;245mrunning 1 test from ./command-exists_1.2.2/command-exists.test.js[0m
Command Injection in command-exists ...
[0m[38;5;245m------- post-test output -------[0m
NotCapable: Requires write access to "./command-exists", run again with the --allow-write flag
    at Object.removeSync (ext:deno_fs/30_fs.js:247:3)
    at Object.unlinkSync (ext:deno_node/_fs/_fs_unlink.ts:11:8)
    at file:///home/bombe/UniSaarland/WebSec-Seminar/deno-SecBench.js/command-injection/command-exists_1.2.2/command-exists.test.js:13:10
    at innerWrapped (ext:cli/40_test.js:180:11)
    at exitSanitizer (ext:cli/40_test.js:96:33)
    at outerWrapped (ext:cli/40_test.js:123:20) {
  name: [32m"NotCapable"[39m
}
[0m[38;5;245m----- post-test output end -----[0m
Command Injection in command-exists ... [0m[31mFAILED[0m [0m[38;5;245m(18ms)[0m
Uncaught error from ./command-exists_1.2.2/command-exists.test.js [0m[31mFAILED[0m
[0m[38;5;245mrunning 1 test from ./compass-compile_0.0.1/compass-compile.test.js[0m
Command Injection in compass-compile ...
[0m[38;5;245m------- post-test output -------[0m
NotCapable: Requires write access to "./compass-compile", run again with the --allow-write flag
    at Object.removeSync (ext:deno_fs/30_fs.js:247:3)
    at Object.unlinkSync (ext:deno_node/_fs/_fs_unlink.ts:11:8)
    at file:///home/bombe/UniSaarland/WebSec-Seminar/deno-SecBench.js/command-injection/compass-compile_0.0.1/compass-compile.test.js:14:10
    at innerWrapped (ext:cli/40_test.js:180:11)
    at exitSanitizer (ext:cli/40_test.js:96:33)
    at outerWrapped (ext:cli/40_test.js:123:20) {
  name: [32m"NotCapable"[39m
}
[0m[38;5;245m----- post-test output end -----[0m
Command Injection in compass-compile ... [0m[31mFAILED[0m [0m[38;5;245m(19ms)[0m
Uncaught error from ./compass-compile_0.0.1/compass-compile.test.js [0m[31mFAILED[0m
Uncaught error from ./connection-tester_0.2.0/connection-tester.test.js [0m[31mFAILED[0m
[0m[38;5;245mrunning 0 tests from ./connection-tester_0.2.0/connection-tester.test.js[0m
[0m[38;5;245mrunning 1 test from ./corenlp-js-interface_1.0.3/corenlp-js-interface.test.js[0m
Command Injection in corenlp-js-interface ... [0m[31mFAILED[0m [0m[38;5;245m(6ms)[0m
Uncaught error from ./corenlp-js-interface_1.0.3/corenlp-js-interface.test.js [0m[31mFAILED[0m
Uncaught error from ./corenlp-js-prefab_1.0.1/corenlp-js-prefab.test.js [0m[31mFAILED[0m
[0m[38;5;245mrunning 0 tests from ./corenlp-js-prefab_1.0.1/corenlp-js-prefab.test.js[0m
[0m[38;5;245mrunning 1 test from ./curling_0.2.0/curling.test.js[0m
Command Injection in curling ...
[0m[38;5;245m------- post-test output -------[0m
NotCapable: Requires write access to "./curling", run again with the --allow-write flag
    at Object.removeSync (ext:deno_fs/30_fs.js:247:3)
    at Object.unlinkSync (ext:deno_node/_fs/_fs_unlink.ts:11:8)
    at file:///home/bombe/UniSaarland/WebSec-Seminar/deno-SecBench.js/command-injection/curling_0.2.0/curling.test.js:13:10
    at innerWrapped (ext:cli/40_test.js:180:11)
    at exitSanitizer (ext:cli/40_test.js:96:33)
    at outerWrapped (ext:cli/40_test.js:123:20) {
  name: [32m"NotCapable"[39m
}
[0m[38;5;245m----- post-test output end -----[0m
Command Injection in curling ... [0m[31mFAILED[0m [0m[38;5;245m(15ms)[0m
Uncaught error from ./curling_0.2.0/curling.test.js [0m[31mFAILED[0m
[0m[38;5;245mrunning 1 test from ./curljs_0.1.2/curljs.test.js[0m
Command Injection in curljs ...
[0m[38;5;245m------- post-test output -------[0m
NotCapable: Requires write access to "./curljs", run again with the --allow-write flag
    at Object.removeSync (ext:deno_fs/30_fs.js:247:3)
    at Object.unlinkSync (ext:deno_node/_fs/_fs_unlink.ts:11:8)
    at file:///home/bombe/UniSaarland/WebSec-Seminar/deno-SecBench.js/command-injection/curljs_0.1.2/curljs.test.js:13:10
    at innerWrapped (ext:cli/40_test.js:180:11)
    at exitSanitizer (ext:cli/40_test.js:96:33)
    at outerWrapped (ext:cli/40_test.js:123:20) {
  name: [32m"NotCapable"[39m
}
[0m[38;5;245m----- post-test output end -----[0m
Command Injection in curljs ... [0m[31mFAILED[0m [0m[38;5;245m(13ms)[0m
Uncaught error from ./curljs_0.1.2/curljs.test.js [0m[31mFAILED[0m
[0m[38;5;245mrunning 1 test from ./deferred-exec_0.3.1/deferred-exec.test.js[0m
Command Injection in deferred-exec ...
[0m[38;5;245m------- post-test output -------[0m
NotCapable: Requires write access to "./deferred-exec", run again with the --allow-write flag
    at Object.removeSync (ext:deno_fs/30_fs.js:247:3)
    at Object.unlinkSync (ext:deno_node/_fs/_fs_unlink.ts:11:8)
    at file:///home/bombe/UniSaarland/WebSec-Seminar/deno-SecBench.js/command-injection/deferred-exec_0.3.1/deferred-exec.test.js:13:10
    at innerWrapped (ext:cli/40_test.js:180:11)
    at exitSanitizer (ext:cli/40_test.js:96:33)
    at outerWrapped (ext:cli/40_test.js:123:20) {
  name: [32m"NotCapable"[39m
}
[0m[38;5;245m----- post-test output end -----[0m
Command Injection in deferred-exec ... [0m[31mFAILED[0m [0m[38;5;245m(44ms)[0m
Uncaught error from ./deferred-exec_0.3.1/deferred-exec.test.js [0m[31mFAILED[0m
[0m[38;5;245mrunning 1 test from ./diskstats_0.0.2/diskstats.test.js[0m
Command Injection in diskstats ...
[0m[38;5;245m------- post-test output -------[0m
NotCapable: Requires write access to "./diskstats", run again with the --allow-write flag
    at Object.removeSync (ext:deno_fs/30_fs.js:247:3)
    at Object.unlinkSync (ext:deno_node/_fs/_fs_unlink.ts:11:8)
    at file:///home/bombe/UniSaarland/WebSec-Seminar/deno-SecBench.js/command-injection/diskstats_0.0.2/diskstats.test.js:13:10
    at innerWrapped (ext:cli/40_test.js:180:11)
    at exitSanitizer (ext:cli/40_test.js:96:33)
    at outerWrapped (ext:cli/40_test.js:123:20) {
  name: [32m"NotCapable"[39m
}
[0m[38;5;245m----- post-test output end -----[0m
Command Injection in diskstats ... [0m[31mFAILED[0m [0m[38;5;245m(15ms)[0m
Uncaught error from ./diskstats_0.0.2/diskstats.test.js [0m[31mFAILED[0m
[0m[38;5;245mrunning 1 test from ./diskusage-ng_0.2.6/diskusage-ng.test.js[0m
Command Injection in diskusage-ng ...
[0m[38;5;245m------- post-test output -------[0m
NotCapable: Requires write access to "./diskusage-ng", run again with the --allow-write flag
    at Object.removeSync (ext:deno_fs/30_fs.js:247:3)
    at Object.unlinkSync (ext:deno_node/_fs/_fs_unlink.ts:11:8)
    at file:///home/bombe/UniSaarland/WebSec-Seminar/deno-SecBench.js/command-injection/diskusage-ng_0.2.6/diskusage-ng.test.js:13:10
    at innerWrapped (ext:cli/40_test.js:180:11)
    at exitSanitizer (ext:cli/40_test.js:96:33)
    at outerWrapped (ext:cli/40_test.js:123:20) {
  name: [32m"NotCapable"[39m
}
[0m[38;5;245m----- post-test output end -----[0m
Command Injection in diskusage-ng ... [0m[31mFAILED[0m [0m[38;5;245m(15ms)[0m
Uncaught error from ./diskusage-ng_0.2.6/diskusage-ng.test.js [0m[31mFAILED[0m
[0m[38;5;245mrunning 1 test from ./dns-sync_0.1.0/dns-sync.test.js[0m
Command Injection in dns-sync ...
[0m[38;5;245m------- post-test output -------[0m
shell.js: internal error
NotCapable: Requires write access to "/home/bombe/UniSaarland/WebSec-Seminar/deno-SecBench.js/command-injection/false/shelljs_a9b5c2c5e2d00cd31828", run again with the --allow-write flag
    at Object.openSync (ext:deno_fs/30_fs.js:528:15)
    at Object.writeFileSync (ext:deno_node/_fs/_fs_writeFile.ts:70:85)
    at execSync (file:///home/bombe/UniSaarland/WebSec-Seminar/deno-SecBench.js/command-injection/dns-sync_0.1.0/node_modules/shelljs/src/exec.js:56:6)
    at Object._exec (file:///home/bombe/UniSaarland/WebSec-Seminar/deno-SecBench.js/command-injection/dns-sync_0.1.0/node_modules/shelljs/src/exec.js:179:12)
    at Object.exec (file:///home/bombe/UniSaarland/WebSec-Seminar/deno-SecBench.js/command-injection/dns-sync_0.1.0/node_modules/shelljs/src/common.js:168:23)
    at Object.resolve (file:///home/bombe/UniSaarland/WebSec-Seminar/deno-SecBench.js/command-injection/dns-sync_0.1.0/node_modules/dns-sync/lib/dns-sync.js:21:26)
    at file:///home/bombe/UniSaarland/WebSec-Seminar/deno-SecBench.js/command-injection/dns-sync_0.1.0/dns-sync.test.js:21:11
    at innerWrapped (ext:cli/40_test.js:180:11)
    at exitSanitizer (ext:cli/40_test.js:96:33)
    at outerWrapped (ext:cli/40_test.js:123:20)
Uncaught error from ./dns-sync_0.1.0/dns-sync.test.js [0m[31mFAILED[0m
Command Injection in dns-sync ... [0m[38;5;245mcancelled[0m [0m[38;5;245m(0ms)[0m
Uncaught error from ./dns-sync_0.1.0/dns-sync.test.js [0m[31mFAILED[0m
[0m[38;5;245mrunning 1 test from ./effect_1.0.4/effect.test.js[0m
Command Injection in effect ... [0m[31mFAILED[0m [0m[38;5;245m(1ms)[0m
Uncaught error from ./effect_1.0.4/effect.test.js [0m[31mFAILED[0m
[0m[38;5;245mrunning 1 test from ./enpeem_2.2.0/enpeem.test.js[0m
Command Injection in enpeem ... [0m[31mFAILED[0m [0m[38;5;245m(16ms)[0m
Uncaught error from ./enpeem_2.2.0/enpeem.test.js [0m[31mFAILED[0m
[0m[38;5;245mrunning 1 test from ./eslint-fixer_0.1.5/eslint-fixer.test.js[0m
Command Injection in eslint-fixer ...
[0m[38;5;245m------- post-test output -------[0m
NotCapable: Requires write access to "./eslint-fixer", run again with the --allow-write flag
    at Object.removeSync (ext:deno_fs/30_fs.js:247:3)
    at Object.unlinkSync (ext:deno_node/_fs/_fs_unlink.ts:11:8)
    at file:///home/bombe/UniSaarland/WebSec-Seminar/deno-SecBench.js/command-injection/eslint-fixer_0.1.5/eslint-fixer.test.js:13:10
    at innerWrapped (ext:cli/40_test.js:180:11)
    at exitSanitizer (ext:cli/40_test.js:96:33)
    at outerWrapped (ext:cli/40_test.js:123:20) {
  name: [32m"NotCapable"[39m
}
[0m[38;5;245m----- post-test output end -----[0m
Command Injection in eslint-fixer ... [0m[31mFAILED[0m [0m[38;5;245m(14ms)[0m
Uncaught error from ./eslint-fixer_0.1.5/eslint-fixer.test.js [0m[31mFAILED[0m
[0m[38;5;245mrunning 1 test from ./extra-asciinema_1.0.0/extra-asciinema.test.js[0m
Command Injection in extra-asciinema ...
[0m[38;5;245m------- post-test output -------[0m
NotCapable: Requires write access to "./extra-asciinema", run again with the --allow-write flag
    at Object.removeSync (ext:deno_fs/30_fs.js:247:3)
    at Object.unlinkSync (ext:deno_node/_fs/_fs_unlink.ts:11:8)
    at file:///home/bombe/UniSaarland/WebSec-Seminar/deno-SecBench.js/command-injection/extra-asciinema_1.0.0/extra-asciinema.test.js:13:10
    at innerWrapped (ext:cli/40_test.js:180:11)
    at exitSanitizer (ext:cli/40_test.js:96:33)
    at outerWrapped (ext:cli/40_test.js:123:20) {
  name: [32m"NotCapable"[39m
}
[0m[38;5;245m----- post-test output end -----[0m
Command Injection in extra-asciinema ... [0m[31mFAILED[0m [0m[38;5;245m(14ms)[0m
Uncaught error from ./extra-asciinema_1.0.0/extra-asciinema.test.js [0m[31mFAILED[0m
[0m[38;5;245mrunning 1 test from ./ffmpeg-sdk_0.0.5/ffmpeg-sdk.test.js[0m
Command Injection in ffmpeg-sdk ...
[0m[38;5;245m------- post-test output -------[0m
NotCapable: Requires write access to "./ffmpeg-sdk", run again with the --allow-write flag
    at Object.removeSync (ext:deno_fs/30_fs.js:247:3)
    at Object.unlinkSync (ext:deno_node/_fs/_fs_unlink.ts:11:8)
    at file:///home/bombe/UniSaarland/WebSec-Seminar/deno-SecBench.js/command-injection/ffmpeg-sdk_0.0.5/ffmpeg-sdk.test.js:13:10
    at innerWrapped (ext:cli/40_test.js:180:11)
    at exitSanitizer (ext:cli/40_test.js:96:33)
    at outerWrapped (ext:cli/40_test.js:123:20) {
  name: [32m"NotCapable"[39m
}
[0m[38;5;245m----- post-test output end -----[0m
Command Injection in ffmpeg-sdk ... [0m[31mFAILED[0m [0m[38;5;245m(13ms)[0m
Uncaught error from ./ffmpeg-sdk_0.0.5/ffmpeg-sdk.test.js [0m[31mFAILED[0m
[0m[38;5;245mrunning 1 test from ./ffmpegdotjs_0.0.4/ffmpegdotjs.test.js[0m
Command Injection in ffmpegdotjs ... [0m[31mFAILED[0m [0m[38;5;245m(13ms)[0m
Uncaught error from ./ffmpegdotjs_0.0.4/ffmpegdotjs.test.js [0m[31mFAILED[0m
[0m[38;5;245mrunning 1 test from ./find-process_1.4.4/find-process.test.js[0m
Command Injection in find-process ... [0m[31mFAILED[0m [0m[38;5;245m(25ms)[0m
Uncaught error from ./find-process_1.4.4/find-process.test.js [0m[31mFAILED[0m
[0m[38;5;245mrunning 1 test from ./freespace_1.0.4/freespace.test.js[0m
Command Injection in freespace ...
[0m[38;5;245m------- post-test output -------[0m
NotCapable: Requires write access to "./freespace", run again with the --allow-write flag
    at Object.removeSync (ext:deno_fs/30_fs.js:247:3)
    at Object.unlinkSync (ext:deno_node/_fs/_fs_unlink.ts:11:8)
    at file:///home/bombe/UniSaarland/WebSec-Seminar/deno-SecBench.js/command-injection/freespace_1.0.4/freespace.test.js:13:10
    at innerWrapped (ext:cli/40_test.js:180:11)
    at exitSanitizer (ext:cli/40_test.js:96:33)
    at outerWrapped (ext:cli/40_test.js:123:20) {
  name: [32m"NotCapable"[39m
}
[0m[38;5;245m----- post-test output end -----[0m
Command Injection in freespace ... [0m[31mFAILED[0m [0m[38;5;245m(17ms)[0m
Uncaught error from ./freespace_1.0.4/freespace.test.js [0m[31mFAILED[0m
[0m[38;5;245mrunning 1 test from ./geojson2kml_0.1.1/geojson2kml.test.js[0m
Command Injection in geojson2kml ...
[0m[38;5;245m------- post-test output -------[0m
NotCapable: Requires write access to "./geojson2kml", run again with the --allow-write flag
    at Object.removeSync (ext:deno_fs/30_fs.js:247:3)
    at Object.unlinkSync (ext:deno_node/_fs/_fs_unlink.ts:11:8)
    at file:///home/bombe/UniSaarland/WebSec-Seminar/deno-SecBench.js/command-injection/geojson2kml_0.1.1/geojson2kml.test.js:13:10
    at innerWrapped (ext:cli/40_test.js:180:11)
    at exitSanitizer (ext:cli/40_test.js:96:33)
    at outerWrapped (ext:cli/40_test.js:123:20) {
  name: [32m"NotCapable"[39m
}
[0m[38;5;245m----- post-test output end -----[0m
Command Injection in geojson2kml ... [0m[31mFAILED[0m [0m[38;5;245m(6ms)[0m
Uncaught error from ./geojson2kml_0.1.1/geojson2kml.test.js [0m[31mFAILED[0m
[0m[38;5;245mrunning 1 test from ./get-npm-package-version_1.0.6/get-npm-package-version.test.js[0m
Command Injection in get-npm-package-version ...
[0m[38;5;245m------- post-test output -------[0m
NotCapable: Requires write access to "./get-npm-package-version", run again with the --allow-write flag
    at Object.removeSync (ext:deno_fs/30_fs.js:247:3)
    at Object.unlinkSync (ext:deno_node/_fs/_fs_unlink.ts:11:8)
    at file:///home/bombe/UniSaarland/WebSec-Seminar/deno-SecBench.js/command-injection/get-npm-package-version_1.0.6/get-npm-package-version.test.js:13:10
    at innerWrapped (ext:cli/40_test.js:180:11)
    at exitSanitizer (ext:cli/40_test.js:96:33)
    at outerWrapped (ext:cli/40_test.js:123:20) {
  name: [32m"NotCapable"[39m
}
[0m[38;5;245m----- post-test output end -----[0m
Command Injection in get-npm-package-version ... [0m[31mFAILED[0m [0m[38;5;245m(5ms)[0m
Uncaught error from ./get-npm-package-version_1.0.6/get-npm-package-version.test.js [0m[31mFAILED[0m
[0m[38;5;245mrunning 1 test from ./git-add-remote_1.0.0/git-add-remote.test.js[0m
Command Injection in git-add-remote ...
[0m[38;5;245m------- post-test output -------[0m
NotCapable: Requires write access to "./git-add-remote", run again with the --allow-write flag
    at Object.removeSync (ext:deno_fs/30_fs.js:247:3)
    at Object.unlinkSync (ext:deno_node/_fs/_fs_unlink.ts:11:8)
    at file:///home/bombe/UniSaarland/WebSec-Seminar/deno-SecBench.js/command-injection/git-add-remote_1.0.0/git-add-remote.test.js:14:10
    at innerWrapped (ext:cli/40_test.js:180:11)
    at exitSanitizer (ext:cli/40_test.js:96:33)
    at outerWrapped (ext:cli/40_test.js:123:20) {
  name: [32m"NotCapable"[39m
}
[0m[38;5;245m----- post-test output end -----[0m
Command Injection in git-add-remote ... [0m[31mFAILED[0m [0m[38;5;245m(5ms)[0m
Uncaught error from ./git-add-remote_1.0.0/git-add-remote.test.js [0m[31mFAILED[0m
[0m[38;5;245mrunning 1 test from ./git-dummy-commit_1.3.0/git-dummy-commit.test.js[0m
Command Injection in git-dummy-commit ...
[0m[38;5;245m------- post-test output -------[0m
exec: internal error
(node:450958) Warning: Accessing non-existent property 'cat' of module exports inside circular dependency
(node:450958) Warning: Accessing non-existent property 'cd' of module exports inside circular dependency
(node:450958) Warning: Accessing non-existent property 'chmod' of module exports inside circular dependency
(node:450958) Warning: Accessing non-existent property 'cp' of module exports inside circular dependency
(node:450958) Warning: Accessing non-existent property 'dirs' of module exports inside circular dependency
(node:450958) Warning: Accessing non-existent property 'pushd' of module exports inside circular dependency
(node:450958) Warning: Accessing non-existent property 'popd' of module exports inside circular dependency
(node:450958) Warning: Accessing non-existent property 'echo' of module exports inside circular dependency
(node:450958) Warning: Accessing non-existent property 'tempdir' of module exports inside circular dependency
(node:450958) Warning: Accessing non-existent property 'pwd' of module exports inside circular dependency
(node:450958) Warning: Accessing non-existent property 'exec' of module exports inside circular dependency
(node:450958) Warning: Accessing non-existent property 'ls' of module exports inside circular dependency
(node:450958) Warning: Accessing non-existent property 'find' of module exports inside circular dependency
(node:450958) Warning: Accessing non-existent property 'grep' of module exports inside circular dependency
(node:450958) Warning: Accessing non-existent property 'head' of module exports inside circular dependency
(node:450958) Warning: Accessing non-existent property 'ln' of module exports inside circular dependency
(node:450958) Warning: Accessing non-existent property 'mkdir' of module exports inside circular dependency
(node:450958) Warning: Accessing non-existent property 'rm' of module exports inside circular dependency
(node:450958) Warning: Accessing non-existent property 'mv' of module exports inside circular dependency
(node:450958) Warning: Accessing non-existent property 'sed' of module exports inside circular dependency
(node:450958) Warning: Accessing non-existent property 'set' of module exports inside circular dependency
(node:450958) Warning: Accessing non-existent property 'sort' of module exports inside circular dependency
(node:450958) Warning: Accessing non-existent property 'tail' of module exports inside circular dependency
(node:450958) Warning: Accessing non-existent property 'test' of module exports inside circular dependency
(node:450958) Warning: Accessing non-existent property 'to' of module exports inside circular dependency
(node:450958) Warning: Accessing non-existent property 'toEnd' of module exports inside circular dependency
(node:450958) Warning: Accessing non-existent property 'touch' of module exports inside circular dependency
(node:450958) Warning: Accessing non-existent property 'uniq' of module exports inside circular dependency
(node:450958) Warning: Accessing non-existent property 'which' of module exports inside circular dependency
[0m[38;5;245m----- post-test output end -----[0m
Command Injection in git-dummy-commit ... [0m[31mFAILED[0m [0m[38;5;245m(40ms)[0m
Uncaught error from ./git-dummy-commit_1.3.0/git-dummy-commit.test.js [0m[31mFAILED[0m
[0m[38;5;245mrunning 1 test from ./git-lib_1.6.0/git-lib.test.js[0m
Remote code execution in git-lib ...
[0m[38;5;245m------- post-test output -------[0m
NotCapable: Requires write access to "./git-lib", run again with the --allow-write flag
    at Object.removeSync (ext:deno_fs/30_fs.js:247:3)
    at Object.unlinkSync (ext:deno_node/_fs/_fs_unlink.ts:11:8)
    at file:///home/bombe/UniSaarland/WebSec-Seminar/deno-SecBench.js/command-injection/git-lib_1.6.0/git-lib.test.js:13:10
    at innerWrapped (ext:cli/40_test.js:180:11)
    at exitSanitizer (ext:cli/40_test.js:96:33)
    at outerWrapped (ext:cli/40_test.js:123:20) {
  name: [32m"NotCapable"[39m
}
[0m[38;5;245m----- post-test output end -----[0m
Remote code execution in git-lib ... [0m[31mFAILED[0m [0m[38;5;245m(37ms)[0m
Uncaught error from ./git-lib_1.6.0/git-lib.test.js [0m[31mFAILED[0m
[0m[38;5;245mrunning 1 test from ./git-parse_1.0.4/git-parse.test.js[0m
Command Injection in git-parse ... [0m[31mFAILED[0m [0m[38;5;245m(18ms)[0m
Uncaught error from ./git-parse_1.0.4/git-parse.test.js [0m[31mFAILED[0m
[0m[38;5;245mrunning 1 test from ./git-tags-remote_1.0.2/git-tags-remote.test.js[0m
Command Injection in git-tags-remote ...
[0m[38;5;245m------- post-test output -------[0m
NotCapable: Requires write access to "./git-tags-remote", run again with the --allow-write flag
    at Object.removeSync (ext:deno_fs/30_fs.js:247:3)
    at Object.unlinkSync (ext:deno_node/_fs/_fs_unlink.ts:11:8)
    at file:///home/bombe/UniSaarland/WebSec-Seminar/deno-SecBench.js/command-injection/git-tags-remote_1.0.2/git-tags-remote.test.js:13:10
    at innerWrapped (ext:cli/40_test.js:180:11)
    at exitSanitizer (ext:cli/40_test.js:96:33)
    at outerWrapped (ext:cli/40_test.js:123:20) {
  name: [32m"NotCapable"[39m
}
[0m[38;5;245m----- post-test output end -----[0m
Command Injection in git-tags-remote ... [0m[31mFAILED[0m [0m[38;5;245m(17ms)[0m
Uncaught error from ./git-tags-remote_1.0.2/git-tags-remote.test.js [0m[31mFAILED[0m
[0m[38;5;245mrunning 1 test from ./git_0.1.5/git.test.js[0m
Remote code execution in git ...
[0m[38;5;245m------- post-test output -------[0m
NotCapable: Requires write access to "./git", run again with the --allow-write flag
    at Object.removeSync (ext:deno_fs/30_fs.js:247:3)
    at Object.unlinkSync (ext:deno_node/_fs/_fs_unlink.ts:11:8)
    at file:///home/bombe/UniSaarland/WebSec-Seminar/deno-SecBench.js/command-injection/git_0.1.5/git.test.js:15:10
    at innerWrapped (ext:cli/40_test.js:180:11)
    at exitSanitizer (ext:cli/40_test.js:96:33)
    at outerWrapped (ext:cli/40_test.js:123:20) {
  name: [32m"NotCapable"[39m
}
[0m[38;5;245m----- post-test output end -----[0m
Remote code execution in git ... [0m[31mFAILED[0m [0m[38;5;245m(38ms)[0m
Uncaught error from ./git_0.1.5/git.test.js [0m[31mFAILED[0m
[0m[38;5;245mrunning 1 test from ./gitblame_0.1.1/gitblame.test.js[0m
Command Injection in gitblame ...
[0m[38;5;245m------- post-test output -------[0m
NotCapable: Requires write access to "./gitblame", run again with the --allow-write flag
    at Object.removeSync (ext:deno_fs/30_fs.js:247:3)
    at Object.unlinkSync (ext:deno_node/_fs/_fs_unlink.ts:11:8)
    at file:///home/bombe/UniSaarland/WebSec-Seminar/deno-SecBench.js/command-injection/gitblame_0.1.1/gitblame.test.js:13:10
    at innerWrapped (ext:cli/40_test.js:180:11)
    at exitSanitizer (ext:cli/40_test.js:96:33)
    at outerWrapped (ext:cli/40_test.js:123:20) {
  name: [32m"NotCapable"[39m
}
[0m[38;5;245m----- post-test output end -----[0m
Command Injection in gitblame ... [0m[31mFAILED[0m [0m[38;5;245m(6ms)[0m
Uncaught error from ./gitblame_0.1.1/gitblame.test.js [0m[31mFAILED[0m
[0m[38;5;245mrunning 1 test from ./giting_0.0.7/giting.test.js[0m
Command Injection in giting ... [0m[31mFAILED[0m [0m[38;5;245m(28ms)[0m
Uncaught error from ./giting_0.0.7/giting.test.js [0m[31mFAILED[0m
[0m[38;5;245mrunning 1 test from ./gity_1.0.5/gity.test.js[0m
Remote code execution in gity ... [0m[31mFAILED[0m [0m[38;5;245m(1ms)[0m
Uncaught error from ./gity_1.0.5/gity.test.js [0m[31mFAILED[0m
Uncaught error from ./gm_1.20.0/gm.test.js [0m[31mFAILED[0m
[0m[38;5;245mrunning 1 test from ./google-cloudstorage-commands_0.0.1/google-cloudstorage-commands.test.js[0m
Command Injection in google-cloudstorage-commands ...
[0m[38;5;245m------- post-test output -------[0m
NotCapable: Requires write access to "./google-cloudstorage-commands", run again with the --allow-write flag
    at Object.removeSync (ext:deno_fs/30_fs.js:247:3)
    at Object.unlinkSync (ext:deno_node/_fs/_fs_unlink.ts:11:8)
    at file:///home/bombe/UniSaarland/WebSec-Seminar/deno-SecBench.js/command-injection/google-cloudstorage-commands_0.0.1/google-cloudstorage-commands.test.js:13:10
    at innerWrapped (ext:cli/40_test.js:180:11)
    at exitSanitizer (ext:cli/40_test.js:96:33)
    at outerWrapped (ext:cli/40_test.js:123:20) {
  name: [32m"NotCapable"[39m
}
[0m[38;5;245m----- post-test output end -----[0m
Command Injection in google-cloudstorage-commands ... [0m[31mFAILED[0m [0m[38;5;245m(20ms)[0m
Uncaught error from ./google-cloudstorage-commands_0.0.1/google-cloudstorage-commands.test.js [0m[31mFAILED[0m
[0m[38;5;245mrunning 1 test from ./growl_1.9.0/growl.test.js[0m
Command Injection in growl ...
[0m[38;5;245m------- post-test output -------[0m
NotCapable: Requires write access to "./growl", run again with the --allow-write flag
    at Object.removeSync (ext:deno_fs/30_fs.js:247:3)
    at Object.unlinkSync (ext:deno_node/_fs/_fs_unlink.ts:11:8)
    at file:///home/bombe/UniSaarland/WebSec-Seminar/deno-SecBench.js/command-injection/growl_1.9.0/growl.test.js:13:10
    at innerWrapped (ext:cli/40_test.js:180:11)
    at exitSanitizer (ext:cli/40_test.js:96:33)
    at outerWrapped (ext:cli/40_test.js:123:20) {
  name: [32m"NotCapable"[39m
}
[0m[38;5;245m----- post-test output end -----[0m
Command Injection in growl ... [0m[31mFAILED[0m [0m[38;5;245m(13ms)[0m
Uncaught error from ./growl_1.9.0/growl.test.js [0m[31mFAILED[0m
[0m[38;5;245mrunning 1 test from ./gry_5.0.8/gry.test.js[0m
Command Injection in gry ... [0m[31mFAILED[0m [0m[38;5;245m(21ms)[0m
Uncaught error from ./gry_5.0.8/gry.test.js [0m[31mFAILED[0m
[0m[38;5;245mrunning 1 test from ./heroku-env_0.2.0/heroku-env.test.js[0m
Command Injection in heroku-env ...
[0m[38;5;245m------- post-test output -------[0m
NotCapable: Requires write access to "./heroku-env", run again with the --allow-write flag
    at Object.removeSync (ext:deno_fs/30_fs.js:247:3)
    at Object.unlinkSync (ext:deno_node/_fs/_fs_unlink.ts:11:8)
    at file:///home/bombe/UniSaarland/WebSec-Seminar/deno-SecBench.js/command-injection/heroku-env_0.2.0/heroku-env.test.js:13:10
    at innerWrapped (ext:cli/40_test.js:180:11)
    at exitSanitizer (ext:cli/40_test.js:96:33)
    at outerWrapped (ext:cli/40_test.js:123:20) {
  name: [32m"NotCapable"[39m
}
[0m[38;5;245m----- post-test output end -----[0m
Command Injection in heroku-env ... [0m[31mFAILED[0m [0m[38;5;245m(14ms)[0m
Uncaught error from ./heroku-env_0.2.0/heroku-env.test.js [0m[31mFAILED[0m
[0m[38;5;245mrunning 1 test from ./hot-formula-parser_3.0.0/hot-formula-parser.test.js[0m
Command Injection in hot-formula-parser ...
[0m[38;5;245m------- post-test output -------[0m
NotCapable: Requires write access to "./hot-formula-parser", run again with the --allow-write flag
    at Object.removeSync (ext:deno_fs/30_fs.js:247:3)
    at Object.unlinkSync (ext:deno_node/_fs/_fs_unlink.ts:11:8)
    at file:///home/bombe/UniSaarland/WebSec-Seminar/deno-SecBench.js/command-injection/hot-formula-parser_3.0.0/hot-formula-parser.test.js:13:10
    at innerWrapped (ext:cli/40_test.js:180:11)
    at exitSanitizer (ext:cli/40_test.js:96:33)
    at outerWrapped (ext:cli/40_test.js:123:20) {
  name: [32m"NotCapable"[39m
}
[0m[38;5;245m----- post-test output end -----[0m
Command Injection in hot-formula-parser ... [0m[31mFAILED[0m [0m[38;5;245m(39ms)[0m
Uncaught error from ./hot-formula-parser_3.0.0/hot-formula-parser.test.js [0m[31mFAILED[0m
[0m[38;5;245mrunning 1 test from ./im-metadata_3.0.1/im-metadata.test.js[0m
Command Injection in im-metadata ...
[0m[38;5;245m------- post-test output -------[0m
NotCapable: Requires write access to "./im-metadata", run again with the --allow-write flag
    at Object.removeSync (ext:deno_fs/30_fs.js:247:3)
    at Object.unlinkSync (ext:deno_node/_fs/_fs_unlink.ts:11:8)
    at file:///home/bombe/UniSaarland/WebSec-Seminar/deno-SecBench.js/command-injection/im-metadata_3.0.1/im-metadata.test.js:13:10
    at innerWrapped (ext:cli/40_test.js:180:11)
    at exitSanitizer (ext:cli/40_test.js:96:33)
    at outerWrapped (ext:cli/40_test.js:123:20) {
  name: [32m"NotCapable"[39m
}
[0m[38;5;245m----- post-test output end -----[0m
Command Injection in im-metadata ... [0m[31mFAILED[0m [0m[38;5;245m(19ms)[0m
Uncaught error from ./im-metadata_3.0.1/im-metadata.test.js [0m[31mFAILED[0m
[0m[38;5;245mrunning 1 test from ./im-resize_2.3.2/im-resize.test.js[0m
Command Injection in im-resize ...
[0m[38;5;245m------- post-test output -------[0m
NotCapable: Requires write access to "./im-resize", run again with the --allow-write flag
    at Object.removeSync (ext:deno_fs/30_fs.js:247:3)
    at Object.unlinkSync (ext:deno_node/_fs/_fs_unlink.ts:11:8)
    at file:///home/bombe/UniSaarland/WebSec-Seminar/deno-SecBench.js/command-injection/im-resize_2.3.2/im-resize.test.js:13:10
    at innerWrapped (ext:cli/40_test.js:180:11)
    at exitSanitizer (ext:cli/40_test.js:96:33)
    at outerWrapped (ext:cli/40_test.js:123:20) {
  name: [32m"NotCapable"[39m
}
[0m[38;5;245m----- post-test output end -----[0m
Command Injection in im-resize ... [0m[31mFAILED[0m [0m[38;5;245m(16ms)[0m
Uncaught error from ./im-resize_2.3.2/im-resize.test.js [0m[31mFAILED[0m
[0m[38;5;245mrunning 1 test from ./imagickal_5.0.1/imagickal.test.js[0m
Remote code execution in imagickal ...
[0m[38;5;245m------- post-test output -------[0m
NotCapable: Requires write access to "./imagickal", run again with the --allow-write flag
    at Object.removeSync (ext:deno_fs/30_fs.js:247:3)
    at Object.unlinkSync (ext:deno_node/_fs/_fs_unlink.ts:11:8)
    at file:///home/bombe/UniSaarland/WebSec-Seminar/deno-SecBench.js/command-injection/imagickal_5.0.1/imagickal.test.js:13:10
    at innerWrapped (ext:cli/40_test.js:180:11)
    at exitSanitizer (ext:cli/40_test.js:96:33)
    at outerWrapped (ext:cli/40_test.js:123:20) {
  name: [32m"NotCapable"[39m
}
[0m[38;5;245m----- post-test output end -----[0m
Remote code execution in imagickal ... [0m[31mFAILED[0m [0m[38;5;245m(33ms)[0m
Uncaught error from ./imagickal_5.0.1/imagickal.test.js [0m[31mFAILED[0m
[0m[38;5;245mrunning 1 test from ./jison_0.4.17/jison.test.js[0m
Command Injection in jison ... [0m[31mFAILED[0m [0m[38;5;245m(0ms)[0m
Uncaught error from ./jison_0.4.17/jison.test.js [0m[31mFAILED[0m
[0m[38;5;245mrunning 1 test from ./kill-by-port_0.0.1/kill-by-port.test.js[0m
Command Injection in kill-by-port ...
[0m[38;5;245m------- post-test output -------[0m
NotCapable: Requires write access to "./kill-by-port", run again with the --allow-write flag
    at Object.removeSync (ext:deno_fs/30_fs.js:247:3)
    at Object.unlinkSync (ext:deno_node/_fs/_fs_unlink.ts:11:8)
    at file:///home/bombe/UniSaarland/WebSec-Seminar/deno-SecBench.js/command-injection/kill-by-port_0.0.1/kill-by-port.test.js:13:10
    at innerWrapped (ext:cli/40_test.js:180:11)
    at exitSanitizer (ext:cli/40_test.js:96:33)
    at outerWrapped (ext:cli/40_test.js:123:20) {
  name: [32m"NotCapable"[39m
}
[0m[38;5;245m----- post-test output end -----[0m
Command Injection in kill-by-port ... [0m[31mFAILED[0m [0m[38;5;245m(11ms)[0m
Uncaught error from ./kill-by-port_0.0.1/kill-by-port.test.js [0m[31mFAILED[0m
[0m[38;5;245mrunning 1 test from ./kill-port-process_0.0.1/kill-port-process.test.js[0m
Command Injection in kill-port-process ...
[0m[38;5;245m------- post-test output -------[0m
NotCapable: Requires write access to "./kill-port-process", run again with the --allow-write flag
    at Object.removeSync (ext:deno_fs/30_fs.js:247:3)
    at Object.unlinkSync (ext:deno_node/_fs/_fs_unlink.ts:11:8)
    at file:///home/bombe/UniSaarland/WebSec-Seminar/deno-SecBench.js/command-injection/kill-port-process_0.0.1/kill-port-process.test.js:14:10
    at innerWrapped (ext:cli/40_test.js:180:11)
    at exitSanitizer (ext:cli/40_test.js:96:33)
    at outerWrapped (ext:cli/40_test.js:123:20) {
  name: [32m"NotCapable"[39m
}
[0m[38;5;245m----- post-test output end -----[0m
Command Injection in kill-port-process ... [0m[31mFAILED[0m [0m[38;5;245m(30ms)[0m
Uncaught error from ./kill-port-process_0.0.1/kill-port-process.test.js [0m[31mFAILED[0m
[0m[38;5;245mrunning 1 test from ./kill-process-by-name_1.0.5/kill-process-by-name.test.js[0m
Command Injection in kill-process-by-name ...
[0m[38;5;245m------- post-test output -------[0m
NotCapable: Requires write access to "./kill-process-by-name", run again with the --allow-write flag
    at Object.removeSync (ext:deno_fs/30_fs.js:247:3)
    at Object.unlinkSync (ext:deno_node/_fs/_fs_unlink.ts:11:8)
    at file:///home/bombe/UniSaarland/WebSec-Seminar/deno-SecBench.js/command-injection/kill-process-by-name_1.0.5/kill-process-by-name.test.js:13:10
    at innerWrapped (ext:cli/40_test.js:180:11)
    at exitSanitizer (ext:cli/40_test.js:96:33)
    at outerWrapped (ext:cli/40_test.js:123:20) {
  name: [32m"NotCapable"[39m
}
[0m[38;5;245m----- post-test output end -----[0m
Command Injection in kill-process-by-name ... [0m[31mFAILED[0m [0m[38;5;245m(5ms)[0m
Uncaught error from ./kill-process-by-name_1.0.5/kill-process-by-name.test.js [0m[31mFAILED[0m
[0m[38;5;245mrunning 1 test from ./killing_1.0.6/killing.test.js[0m
Command Injection in killing ...
[0m[38;5;245m------- post-test output -------[0m
NotCapable: Requires write access to "./killing", run again with the --allow-write flag
    at Object.removeSync (ext:deno_fs/30_fs.js:247:3)
    at Object.unlinkSync (ext:deno_node/_fs/_fs_unlink.ts:11:8)
    at file:///home/bombe/UniSaarland/WebSec-Seminar/deno-SecBench.js/command-injection/killing_1.0.6/killing.test.js:12:10
    at innerWrapped (ext:cli/40_test.js:180:11)
    at exitSanitizer (ext:cli/40_test.js:96:33)
    at outerWrapped (ext:cli/40_test.js:123:20) {
  name: [32m"NotCapable"[39m
}
[0m[38;5;245m----- post-test output end -----[0m
Command Injection in killing ... [0m[31mFAILED[0m [0m[38;5;245m(16ms)[0m
[0m[38;5;245mrunning 1 test from ./killport_1.0.1/killport.test.js[0m
Command Injection in killport ...
[0m[38;5;245m------- post-test output -------[0m
NotCapable: Requires write access to "./killport", run again with the --allow-write flag
    at Object.removeSync (ext:deno_fs/30_fs.js:247:3)
    at Object.unlinkSync (ext:deno_node/_fs/_fs_unlink.ts:11:8)
    at file:///home/bombe/UniSaarland/WebSec-Seminar/deno-SecBench.js/command-injection/killport_1.0.1/killport.test.js:13:10
    at innerWrapped (ext:cli/40_test.js:180:11)
    at exitSanitizer (ext:cli/40_test.js:96:33)
    at outerWrapped (ext:cli/40_test.js:123:20) {
  name: [32m"NotCapable"[39m
}
[0m[38;5;245m----- post-test output end -----[0m
Command Injection in killport ... [0m[31mFAILED[0m [0m[38;5;245m(20ms)[0m
Uncaught error from ./killport_1.0.1/killport.test.js [0m[31mFAILED[0m
[0m[38;5;245mrunning 1 test from ./libnmap_0.4.11/libnmap.test.js[0m
Command Injection in libnmap ... [0m[31mFAILED[0m [0m[38;5;245m(68ms)[0m
[0m[38;5;245m------- post-test output -------[0m
Trace: Error: Error: AssertionCounter was not cleaned up: If tests are not otherwise failing, ensure `expect.hasAssertion` and `expect.assertions` are only run in bdd tests
    at Process.<anonymous> (file:///home/bombe/UniSaarland/WebSec-Seminar/deno-SecBench.js/command-injection/libnmap_0.4.11/node_modules/libnmap/lib/libnmap.js:116:17)
    at Process.emit (ext:deno_node/_events.mjs:436:20)
    at Process.emit (node:process:342:40)
    at uncaughtExceptionHandler (node:process:268:11)
    at processOnError (node:process:627:3)
    at innerInvokeEventListeners (ext:deno_web/02_event.js:780:7)
    at invokeEventListeners (ext:deno_web/02_event.js:823:5)
    at dispatch (ext:deno_web/02_event.js:677:9)
    at dispatchEvent (ext:deno_web/02_event.js:1067:12)
    at reportException (ext:deno_web/02_event.js:1521:54)
    at Process.<anonymous> (file:///home/bombe/UniSaarland/WebSec-Seminar/deno-SecBench.js/command-injection/libnmap_0.4.11/node_modules/libnmap/lib/libnmap.js:116:11)
    at Process.emit (ext:deno_node/_events.mjs:436:20)
    at Process.emit (node:process:342:40)
    at uncaughtExceptionHandler (node:process:268:11)
    at processOnError (node:process:627:3)
    at innerInvokeEventListeners (ext:deno_web/02_event.js:780:7)
    at invokeEventListeners (ext:deno_web/02_event.js:823:5)
    at dispatch (ext:deno_web/02_event.js:677:9)
    at dispatchEvent (ext:deno_web/02_event.js:1067:12)
    at reportException (ext:deno_web/02_event.js:1521:54)
[0m[38;5;245m----- post-test output end -----[0m
[0m[38;5;245mrunning 1 test from ./local-devices_2.0.0/local-devices.test.js[0m
Command Injection in local-devices ... [0m[31mFAILED[0m [0m[38;5;245m(19ms)[0m
Uncaught error from ./local-devices_2.0.0/local-devices.test.js [0m[31mFAILED[0m
Uncaught error from ./lsof_0.1.0/lsof.test.js [0m[31mFAILED[0m
[0m[38;5;245mrunning 1 test from ./lycwed-spritesheetjs_1.2.5/lycwed-spritesheetjs.test.js[0m
Command Injection in lycwed-spritesheetjs ... [0m[31mFAILED[0m [0m[38;5;245m(72ms)[0m
Uncaught error from ./lycwed-spritesheetjs_1.2.5/lycwed-spritesheetjs.test.js [0m[31mFAILED[0m
[0m[38;5;245mrunning 1 test from ./macaddress_0.2.8/macaddress.test.js[0m
Command Injection in macaddress ...
[0m[38;5;245m------- post-test output -------[0m
NotCapable: Requires write access to "./macaddress", run again with the --allow-write flag
    at Object.removeSync (ext:deno_fs/30_fs.js:247:3)
    at Object.unlinkSync (ext:deno_node/_fs/_fs_unlink.ts:11:8)
    at file:///home/bombe/UniSaarland/WebSec-Seminar/deno-SecBench.js/command-injection/macaddress_0.2.8/macaddress.test.js:12:10
    at innerWrapped (ext:cli/40_test.js:180:11)
    at exitSanitizer (ext:cli/40_test.js:96:33)
    at outerWrapped (ext:cli/40_test.js:123:20) {
  name: [32m"NotCapable"[39m
}
[0m[38;5;245m----- post-test output end -----[0m
Command Injection in macaddress ... [0m[31mFAILED[0m [0m[38;5;245m(3ms)[0m
Uncaught error from ./macaddress_0.2.8/macaddress.test.js [0m[31mFAILED[0m
[0m[38;5;245mrunning 1 test from ./macfromip_1.1.1/macfromip.test.js[0m
Command Injection in macfromip ...
[0m[38;5;245m------- post-test output -------[0m
NotCapable: Requires write access to "./macfromip", run again with the --allow-write flag
    at Object.removeSync (ext:deno_fs/30_fs.js:247:3)
    at Object.unlinkSync (ext:deno_node/_fs/_fs_unlink.ts:11:8)
    at file:///home/bombe/UniSaarland/WebSec-Seminar/deno-SecBench.js/command-injection/macfromip_1.1.1/macfromip.test.js:13:10
    at innerWrapped (ext:cli/40_test.js:180:11)
    at exitSanitizer (ext:cli/40_test.js:96:33)
    at outerWrapped (ext:cli/40_test.js:123:20) {
  name: [32m"NotCapable"[39m
}
[0m[38;5;245m----- post-test output end -----[0m
Command Injection in macfromip ... [0m[31mFAILED[0m [0m[38;5;245m(18ms)[0m
Uncaught error from ./macfromip_1.1.1/macfromip.test.js [0m[31mFAILED[0m
Uncaught error from ./monorepo-build_0.1.9/monorepo-build.test.js [0m[31mFAILED[0m
[0m[38;5;245mrunning 0 tests from ./monorepo-build_0.1.9/monorepo-build.test.js[0m
[0m[38;5;245mrunning 1 test from ./node-df_0.1.4/node-df.test.js[0m
Command Injection in node-df ...
[0m[38;5;245m------- post-test output -------[0m
NotCapable: Requires write access to "./node-df", run again with the --allow-write flag
    at Object.removeSync (ext:deno_fs/30_fs.js:247:3)
    at Object.unlinkSync (ext:deno_node/_fs/_fs_unlink.ts:11:8)
    at file:///home/bombe/UniSaarland/WebSec-Seminar/deno-SecBench.js/command-injection/node-df_0.1.4/node-df.test.js:13:10
    at innerWrapped (ext:cli/40_test.js:180:11)
    at exitSanitizer (ext:cli/40_test.js:96:33)
    at outerWrapped (ext:cli/40_test.js:123:20) {
  name: [32m"NotCapable"[39m
}
[0m[38;5;245m----- post-test output end -----[0m
Command Injection in node-df ... [0m[31mFAILED[0m [0m[38;5;245m(25ms)[0m
Uncaught error from ./node-df_0.1.4/node-df.test.js [0m[31mFAILED[0m
[0m[38;5;245mrunning 1 test from ./node-key-sender_1.0.11/node-key-sender.test.js[0m
Command Injection in node-key-sender ...
[0m[38;5;245m------- post-test output -------[0m
NotCapable: Requires write access to "./node-key-sender", run again with the --allow-write flag
    at Object.removeSync (ext:deno_fs/30_fs.js:247:3)
    at Object.unlinkSync (ext:deno_node/_fs/_fs_unlink.ts:11:8)
    at file:///home/bombe/UniSaarland/WebSec-Seminar/deno-SecBench.js/command-injection/node-key-sender_1.0.11/node-key-sender.test.js:13:10
    at innerWrapped (ext:cli/40_test.js:180:11)
    at exitSanitizer (ext:cli/40_test.js:96:33)
    at outerWrapped (ext:cli/40_test.js:123:20) {
  name: [32m"NotCapable"[39m
}
[0m[38;5;245m----- post-test output end -----[0m
Command Injection in node-key-sender ... [0m[31mFAILED[0m [0m[38;5;245m(14ms)[0m
Uncaught error from ./node-key-sender_1.0.11/node-key-sender.test.js [0m[31mFAILED[0m
[0m[38;5;245mrunning 1 test from ./node-latex-pdf_0.0.2/node-latex-pdf.test.js[0m
Command Injection in node-latex-pdf ...
[0m[38;5;245m------- post-test output -------[0m
NotCapable: Requires write access to "./node-latex-pdf", run again with the --allow-write flag
    at Object.removeSync (ext:deno_fs/30_fs.js:247:3)
    at Object.unlinkSync (ext:deno_node/_fs/_fs_unlink.ts:11:8)
    at file:///home/bombe/UniSaarland/WebSec-Seminar/deno-SecBench.js/command-injection/node-latex-pdf_0.0.2/node-latex-pdf.test.js:13:10
    at innerWrapped (ext:cli/40_test.js:180:11)
    at exitSanitizer (ext:cli/40_test.js:96:33)
    at outerWrapped (ext:cli/40_test.js:123:20) {
  name: [32m"NotCapable"[39m
}
[0m[38;5;245m----- post-test output end -----[0m
Command Injection in node-latex-pdf ... [0m[31mFAILED[0m [0m[38;5;245m(15ms)[0m
Uncaught error from ./node-latex-pdf_0.0.2/node-latex-pdf.test.js [0m[31mFAILED[0m
Uncaught error from ./node-mpv_0.12.2/node-mpv.test.js [0m[31mFAILED[0m
[0m[38;5;245mrunning 0 tests from ./node-mpv_0.12.2/node-mpv.test.js[0m
[0m[38;5;245mrunning 1 test from ./node-ps_0.0.2/node-ps.test.js[0m
Command Injection in node-ps ...
[0m[38;5;245m------- post-test output -------[0m
NotCapable: Requires write access to "./node-ps", run again with the --allow-write flag
    at Object.removeSync (ext:deno_fs/30_fs.js:247:3)
    at Object.unlinkSync (ext:deno_node/_fs/_fs_unlink.ts:11:8)
    at file:///home/bombe/UniSaarland/WebSec-Seminar/deno-SecBench.js/command-injection/node-ps_0.0.2/node-ps.test.js:13:10
    at innerWrapped (ext:cli/40_test.js:180:11)
    at exitSanitizer (ext:cli/40_test.js:96:33)
    at outerWrapped (ext:cli/40_test.js:123:20) {
  name: [32m"NotCapable"[39m
}
[0m[38;5;245m----- post-test output end -----[0m
Command Injection in node-ps ... [0m[31mFAILED[0m [0m[38;5;245m(18ms)[0m
Uncaught error from ./node-ps_0.0.2/node-ps.test.js [0m[31mFAILED[0m
[0m[38;5;245mrunning 1 test from ./node-unrar_0.1.0/node-unrar.test.js[0m
Remote code execution in node-unrar ...
[0m[38;5;245m------- post-test output -------[0m
NotCapable: Requires write access to "./node-unrar", run again with the --allow-write flag
    at Object.removeSync (ext:deno_fs/30_fs.js:247:3)
    at Object.unlinkSync (ext:deno_node/_fs/_fs_unlink.ts:11:8)
    at file:///home/bombe/UniSaarland/WebSec-Seminar/deno-SecBench.js/command-injection/node-unrar_0.1.0/node-unrar.test.js:13:10
    at innerWrapped (ext:cli/40_test.js:180:11)
    at exitSanitizer (ext:cli/40_test.js:96:33)
    at outerWrapped (ext:cli/40_test.js:123:20) {
  name: [32m"NotCapable"[39m
}
[0m[38;5;245m----- post-test output end -----[0m
Remote code execution in node-unrar ... [0m[31mFAILED[0m [0m[38;5;245m(5ms)[0m
Uncaught error from ./node-unrar_0.1.0/node-unrar.test.js [0m[31mFAILED[0m
[0m[38;5;245mrunning 1 test from ./npm-git-publish_0.2.4-beta/npm-git-publish.test.js[0m
Command Injection in npm-git-publish ... [0m[31mFAILED[0m [0m[38;5;245m(55ms)[0m
Uncaught error from ./npm-git-publish_0.2.4-beta/npm-git-publish.test.js [0m[31mFAILED[0m
[0m[38;5;245mrunning 1 test from ./npm-help_1.0.0/npm-help.test.js[0m
Command Injection in npm-help ...
[0m[38;5;245m------- post-test output -------[0m
NotCapable: Requires write access to "./npm-help", run again with the --allow-write flag
    at Object.removeSync (ext:deno_fs/30_fs.js:247:3)
    at Object.unlinkSync (ext:deno_node/_fs/_fs_unlink.ts:11:8)
    at file:///home/bombe/UniSaarland/WebSec-Seminar/deno-SecBench.js/command-injection/npm-help_1.0.0/npm-help.test.js:13:10
    at innerWrapped (ext:cli/40_test.js:180:11)
    at exitSanitizer (ext:cli/40_test.js:96:33)
    at outerWrapped (ext:cli/40_test.js:123:20) {
  name: [32m"NotCapable"[39m
}
[0m[38;5;245m----- post-test output end -----[0m
Command Injection in npm-help ... [0m[31mFAILED[0m [0m[38;5;245m(15ms)[0m
Uncaught error from ./npm-help_1.0.0/npm-help.test.js [0m[31mFAILED[0m
[0m[38;5;245mrunning 1 test from ./onion-oled-js_0.0.2/onion-old-js.test.js[0m
Command Injection in onion-oled-js ...
[0m[38;5;245m------- post-test output -------[0m
NotCapable: Requires write access to "./onion-oled-js", run again with the --allow-write flag
    at Object.removeSync (ext:deno_fs/30_fs.js:247:3)
    at Object.unlinkSync (ext:deno_node/_fs/_fs_unlink.ts:11:8)
    at file:///home/bombe/UniSaarland/WebSec-Seminar/deno-SecBench.js/command-injection/onion-oled-js_0.0.2/onion-old-js.test.js:13:10
    at innerWrapped (ext:cli/40_test.js:180:11)
    at exitSanitizer (ext:cli/40_test.js:96:33)
    at outerWrapped (ext:cli/40_test.js:123:20) {
  name: [32m"NotCapable"[39m
}
[0m[38;5;245m----- post-test output end -----[0m
Command Injection in onion-oled-js ... [0m[31mFAILED[0m [0m[38;5;245m(20ms)[0m
Uncaught error from ./onion-oled-js_0.0.2/onion-old-js.test.js [0m[31mFAILED[0m
[0m[38;5;245mrunning 1 test from ./open_0.0.5/open.test.js[0m
Command Injection in open ...
[0m[38;5;245m------- post-test output -------[0m
NotCapable: Requires write access to "./open", run again with the --allow-write flag
    at Object.removeSync (ext:deno_fs/30_fs.js:247:3)
    at Object.unlinkSync (ext:deno_node/_fs/_fs_unlink.ts:11:8)
    at file:///home/bombe/UniSaarland/WebSec-Seminar/deno-SecBench.js/command-injection/open_0.0.5/open.test.js:12:10
    at innerWrapped (ext:cli/40_test.js:180:11)
    at exitSanitizer (ext:cli/40_test.js:96:33)
    at outerWrapped (ext:cli/40_test.js:123:20) {
  name: [32m"NotCapable"[39m
}
[0m[38;5;245m----- post-test output end -----[0m
Command Injection in open ... [0m[31mFAILED[0m [0m[38;5;245m(3ms)[0m
Uncaught error from ./open_0.0.5/open.test.js [0m[31mFAILED[0m
[0m[38;5;245mrunning 1 test from ./pdf-image_1.0.5/pdf-image.test.js[0m
Command Injection in pdf-image ...
[0m[38;5;245m------- post-test output -------[0m
NotCapable: Requires write access to "./pdf-image", run again with the --allow-write flag
    at Object.removeSync (ext:deno_fs/30_fs.js:247:3)
    at Object.unlinkSync (ext:deno_node/_fs/_fs_unlink.ts:11:8)
    at file:///home/bombe/UniSaarland/WebSec-Seminar/deno-SecBench.js/command-injection/pdf-image_1.0.5/pdf-image.test.js:13:10
    at innerWrapped (ext:cli/40_test.js:180:11)
    at exitSanitizer (ext:cli/40_test.js:96:33)
    at outerWrapped (ext:cli/40_test.js:123:20) {
  name: [32m"NotCapable"[39m
}
[0m[38;5;245m----- post-test output end -----[0m
Command Injection in pdf-image ... [0m[31mFAILED[0m [0m[38;5;245m(22ms)[0m
Uncaught error from ./pdf-image_1.0.5/pdf-image.test.js [0m[31mFAILED[0m
[0m[38;5;245mrunning 1 test from ./pdf-image_2.0.0/pdf-image.test.js[0m
Remote code execution in pdf-image ...
[0m[38;5;245m------- post-test output -------[0m
NotCapable: Requires write access to "./pdf-image_2", run again with the --allow-write flag
    at Object.removeSync (ext:deno_fs/30_fs.js:247:3)
    at Object.unlinkSync (ext:deno_node/_fs/_fs_unlink.ts:11:8)
    at file:///home/bombe/UniSaarland/WebSec-Seminar/deno-SecBench.js/command-injection/pdf-image_2.0.0/pdf-image.test.js:13:10
    at innerWrapped (ext:cli/40_test.js:180:11)
    at exitSanitizer (ext:cli/40_test.js:96:33)
    at outerWrapped (ext:cli/40_test.js:123:20) {
  name: [32m"NotCapable"[39m
}
[0m[38;5;245m----- post-test output end -----[0m
Remote code execution in pdf-image ... [0m[31mFAILED[0m [0m[38;5;245m(19ms)[0m
Uncaught error from ./pdf-image_2.0.0/pdf-image.test.js [0m[31mFAILED[0m
[0m[38;5;245mrunning 1 test from ./pdfinfojs_0.3.6/pdfinfojs.test.js[0m
Command Injection in pdfinfojs ... [0m[31mFAILED[0m [0m[38;5;245m(50ms)[0m
Uncaught error from ./pdfinfojs_0.3.6/pdfinfojs.test.js [0m[31mFAILED[0m
[0m[38;5;245mrunning 1 test from ./pidusage_1.0.0/pidusage.test.js[0m
Command Injection in pidusage ... [0m[32mok[0m [0m[38;5;245m(18ms)[0m
Uncaught error from ./pidusage_1.0.0/pidusage.test.js [0m[31mFAILED[0m
[0m[38;5;245mrunning 1 test from ./port-killer_1.0.1/port-killer.test.js[0m
Command Injection in port-killer ...
[0m[38;5;245m------- post-test output -------[0m
NotCapable: Requires write access to "./port-killer", run again with the --allow-write flag
    at Object.removeSync (ext:deno_fs/30_fs.js:247:3)
    at Object.unlinkSync (ext:deno_node/_fs/_fs_unlink.ts:11:8)
    at file:///home/bombe/UniSaarland/WebSec-Seminar/deno-SecBench.js/command-injection/port-killer_1.0.1/port-killer.test.js:13:10
    at innerWrapped (ext:cli/40_test.js:180:11)
    at exitSanitizer (ext:cli/40_test.js:96:33)
    at outerWrapped (ext:cli/40_test.js:123:20) {
  name: [32m"NotCapable"[39m
}
[0m[38;5;245m----- post-test output end -----[0m
Command Injection in port-killer ... [0m[31mFAILED[0m [0m[38;5;245m(5ms)[0m
Uncaught error from ./port-killer_1.0.1/port-killer.test.js [0m[31mFAILED[0m
[0m[38;5;245mrunning 1 test from ./portkiller_1.0.2/portkiller.test.js[0m
Command Injection in portkiller ...
[0m[38;5;245m------- post-test output -------[0m
port number is missing.
NotCapable: Requires write access to "./portkiller", run again with the --allow-write flag
    at Object.removeSync (ext:deno_fs/30_fs.js:247:3)
    at Object.unlinkSync (ext:deno_node/_fs/_fs_unlink.ts:11:8)
    at file:///home/bombe/UniSaarland/WebSec-Seminar/deno-SecBench.js/command-injection/portkiller_1.0.2/portkiller.test.js:13:10
    at innerWrapped (ext:cli/40_test.js:180:11)
    at exitSanitizer (ext:cli/40_test.js:96:33)
    at outerWrapped (ext:cli/40_test.js:123:20) {
  name: [32m"NotCapable"[39m
}
[0m[38;5;245m----- post-test output end -----[0m
Command Injection in portkiller ... [0m[31mFAILED[0m [0m[38;5;245m(12ms)[0m
Uncaught error from ./portkiller_1.0.2/portkiller.test.js [0m[31mFAILED[0m
[0m[38;5;245mrunning 1 test from ./portprocesses_1.0.4/portprocesses.test.js[0m
Command Injection in portprocesses ...
[0m[38;5;245m------- post-test output -------[0m
NotCapable: Requires write access to "./portprocesses", run again with the --allow-write flag
    at Object.removeSync (ext:deno_fs/30_fs.js:247:3)
    at Object.unlinkSync (ext:deno_node/_fs/_fs_unlink.ts:11:8)
    at file:///home/bombe/UniSaarland/WebSec-Seminar/deno-SecBench.js/command-injection/portprocesses_1.0.4/portprocesses.test.js:13:10
    at innerWrapped (ext:cli/40_test.js:180:11)
    at exitSanitizer (ext:cli/40_test.js:96:33)
    at outerWrapped (ext:cli/40_test.js:123:20) {
  name: [32m"NotCapable"[39m
}
[0m[38;5;245m----- post-test output end -----[0m
Command Injection in portprocesses ... [0m[31mFAILED[0m [0m[38;5;245m(15ms)[0m
Uncaught error from ./portprocesses_1.0.4/portprocesses.test.js [0m[31mFAILED[0m
[0m[38;5;245mrunning 1 test from ./ps-kill_1.0.0/ps-kill.test.js[0m
Command Injection in ps-kill ...
[0m[38;5;245m------- post-test output -------[0m
NotCapable: Requires write access to "./ps-kill", run again with the --allow-write flag
    at Object.removeSync (ext:deno_fs/30_fs.js:247:3)
    at Object.unlinkSync (ext:deno_node/_fs/_fs_unlink.ts:11:8)
    at file:///home/bombe/UniSaarland/WebSec-Seminar/deno-SecBench.js/command-injection/ps-kill_1.0.0/ps-kill.test.js:14:10
    at innerWrapped (ext:cli/40_test.js:180:11)
    at exitSanitizer (ext:cli/40_test.js:96:33)
    at outerWrapped (ext:cli/40_test.js:123:20) {
  name: [32m"NotCapable"[39m
}
[0m[38;5;245m----- post-test output end -----[0m
Command Injection in ps-kill ... [0m[31mFAILED[0m [0m[38;5;245m(6ms)[0m
Uncaught error from ./ps-kill_1.0.0/ps-kill.test.js [0m[31mFAILED[0m
[0m[38;5;245mrunning 1 test from ./ps-visitor_0.0.2/ps-visitor.test.js[0m
Command Injection in ps-visitor ...
[0m[38;5;245m------- post-test output -------[0m
NotCapable: Requires write access to "./ps-visitor", run again with the --allow-write flag
    at Object.removeSync (ext:deno_fs/30_fs.js:247:3)
    at Object.unlinkSync (ext:deno_node/_fs/_fs_unlink.ts:11:8)
    at file:///home/bombe/UniSaarland/WebSec-Seminar/deno-SecBench.js/command-injection/ps-visitor_0.0.2/ps-visitor.test.js:13:10
    at innerWrapped (ext:cli/40_test.js:180:11)
    at exitSanitizer (ext:cli/40_test.js:96:33)
    at outerWrapped (ext:cli/40_test.js:123:20) {
  name: [32m"NotCapable"[39m
}
[0m[38;5;245m----- post-test output end -----[0m
Command Injection in ps-visitor ... [0m[31mFAILED[0m [0m[38;5;245m(16ms)[0m
Uncaught error from ./ps-visitor_0.0.2/ps-visitor.test.js [0m[31mFAILED[0m
[0m[38;5;245mrunning 1 test from ./ps_0.0.2/ps.test.js[0m
Command Injection in ps ...
[0m[38;5;245m------- post-test output -------[0m
NotCapable: Requires write access to "./ps", run again with the --allow-write flag
    at Object.removeSync (ext:deno_fs/30_fs.js:247:3)
    at Object.unlinkSync (ext:deno_node/_fs/_fs_unlink.ts:11:8)
    at file:///home/bombe/UniSaarland/WebSec-Seminar/deno-SecBench.js/command-injection/ps_0.0.2/ps.test.js:13:10
    at innerWrapped (ext:cli/40_test.js:180:11)
    at exitSanitizer (ext:cli/40_test.js:96:33)
    at outerWrapped (ext:cli/40_test.js:123:20) {
  name: [32m"NotCapable"[39m
}
[0m[38;5;245m----- post-test output end -----[0m
Command Injection in ps ... [0m[31mFAILED[0m [0m[38;5;245m(6ms)[0m
Uncaught error from ./ps_0.0.2/ps.test.js [0m[31mFAILED[0m
[0m[38;5;245mrunning 1 test from ./psnode_0.0.1/psnode.test.js[0m
Command Injection in psnode ...
[0m[38;5;245m------- post-test output -------[0m
NotCapable: Requires write access to "./psnode", run again with the --allow-write flag
    at Object.removeSync (ext:deno_fs/30_fs.js:247:3)
    at Object.unlinkSync (ext:deno_node/_fs/_fs_unlink.ts:11:8)
    at file:///home/bombe/UniSaarland/WebSec-Seminar/deno-SecBench.js/command-injection/psnode_0.0.1/psnode.test.js:13:10
    at innerWrapped (ext:cli/40_test.js:180:11)
    at exitSanitizer (ext:cli/40_test.js:96:33)
    at outerWrapped (ext:cli/40_test.js:123:20) {
  name: [32m"NotCapable"[39m
}
[0m[38;5;245m----- post-test output end -----[0m
Command Injection in psnode ... [0m[31mFAILED[0m [0m[38;5;245m(20ms)[0m
Uncaught error from ./psnode_0.0.1/psnode.test.js [0m[31mFAILED[0m
[0m[38;5;245mrunning 1 test from ./react-dev-utils_11.0.0/react-dev-utils.test.js[0m
Command Injection in react-dev-utils ...
[0m[38;5;245m------- post-test output -------[0m
NotCapable: Requires write access to "./react-dev-utils", run again with the --allow-write flag
    at Object.removeSync (ext:deno_fs/30_fs.js:247:3)
    at Object.unlinkSync (ext:deno_node/_fs/_fs_unlink.ts:11:8)
    at file:///home/bombe/UniSaarland/WebSec-Seminar/deno-SecBench.js/command-injection/react-dev-utils_11.0.0/react-dev-utils.test.js:13:10
    at innerWrapped (ext:cli/40_test.js:180:11)
    at exitSanitizer (ext:cli/40_test.js:96:33)
    at outerWrapped (ext:cli/40_test.js:123:20) {
  name: [32m"NotCapable"[39m
}
[0m[38;5;245m----- post-test output end -----[0m
Command Injection in react-dev-utils ... [0m[31mFAILED[0m [0m[38;5;245m(24ms)[0m
Uncaught error from ./react-dev-utils_11.0.0/react-dev-utils.test.js [0m[31mFAILED[0m
[0m[38;5;245mrunning 1 test from ./roar-pidusage_1.1.6/roar-pidusage.test.js[0m
Command Injection in roar-pidusage ... [0m[32mok[0m [0m[38;5;245m(17ms)[0m
Uncaught error from ./roar-pidusage_1.1.6/roar-pidusage.test.js [0m[31mFAILED[0m
[0m[38;5;245mrunning 1 test from ./samsung-remote_1.2.5/samsung-remote.test.js[0m
Command Injection in samsung-remote ...
[0m[38;5;245m------- post-test output -------[0m
NotCapable: Requires write access to "./samsung-remote", run again with the --allow-write flag
    at Object.removeSync (ext:deno_fs/30_fs.js:247:3)
    at Object.unlinkSync (ext:deno_node/_fs/_fs_unlink.ts:11:8)
    at file:///home/bombe/UniSaarland/WebSec-Seminar/deno-SecBench.js/command-injection/samsung-remote_1.2.5/samsung-remote.test.js:13:10
    at innerWrapped (ext:cli/40_test.js:180:11)
    at exitSanitizer (ext:cli/40_test.js:96:33)
    at outerWrapped (ext:cli/40_test.js:123:20) {
  name: [32m"NotCapable"[39m
}
[0m[38;5;245m----- post-test output end -----[0m
Command Injection in samsung-remote ... [0m[31mFAILED[0m [0m[38;5;245m(13ms)[0m
Uncaught error from ./samsung-remote_1.2.5/samsung-remote.test.js [0m[31mFAILED[0m
[0m[38;5;245mrunning 1 test from ./scp_0.0.3/scp.test.js[0m
Command Injection in scp ...
[0m[38;5;245m------- post-test output -------[0m
NotCapable: Requires write access to "./scp", run again with the --allow-write flag
    at Object.removeSync (ext:deno_fs/30_fs.js:247:3)
    at Object.unlinkSync (ext:deno_node/_fs/_fs_unlink.ts:11:8)
    at file:///home/bombe/UniSaarland/WebSec-Seminar/deno-SecBench.js/command-injection/scp_0.0.3/scp.test.js:13:10
    at innerWrapped (ext:cli/40_test.js:180:11)
    at exitSanitizer (ext:cli/40_test.js:96:33)
    at outerWrapped (ext:cli/40_test.js:123:20) {
  name: [32m"NotCapable"[39m
}
[0m[38;5;245m----- post-test output end -----[0m
Command Injection in scp ... [0m[31mFAILED[0m [0m[38;5;245m(5ms)[0m
Uncaught error from ./scp_0.0.3/scp.test.js [0m[31mFAILED[0m
[0m[38;5;245mrunning 1 test from ./strider-git_1.0.3/strider-git.test.js[0m
Command Injection in strider-git ...
[0m[38;5;245m------- post-test output -------[0m
NotCapable: Requires write access to "./strider-git", run again with the --allow-write flag
    at Object.removeSync (ext:deno_fs/30_fs.js:247:3)
    at Object.unlinkSync (ext:deno_node/_fs/_fs_unlink.ts:11:8)
    at file:///home/bombe/UniSaarland/WebSec-Seminar/deno-SecBench.js/command-injection/strider-git_1.0.3/strider-git.test.js:13:10
    at innerWrapped (ext:cli/40_test.js:180:11)
    at exitSanitizer (ext:cli/40_test.js:96:33)
    at outerWrapped (ext:cli/40_test.js:123:20) {
  name: [32m"NotCapable"[39m
}
[0m[38;5;245m----- post-test output end -----[0m
Command Injection in strider-git ... [0m[31mFAILED[0m [0m[38;5;245m(18ms)[0m
Uncaught error from ./strider-git_1.0.3/strider-git.test.js [0m[31mFAILED[0m
[0m[38;5;245mrunning 1 test from ./theme-core_0.2.5/theme-core.test.js[0m
Command Injection in theme-core ... [0m[31mFAILED[0m [0m[38;5;245m(23ms)[0m
Uncaught error from ./theme-core_0.2.5/theme-core.test.js [0m[31mFAILED[0m
Uncaught error from ./thi.ng-egf_0.3.0/egf.test.js [0m[31mFAILED[0m
[0m[38;5;245mrunning 0 tests from ./thi.ng-egf_0.3.0/egf.test.js[0m
[0m[38;5;245mrunning 1 test from ./total.js_3.4.6/total-js.test.js[0m
Command Injection in total.js ... [0m[31mFAILED[0m [0m[38;5;245m(51ms)[0m
Uncaught error from ./total.js_3.4.6/total-js.test.js [0m[31mFAILED[0m
[0m[38;5;245mrunning 1 test from ./ts-process-promises_1.0.2/ts-process-promises.test.js[0m
Command Injection in ts-process-promises ... [0m[31mFAILED[0m [0m[38;5;245m(25ms)[0m
Uncaught error from ./ts-process-promises_1.0.2/ts-process-promises.test.js [0m[31mFAILED[0m
[0m[38;5;245mrunning 1 test from ./umount_1.1.6/umount.test.js[0m
Command Injection in umount ...
[0m[38;5;245m------- post-test output -------[0m
NotCapable: Requires write access to "./umount", run again with the --allow-write flag
    at Object.removeSync (ext:deno_fs/30_fs.js:247:3)
    at Object.unlinkSync (ext:deno_node/_fs/_fs_unlink.ts:11:8)
    at file:///home/bombe/UniSaarland/WebSec-Seminar/deno-SecBench.js/command-injection/umount_1.1.6/umount.test.js:13:10
    at innerWrapped (ext:cli/40_test.js:180:11)
    at exitSanitizer (ext:cli/40_test.js:96:33)
    at outerWrapped (ext:cli/40_test.js:123:20) {
  name: [32m"NotCapable"[39m
}
[0m[38;5;245m----- post-test output end -----[0m
Command Injection in umount ... [0m[31mFAILED[0m [0m[38;5;245m(25ms)[0m
Uncaught error from ./umount_1.1.6/umount.test.js [0m[31mFAILED[0m
[0m[38;5;245mrunning 1 test from ./vboxmanage.js_1.0.6/vboxmanage-js.test.js[0m
Command Injection in vboxmanage.js ...
[0m[38;5;245m------- post-test output -------[0m
NotCapable: Requires write access to "./vboxmanag-js", run again with the --allow-write flag
    at Object.removeSync (ext:deno_fs/30_fs.js:247:3)
    at Object.unlinkSync (ext:deno_node/_fs/_fs_unlink.ts:11:8)
    at file:///home/bombe/UniSaarland/WebSec-Seminar/deno-SecBench.js/command-injection/vboxmanage.js_1.0.6/vboxmanage-js.test.js:13:10
    at innerWrapped (ext:cli/40_test.js:180:11)
    at exitSanitizer (ext:cli/40_test.js:96:33)
    at outerWrapped (ext:cli/40_test.js:123:20) {
  name: [32m"NotCapable"[39m
}
[0m[38;5;245m----- post-test output end -----[0m
Command Injection in vboxmanage.js ... [0m[31mFAILED[0m [0m[38;5;245m(19ms)[0m
Uncaught error from ./vboxmanage.js_1.0.6/vboxmanage-js.test.js [0m[31mFAILED[0m
[0m[38;5;245mrunning 1 test from ./wc-cmd_1.0.9/wc-cmd.test.js[0m
Command Injection in wc-cmd ...
[0m[38;5;245m------- post-test output -------[0m
NotCapable: Requires write access to "./wc-cmd", run again with the --allow-write flag
    at Object.removeSync (ext:deno_fs/30_fs.js:247:3)
    at Object.unlinkSync (ext:deno_node/_fs/_fs_unlink.ts:11:8)
    at file:///home/bombe/UniSaarland/WebSec-Seminar/deno-SecBench.js/command-injection/wc-cmd_1.0.9/wc-cmd.test.js:13:10
    at innerWrapped (ext:cli/40_test.js:180:11)
    at exitSanitizer (ext:cli/40_test.js:96:33)
    at outerWrapped (ext:cli/40_test.js:123:20) {
  name: [32m"NotCapable"[39m
}
[0m[38;5;245m----- post-test output end -----[0m
Command Injection in wc-cmd ... [0m[31mFAILED[0m [0m[38;5;245m(13ms)[0m
Uncaught error from ./wc-cmd_1.0.9/wc-cmd.test.js [0m[31mFAILED[0m
[0m[38;5;245mrunning 1 test from ./whereis_0.4.0/whereis.test.js[0m
Command Injection in whereis ...
[0m[38;5;245m------- post-test output -------[0m
NotCapable: Requires write access to "./whereis", run again with the --allow-write flag
    at Object.removeSync (ext:deno_fs/30_fs.js:247:3)
    at Object.unlinkSync (ext:deno_node/_fs/_fs_unlink.ts:11:8)
    at file:///home/bombe/UniSaarland/WebSec-Seminar/deno-SecBench.js/command-injection/whereis_0.4.0/whereis.test.js:13:10
    at innerWrapped (ext:cli/40_test.js:180:11)
    at exitSanitizer (ext:cli/40_test.js:96:33)
    at outerWrapped (ext:cli/40_test.js:123:20) {
  name: [32m"NotCapable"[39m
}
[0m[38;5;245m----- post-test output end -----[0m
Command Injection in whereis ... [0m[31mFAILED[0m [0m[38;5;245m(5ms)[0m
Uncaught error from ./whereis_0.4.0/whereis.test.js [0m[31mFAILED[0m
[0m[38;5;245mrunning 1 test from ./wincred_1.0.2/wincred.test.js[0m
Command Injection in wincred ...
[0m[38;5;245m------- post-test output -------[0m
NotCapable: Requires write access to "./wincred", run again with the --allow-write flag
    at Object.removeSync (ext:deno_fs/30_fs.js:247:3)
    at Object.unlinkSync (ext:deno_node/_fs/_fs_unlink.ts:11:8)
    at file:///home/bombe/UniSaarland/WebSec-Seminar/deno-SecBench.js/command-injection/wincred_1.0.2/wincred.test.js:13:10
    at innerWrapped (ext:cli/40_test.js:180:11)
    at exitSanitizer (ext:cli/40_test.js:96:33)
    at outerWrapped (ext:cli/40_test.js:123:20) {
  name: [32m"NotCapable"[39m
}
(node:450958) [DEP0128] DeprecationWarning: Invalid 'main' field in '/home/bombe/UniSaarland/WebSec-Seminar/deno-SecBench.js/command-injection/wincred_1.0.2/node_modules/wincred/package.json' of 'app.js'. Please either fix that or report it to the module author
[0m[38;5;245m----- post-test output end -----[0m
Command Injection in wincred ... [0m[31mFAILED[0m [0m[38;5;245m(13ms)[0m
Uncaught error from ./wincred_1.0.2/wincred.test.js [0m[31mFAILED[0m
[0m[38;5;245mrunning 1 test from ./xopen_1.0.0/xopen.test.js[0m
Command Injection in xopen ...
[0m[38;5;245m------- post-test output -------[0m
NotCapable: Requires write access to "./xopen", run again with the --allow-write flag
    at Object.removeSync (ext:deno_fs/30_fs.js:247:3)
    at Object.unlinkSync (ext:deno_node/_fs/_fs_unlink.ts:11:8)
    at file:///home/bombe/UniSaarland/WebSec-Seminar/deno-SecBench.js/command-injection/xopen_1.0.0/xopen.test.js:13:10
    at innerWrapped (ext:cli/40_test.js:180:11)
    at exitSanitizer (ext:cli/40_test.js:96:33)
    at outerWrapped (ext:cli/40_test.js:123:20) {
  name: [32m"NotCapable"[39m
}
[0m[38;5;245m----- post-test output end -----[0m
Command Injection in xopen ... [0m[31mFAILED[0m [0m[38;5;245m(5ms)[0m
Uncaught error from ./xopen_1.0.0/xopen.test.js [0m[31mFAILED[0m
[0m[38;5;245mrunning 1 test from ./xps_1.0.2/xps.test.js[0m
Command Injection in xps ...
[0m[38;5;245m------- post-test output -------[0m
NotCapable: Requires write access to "./xps", run again with the --allow-write flag
    at Object.removeSync (ext:deno_fs/30_fs.js:247:3)
    at Object.unlinkSync (ext:deno_node/_fs/_fs_unlink.ts:11:8)
    at file:///home/bombe/UniSaarland/WebSec-Seminar/deno-SecBench.js/command-injection/xps_1.0.2/xps.test.js:13:10
    at innerWrapped (ext:cli/40_test.js:180:11)
    at exitSanitizer (ext:cli/40_test.js:96:33)
    at outerWrapped (ext:cli/40_test.js:123:20) {
  name: [32m"NotCapable"[39m
}
[0m[38;5;245m----- post-test output end -----[0m
Command Injection in xps ... [0m[31mFAILED[0m [0m[38;5;245m(16ms)[0m
Uncaught error from ./xps_1.0.2/xps.test.js [0m[31mFAILED[0m

[0m[1m[37m[41m ERRORS [0m

Remote code execution in aaptjs [0m[38;5;245m=> ./aaptjs_1.3.1/aaptjs.test.js:6:6[0m
[0m[1m[31merror[0m: NotCapable: Requires write access to "/home/bombe/UniSaarland/WebSec-Seminar/deno-SecBench.js/command-injection/aaptjs_1.3.1/node_modules/aaptjs/bin/linux/aapt", run again with the --allow-write flag
    at [0m[1m[3mObject.chmodSync[0m ([0m[36mext:deno_fs/30_fs.js[0m:[0m[33m104[0m:[0m[33m3[0m)
    at [0m[1m[3mObject.chmodSync[0m ([0m[36mext:deno_node/_fs/_fs_chmod.ts[0m:[0m[33m44[0m:[0m[33m10[0m)
    at [0m[36mfile:///home/bombe/UniSaarland/WebSec-Seminar/deno-SecBench.js/command-injection/aaptjs_1.3.1/node_modules/aaptjs/index.js[0m:[0m[33m12[0m:[0m[33m5[0m
    at [0m[1m[3mObject.<anonymous>[0m ([0m[36mfile:///home/bombe/UniSaarland/WebSec-Seminar/deno-SecBench.js/command-injection/aaptjs_1.3.1/node_modules/aaptjs/index.js[0m:[0m[33m85[0m:[0m[33m3[0m)
    at [0m[1m[3mModule._compile[0m ([0m[36mnode:module[0m:[0m[33m745[0m:[0m[33m34[0m)
    at [0m[1m[3mloadMaybeCjs[0m ([0m[36mnode:module[0m:[0m[33m770[0m:[0m[33m10[0m)
    at [0m[1m[3mObject.Module._extensions..js[0m ([0m[36mnode:module[0m:[0m[33m755[0m:[0m[33m12[0m)
    at [0m[1m[3mModule.load[0m ([0m[36mnode:module[0m:[0m[33m663[0m:[0m[33m32[0m)
    at [0m[1m[3mModule._load[0m ([0m[36mnode:module[0m:[0m[33m535[0m:[0m[33m12[0m)
    at [0m[1m[3mModule.require[0m ([0m[36mnode:module[0m:[0m[33m682[0m:[0m[33m19[0m)

Command Injection in adb-driver [0m[38;5;245m=> ./adb-driver_0.1.8/adb-driver.test.js:6:6[0m
[0m[1m[31merror[0m: AssertionError: Values are not strictly equal.


    [90m[1m[Diff][22m[39m [31m[1mActual[22m[39m / [32m[1mExpected[22m[39m


[31m[1m-   true[22m[39m
[32m[1m+   false[22m[39m

  throw new AssertionError(message);
[0m[31m        ^[0m
    at [0m[1m[3massertStrictEquals[0m ([0m[36mhttps://jsr.io/@std/assert/1.0.13/strict_equals.ts[0m:[0m[33m66[0m:[0m[33m9[0m)
    at [0m[1m[3mtoBe[0m ([0m[36mhttps://jsr.io/@std/expect/1.0.16/_matchers.ts[0m:[0m[33m33[0m:[0m[33m5[0m)
    at [0m[1m[3mapplyMatcher[0m ([0m[36mhttps://jsr.io/@std/expect/1.0.16/expect.ts[0m:[0m[33m223[0m:[0m[33m13[0m)
    at [0m[1m[3mProxy.<anonymous>[0m ([0m[36mhttps://jsr.io/@std/expect/1.0.16/expect.ts[0m:[0m[33m233[0m:[0m[33m13[0m)
    at [0m[36mfile:///home/bombe/UniSaarland/WebSec-Seminar/deno-SecBench.js/command-injection/adb-driver_0.1.8/adb-driver.test.js[0m:[0m[33m19[0m:[0m[33m22[0m

./adb-driver_0.1.8/adb-driver.test.js (uncaught error)
[0m[1m[31merror[0m: [1mnull[22m
This error was not caught from a test and caused the test runner to fail on the referenced module.
It most likely originated from a dangling promise, event/timeout handler or top-level code.

Command Injection in killing [0m[38;5;245m=> ./alfred-workflow-nodejs_2.0.1/alfred-workflow-nodejs.test.js:6:6[0m
[0m[1m[31merror[0m: AssertionError: Values are not strictly equal.


    [90m[1m[Diff][22m[39m [31m[1mActual[22m[39m / [32m[1mExpected[22m[39m


[31m[1m-   true[22m[39m
[32m[1m+   false[22m[39m

  throw new AssertionError(message);
[0m[31m        ^[0m
    at [0m[1m[3massertStrictEquals[0m ([0m[36mhttps://jsr.io/@std/assert/1.0.13/strict_equals.ts[0m:[0m[33m66[0m:[0m[33m9[0m)
    at [0m[1m[3mtoBe[0m ([0m[36mhttps://jsr.io/@std/expect/1.0.16/_matchers.ts[0m:[0m[33m33[0m:[0m[33m5[0m)
    at [0m[1m[3mapplyMatcher[0m ([0m[36mhttps://jsr.io/@std/expect/1.0.16/expect.ts[0m:[0m[33m223[0m:[0m[33m13[0m)
    at [0m[1m[3mProxy.<anonymous>[0m ([0m[36mhttps://jsr.io/@std/expect/1.0.16/expect.ts[0m:[0m[33m233[0m:[0m[33m13[0m)
    at [0m[36mfile:///home/bombe/UniSaarland/WebSec-Seminar/deno-SecBench.js/command-injection/alfred-workflow-nodejs_2.0.1/alfred-workflow-nodejs.test.js[0m:[0m[33m20[0m:[0m[33m22[0m

./alfred-workflow-nodejs_2.0.1/alfred-workflow-nodejs.test.js (uncaught error)
[0m[1m[31merror[0m: [1mnull[22m
This error was not caught from a test and caused the test runner to fail on the referenced module.
It most likely originated from a dangling promise, event/timeout handler or top-level code.

Command Injection in apex-publish-static-files [0m[38;5;245m=> ./apex-publish-static-files_2.0.0/apex-publish-static-files.test.js:6:6[0m
[0m[1m[31merror[0m: AssertionError: Values are not strictly equal.


    [90m[1m[Diff][22m[39m [31m[1mActual[22m[39m / [32m[1mExpected[22m[39m


[31m[1m-   true[22m[39m
[32m[1m+   false[22m[39m

  throw new AssertionError(message);
[0m[31m        ^[0m
    at [0m[1m[3massertStrictEquals[0m ([0m[36mhttps://jsr.io/@std/assert/1.0.13/strict_equals.ts[0m:[0m[33m66[0m:[0m[33m9[0m)
    at [0m[1m[3mtoBe[0m ([0m[36mhttps://jsr.io/@std/expect/1.0.16/_matchers.ts[0m:[0m[33m33[0m:[0m[33m5[0m)
    at [0m[1m[3mapplyMatcher[0m ([0m[36mhttps://jsr.io/@std/expect/1.0.16/expect.ts[0m:[0m[33m223[0m:[0m[33m13[0m)
    at [0m[1m[3mProxy.<anonymous>[0m ([0m[36mhttps://jsr.io/@std/expect/1.0.16/expect.ts[0m:[0m[33m233[0m:[0m[33m13[0m)
    at [0m[36mfile:///home/bombe/UniSaarland/WebSec-Seminar/deno-SecBench.js/command-injection/apex-publish-static-files_2.0.0/apex-publish-static-files.test.js[0m:[0m[33m20[0m:[0m[33m22[0m

./apex-publish-static-files_2.0.0/apex-publish-static-files.test.js (uncaught error)
[0m[1m[31merror[0m: [1mnull[22m
This error was not caught from a test and caused the test runner to fail on the referenced module.
It most likely originated from a dangling promise, event/timeout handler or top-level code.

Command Injection in apiconnect-cli-plugins [0m[38;5;245m=> ./apiconnect-cli-plugins_6.0.2/apiconnect-cli-plugins.test.js:6:6[0m
[0m[1m[31merror[0m: NotCapable: Requires sys access to "hostname", run again with the --allow-sys flag
    at [0m[1m[3mObject.hostname[0m ([0m[36mext:deno_os/30_os.js[0m:[0m[33m43[0m:[0m[33m10[0m)
    at [0m[1m[3mObject.hostname[0m ([0m[36mnode:os[0m:[0m[33m97[0m:[0m[33m15[0m)
    at [0m[36mfile:///home/bombe/UniSaarland/WebSec-Seminar/deno-SecBench.js/command-injection/apiconnect-cli-plugins_6.0.2/node_modules/formidable/src/Formidable.js[0m:[0m[33m17[0m:[0m[33m25[0m
    at [0m[1m[3mObject.<anonymous>[0m ([0m[36mfile:///home/bombe/UniSaarland/WebSec-Seminar/deno-SecBench.js/command-injection/apiconnect-cli-plugins_6.0.2/node_modules/formidable/src/Formidable.js[0m:[0m[33m625[0m:[0m[33m3[0m)
    at [0m[1m[3mModule._compile[0m ([0m[36mnode:module[0m:[0m[33m745[0m:[0m[33m34[0m)
    at [0m[1m[3mloadMaybeCjs[0m ([0m[36mnode:module[0m:[0m[33m770[0m:[0m[33m10[0m)
    at [0m[1m[3mObject.Module._extensions..js[0m ([0m[36mnode:module[0m:[0m[33m755[0m:[0m[33m12[0m)
    at [0m[1m[3mModule.load[0m ([0m[36mnode:module[0m:[0m[33m663[0m:[0m[33m32[0m)
    at [0m[1m[3mModule._load[0m ([0m[36mnode:module[0m:[0m[33m535[0m:[0m[33m12[0m)
    at [0m[1m[3mModule.require[0m ([0m[36mnode:module[0m:[0m[33m682[0m:[0m[33m19[0m)
    at [0m[1m[3mrequire[0m ([0m[36mnode:module[0m:[0m[33m816[0m:[0m[33m16[0m)
    at [0m[36mfile:///home/bombe/UniSaarland/WebSec-Seminar/deno-SecBench.js/command-injection/apiconnect-cli-plugins_6.0.2/node_modules/formidable/src/index.js[0m:[0m[33m5[0m:[0m[33m20[0m
    at [0m[1m[3mObject.<anonymous>[0m ([0m[36mfile:///home/bombe/UniSaarland/WebSec-Seminar/deno-SecBench.js/command-injection/apiconnect-cli-plugins_6.0.2/node_modules/formidable/src/index.js[0m:[0m[33m40[0m:[0m[33m3[0m)
    at [0m[1m[3mModule._compile[0m ([0m[36mnode:module[0m:[0m[33m745[0m:[0m[33m34[0m)
    at [0m[1m[3mloadMaybeCjs[0m ([0m[36mnode:module[0m:[0m[33m770[0m:[0m[33m10[0m)
    at [0m[1m[3mObject.Module._extensions..js[0m ([0m[36mnode:module[0m:[0m[33m755[0m:[0m[33m12[0m)

./apiconnect-cli-plugins_6.0.2/apiconnect-cli-plugins.test.js (uncaught error)
[0m[1m[31merror[0m: [1mnull[22m
This error was not caught from a test and caused the test runner to fail on the referenced module.
It most likely originated from a dangling promise, event/timeout handler or top-level code.

Remote code execution in arpping [0m[38;5;245m=> ./arpping_2.0.0/arpping.test.js:6:6[0m
[0m[1m[31merror[0m: AssertionError: Values are not strictly equal.


    [90m[1m[Diff][22m[39m [31m[1mActual[22m[39m / [32m[1mExpected[22m[39m


[31m[1m-   true[22m[39m
[32m[1m+   false[22m[39m

  throw new AssertionError(message);
[0m[31m        ^[0m
    at [0m[1m[3massertStrictEquals[0m ([0m[36mhttps://jsr.io/@std/assert/1.0.13/strict_equals.ts[0m:[0m[33m66[0m:[0m[33m9[0m)
    at [0m[1m[3mtoBe[0m ([0m[36mhttps://jsr.io/@std/expect/1.0.16/_matchers.ts[0m:[0m[33m33[0m:[0m[33m5[0m)
    at [0m[1m[3mapplyMatcher[0m ([0m[36mhttps://jsr.io/@std/expect/1.0.16/expect.ts[0m:[0m[33m223[0m:[0m[33m13[0m)
    at [0m[1m[3mProxy.<anonymous>[0m ([0m[36mhttps://jsr.io/@std/expect/1.0.16/expect.ts[0m:[0m[33m233[0m:[0m[33m13[0m)
    at [0m[36mfile:///home/bombe/UniSaarland/WebSec-Seminar/deno-SecBench.js/command-injection/arpping_2.0.0/arpping.test.js[0m:[0m[33m20[0m:[0m[33m22[0m

./arpping_2.0.0/arpping.test.js (uncaught error)
[0m[1m[31merror[0m: [1mnull[22m
This error was not caught from a test and caused the test runner to fail on the referenced module.
It most likely originated from a dangling promise, event/timeout handler or top-level code.

./async-git_1.13.1/async-git.test.js (uncaught error)
[0m[1m[31merror[0m: SyntaxError: Identifier 'file_exist' has already been declared
  let file_exist = fs.existsSync(path);
[0m[31m      ^[0m
    at [0m[1m[3m<anonymous>[0m ([0m[36mfile:///home/bombe/UniSaarland/WebSec-Seminar/deno-SecBench.js/command-injection/async-git_1.13.1/async-git.test.js[0m:[0m[33m24[0m:[0m[33m7[0m)
This error was not caught from a test and caused the test runner to fail on the referenced module.
It most likely originated from a dangling promise, event/timeout handler or top-level code.

Command Injection in bestzip [0m[38;5;245m=> ./bestzip_2.1.6/bestzip.test.js:6:6[0m
[0m[1m[31merror[0m: AssertionError: Values are not strictly equal.


    [90m[1m[Diff][22m[39m [31m[1mActual[22m[39m / [32m[1mExpected[22m[39m


[31m[1m-   true[22m[39m
[32m[1m+   false[22m[39m

  throw new AssertionError(message);
[0m[31m        ^[0m
    at [0m[1m[3massertStrictEquals[0m ([0m[36mhttps://jsr.io/@std/assert/1.0.13/strict_equals.ts[0m:[0m[33m66[0m:[0m[33m9[0m)
    at [0m[1m[3mtoBe[0m ([0m[36mhttps://jsr.io/@std/expect/1.0.16/_matchers.ts[0m:[0m[33m33[0m:[0m[33m5[0m)
    at [0m[1m[3mapplyMatcher[0m ([0m[36mhttps://jsr.io/@std/expect/1.0.16/expect.ts[0m:[0m[33m223[0m:[0m[33m13[0m)
    at [0m[1m[3mProxy.<anonymous>[0m ([0m[36mhttps://jsr.io/@std/expect/1.0.16/expect.ts[0m:[0m[33m233[0m:[0m[33m13[0m)
    at [0m[36mfile:///home/bombe/UniSaarland/WebSec-Seminar/deno-SecBench.js/command-injection/bestzip_2.1.6/bestzip.test.js[0m:[0m[33m20[0m:[0m[33m22[0m

./bestzip_2.1.6/bestzip.test.js (uncaught error)
[0m[1m[31merror[0m: [1mnull[22m
This error was not caught from a test and caused the test runner to fail on the referenced module.
It most likely originated from a dangling promise, event/timeout handler or top-level code.

Command Injection in blamer [0m[38;5;245m=> ./blamer_0.1.13/blamer.test.js:6:6[0m
[0m[1m[31merror[0m: ReferenceError: root is not defined
  root = new Root("git", attack_command);
[0m[31m       ^[0m
    at [0m[36mfile:///home/bombe/UniSaarland/WebSec-Seminar/deno-SecBench.js/command-injection/blamer_0.1.13/blamer.test.js[0m:[0m[33m21[0m:[0m[33m8[0m

./blamer_0.1.13/blamer.test.js (uncaught error)
[0m[1m[31merror[0m: [1mnull[22m
This error was not caught from a test and caused the test runner to fail on the referenced module.
It most likely originated from a dangling promise, event/timeout handler or top-level code.

Command Injection in buns [0m[38;5;245m=> ./buns_1.1.6/buns.test.js:6:6[0m
[0m[1m[31merror[0m: AssertionError: Values are not strictly equal.


    [90m[1m[Diff][22m[39m [31m[1mActual[22m[39m / [32m[1mExpected[22m[39m


[31m[1m-   true[22m[39m
[32m[1m+   false[22m[39m

  throw new AssertionError(message);
[0m[31m        ^[0m
    at [0m[1m[3massertStrictEquals[0m ([0m[36mhttps://jsr.io/@std/assert/1.0.13/strict_equals.ts[0m:[0m[33m66[0m:[0m[33m9[0m)
    at [0m[1m[3mtoBe[0m ([0m[36mhttps://jsr.io/@std/expect/1.0.16/_matchers.ts[0m:[0m[33m33[0m:[0m[33m5[0m)
    at [0m[1m[3mapplyMatcher[0m ([0m[36mhttps://jsr.io/@std/expect/1.0.16/expect.ts[0m:[0m[33m223[0m:[0m[33m13[0m)
    at [0m[1m[3mProxy.<anonymous>[0m ([0m[36mhttps://jsr.io/@std/expect/1.0.16/expect.ts[0m:[0m[33m233[0m:[0m[33m13[0m)
    at [0m[36mfile:///home/bombe/UniSaarland/WebSec-Seminar/deno-SecBench.js/command-injection/buns_1.1.6/buns.test.js[0m:[0m[33m19[0m:[0m[33m22[0m

./buns_1.1.6/buns.test.js (uncaught error)
[0m[1m[31merror[0m: [1mnull[22m
This error was not caught from a test and caused the test runner to fail on the referenced module.
It most likely originated from a dangling promise, event/timeout handler or top-level code.

./clamscan_1.2.0/clamscan.test.js (uncaught error)
[0m[1m[31merror[0m: [1mnull[22m
This error was not caught from a test and caused the test runner to fail on the referenced module.
It most likely originated from a dangling promise, event/timeout handler or top-level code.

./codecov_3.6.4/codecov.test.js (uncaught error)
[0m[1m[31merror[0m: SyntaxError: Identifier 'file_exist' has already been declared
  let file_exist = fs.existsSync(path);
[0m[31m      ^[0m
    at [0m[1m[3m<anonymous>[0m ([0m[36mfile:///home/bombe/UniSaarland/WebSec-Seminar/deno-SecBench.js/command-injection/codecov_3.6.4/codecov.test.js[0m:[0m[33m40[0m:[0m[33m7[0m)
This error was not caught from a test and caused the test runner to fail on the referenced module.
It most likely originated from a dangling promise, event/timeout handler or top-level code.

Command Injection in command-exists [0m[38;5;245m=> ./command-exists_1.2.2/command-exists.test.js:6:6[0m
[0m[1m[31merror[0m: AssertionError: Values are not strictly equal.


    [90m[1m[Diff][22m[39m [31m[1mActual[22m[39m / [32m[1mExpected[22m[39m


[31m[1m-   true[22m[39m
[32m[1m+   false[22m[39m

  throw new AssertionError(message);
[0m[31m        ^[0m
    at [0m[1m[3massertStrictEquals[0m ([0m[36mhttps://jsr.io/@std/assert/1.0.13/strict_equals.ts[0m:[0m[33m66[0m:[0m[33m9[0m)
    at [0m[1m[3mtoBe[0m ([0m[36mhttps://jsr.io/@std/expect/1.0.16/_matchers.ts[0m:[0m[33m33[0m:[0m[33m5[0m)
    at [0m[1m[3mapplyMatcher[0m ([0m[36mhttps://jsr.io/@std/expect/1.0.16/expect.ts[0m:[0m[33m223[0m:[0m[33m13[0m)
    at [0m[1m[3mProxy.<anonymous>[0m ([0m[36mhttps://jsr.io/@std/expect/1.0.16/expect.ts[0m:[0m[33m233[0m:[0m[33m13[0m)
    at [0m[36mfile:///home/bombe/UniSaarland/WebSec-Seminar/deno-SecBench.js/command-injection/command-exists_1.2.2/command-exists.test.js[0m:[0m[33m20[0m:[0m[33m22[0m

./command-exists_1.2.2/command-exists.test.js (uncaught error)
[0m[1m[31merror[0m: [1mnull[22m
This error was not caught from a test and caused the test runner to fail on the referenced module.
It most likely originated from a dangling promise, event/timeout handler or top-level code.

Command Injection in compass-compile [0m[38;5;245m=> ./compass-compile_0.0.1/compass-compile.test.js:6:6[0m
[0m[1m[31merror[0m: AssertionError: Values are not strictly equal.


    [90m[1m[Diff][22m[39m [31m[1mActual[22m[39m / [32m[1mExpected[22m[39m


[31m[1m-   true[22m[39m
[32m[1m+   false[22m[39m

  throw new AssertionError(message);
[0m[31m        ^[0m
    at [0m[1m[3massertStrictEquals[0m ([0m[36mhttps://jsr.io/@std/assert/1.0.13/strict_equals.ts[0m:[0m[33m66[0m:[0m[33m9[0m)
    at [0m[1m[3mtoBe[0m ([0m[36mhttps://jsr.io/@std/expect/1.0.16/_matchers.ts[0m:[0m[33m33[0m:[0m[33m5[0m)
    at [0m[1m[3mapplyMatcher[0m ([0m[36mhttps://jsr.io/@std/expect/1.0.16/expect.ts[0m:[0m[33m223[0m:[0m[33m13[0m)
    at [0m[1m[3mProxy.<anonymous>[0m ([0m[36mhttps://jsr.io/@std/expect/1.0.16/expect.ts[0m:[0m[33m233[0m:[0m[33m13[0m)
    at [0m[36mfile:///home/bombe/UniSaarland/WebSec-Seminar/deno-SecBench.js/command-injection/compass-compile_0.0.1/compass-compile.test.js[0m:[0m[33m20[0m:[0m[33m22[0m

./compass-compile_0.0.1/compass-compile.test.js (uncaught error)
[0m[1m[31merror[0m: [1mnull[22m
This error was not caught from a test and caused the test runner to fail on the referenced module.
It most likely originated from a dangling promise, event/timeout handler or top-level code.

./connection-tester_0.2.0/connection-tester.test.js (uncaught error)
[0m[1m[31merror[0m: SyntaxError: Identifier 'file_exist' has already been declared
  let file_exist = fs.existsSync(path);
[0m[31m      ^[0m
    at [0m[1m[3m<anonymous>[0m ([0m[36mfile:///home/bombe/UniSaarland/WebSec-Seminar/deno-SecBench.js/command-injection/connection-tester_0.2.0/connection-tester.test.js[0m:[0m[33m23[0m:[0m[33m7[0m)
This error was not caught from a test and caused the test runner to fail on the referenced module.
It most likely originated from a dangling promise, event/timeout handler or top-level code.

Command Injection in corenlp-js-interface [0m[38;5;245m=> ./corenlp-js-interface_1.0.3/corenlp-js-interface.test.js:6:6[0m
[0m[1m[31merror[0m: Error: Cannot find module 'corenlp-js-interface'
Require stack:
- /home/bombe/UniSaarland/WebSec-Seminar/deno-SecBench.js/command-injection/corenlp-js-interface_1.0.3/corenlp-js-interface.test.js
    at [0m[1m[3mModule._resolveFilename[0m ([0m[36mnode:module[0m:[0m[33m620[0m:[0m[33m15[0m)
    at [0m[1m[3mModule._load[0m ([0m[36mnode:module[0m:[0m[33m498[0m:[0m[33m27[0m)
    at [0m[1m[3mModule.require[0m ([0m[36mnode:module[0m:[0m[33m682[0m:[0m[33m19[0m)
    at [0m[1m[3mrequire[0m ([0m[36mnode:module[0m:[0m[33m816[0m:[0m[33m16[0m)
    at [0m[36mfile:///home/bombe/UniSaarland/WebSec-Seminar/deno-SecBench.js/command-injection/corenlp-js-interface_1.0.3/corenlp-js-interface.test.js[0m:[0m[33m8[0m:[0m[33m13[0m

./corenlp-js-interface_1.0.3/corenlp-js-interface.test.js (uncaught error)
[0m[1m[31merror[0m: [1mnull[22m
This error was not caught from a test and caused the test runner to fail on the referenced module.
It most likely originated from a dangling promise, event/timeout handler or top-level code.

./corenlp-js-prefab_1.0.1/corenlp-js-prefab.test.js (uncaught error)
[0m[1m[31merror[0m: SyntaxError: Identifier 'file_exist' has already been declared
  let file_exist = fs.existsSync(path);
[0m[31m      ^[0m
    at [0m[1m[3m<anonymous>[0m ([0m[36mfile:///home/bombe/UniSaarland/WebSec-Seminar/deno-SecBench.js/command-injection/corenlp-js-prefab_1.0.1/corenlp-js-prefab.test.js[0m:[0m[33m24[0m:[0m[33m7[0m)
This error was not caught from a test and caused the test runner to fail on the referenced module.
It most likely originated from a dangling promise, event/timeout handler or top-level code.

Command Injection in curling [0m[38;5;245m=> ./curling_0.2.0/curling.test.js:6:6[0m
[0m[1m[31merror[0m: AssertionError: Values are not strictly equal.


    [90m[1m[Diff][22m[39m [31m[1mActual[22m[39m / [32m[1mExpected[22m[39m


[31m[1m-   true[22m[39m
[32m[1m+   false[22m[39m

  throw new AssertionError(message);
[0m[31m        ^[0m
    at [0m[1m[3massertStrictEquals[0m ([0m[36mhttps://jsr.io/@std/assert/1.0.13/strict_equals.ts[0m:[0m[33m66[0m:[0m[33m9[0m)
    at [0m[1m[3mtoBe[0m ([0m[36mhttps://jsr.io/@std/expect/1.0.16/_matchers.ts[0m:[0m[33m33[0m:[0m[33m5[0m)
    at [0m[1m[3mapplyMatcher[0m ([0m[36mhttps://jsr.io/@std/expect/1.0.16/expect.ts[0m:[0m[33m223[0m:[0m[33m13[0m)
    at [0m[1m[3mProxy.<anonymous>[0m ([0m[36mhttps://jsr.io/@std/expect/1.0.16/expect.ts[0m:[0m[33m233[0m:[0m[33m13[0m)
    at [0m[36mfile:///home/bombe/UniSaarland/WebSec-Seminar/deno-SecBench.js/command-injection/curling_0.2.0/curling.test.js[0m:[0m[33m20[0m:[0m[33m22[0m

./curling_0.2.0/curling.test.js (uncaught error)
[0m[1m[31merror[0m: [1mnull[22m
This error was not caught from a test and caused the test runner to fail on the referenced module.
It most likely originated from a dangling promise, event/timeout handler or top-level code.

Command Injection in curljs [0m[38;5;245m=> ./curljs_0.1.2/curljs.test.js:6:6[0m
[0m[1m[31merror[0m: AssertionError: Values are not strictly equal.


    [90m[1m[Diff][22m[39m [31m[1mActual[22m[39m / [32m[1mExpected[22m[39m


[31m[1m-   true[22m[39m
[32m[1m+   false[22m[39m

  throw new AssertionError(message);
[0m[31m        ^[0m
    at [0m[1m[3massertStrictEquals[0m ([0m[36mhttps://jsr.io/@std/assert/1.0.13/strict_equals.ts[0m:[0m[33m66[0m:[0m[33m9[0m)
    at [0m[1m[3mtoBe[0m ([0m[36mhttps://jsr.io/@std/expect/1.0.16/_matchers.ts[0m:[0m[33m33[0m:[0m[33m5[0m)
    at [0m[1m[3mapplyMatcher[0m ([0m[36mhttps://jsr.io/@std/expect/1.0.16/expect.ts[0m:[0m[33m223[0m:[0m[33m13[0m)
    at [0m[1m[3mProxy.<anonymous>[0m ([0m[36mhttps://jsr.io/@std/expect/1.0.16/expect.ts[0m:[0m[33m233[0m:[0m[33m13[0m)
    at [0m[36mfile:///home/bombe/UniSaarland/WebSec-Seminar/deno-SecBench.js/command-injection/curljs_0.1.2/curljs.test.js[0m:[0m[33m19[0m:[0m[33m22[0m

./curljs_0.1.2/curljs.test.js (uncaught error)
[0m[1m[31merror[0m: [1mnull[22m
This error was not caught from a test and caused the test runner to fail on the referenced module.
It most likely originated from a dangling promise, event/timeout handler or top-level code.

Command Injection in deferred-exec [0m[38;5;245m=> ./deferred-exec_0.3.1/deferred-exec.test.js:6:6[0m
[0m[1m[31merror[0m: AssertionError: Values are not strictly equal.


    [90m[1m[Diff][22m[39m [31m[1mActual[22m[39m / [32m[1mExpected[22m[39m


[31m[1m-   true[22m[39m
[32m[1m+   false[22m[39m

  throw new AssertionError(message);
[0m[31m        ^[0m
    at [0m[1m[3massertStrictEquals[0m ([0m[36mhttps://jsr.io/@std/assert/1.0.13/strict_equals.ts[0m:[0m[33m66[0m:[0m[33m9[0m)
    at [0m[1m[3mtoBe[0m ([0m[36mhttps://jsr.io/@std/expect/1.0.16/_matchers.ts[0m:[0m[33m33[0m:[0m[33m5[0m)
    at [0m[1m[3mapplyMatcher[0m ([0m[36mhttps://jsr.io/@std/expect/1.0.16/expect.ts[0m:[0m[33m223[0m:[0m[33m13[0m)
    at [0m[1m[3mProxy.<anonymous>[0m ([0m[36mhttps://jsr.io/@std/expect/1.0.16/expect.ts[0m:[0m[33m233[0m:[0m[33m13[0m)
    at [0m[36mfile:///home/bombe/UniSaarland/WebSec-Seminar/deno-SecBench.js/command-injection/deferred-exec_0.3.1/deferred-exec.test.js[0m:[0m[33m19[0m:[0m[33m22[0m

./deferred-exec_0.3.1/deferred-exec.test.js (uncaught error)
[0m[1m[31merror[0m: [1mnull[22m
This error was not caught from a test and caused the test runner to fail on the referenced module.
It most likely originated from a dangling promise, event/timeout handler or top-level code.

Command Injection in diskstats [0m[38;5;245m=> ./diskstats_0.0.2/diskstats.test.js:6:6[0m
[0m[1m[31merror[0m: AssertionError: Values are not strictly equal.


    [90m[1m[Diff][22m[39m [31m[1mActual[22m[39m / [32m[1mExpected[22m[39m


[31m[1m-   true[22m[39m
[32m[1m+   false[22m[39m

  throw new AssertionError(message);
[0m[31m        ^[0m
    at [0m[1m[3massertStrictEquals[0m ([0m[36mhttps://jsr.io/@std/assert/1.0.13/strict_equals.ts[0m:[0m[33m66[0m:[0m[33m9[0m)
    at [0m[1m[3mtoBe[0m ([0m[36mhttps://jsr.io/@std/expect/1.0.16/_matchers.ts[0m:[0m[33m33[0m:[0m[33m5[0m)
    at [0m[1m[3mapplyMatcher[0m ([0m[36mhttps://jsr.io/@std/expect/1.0.16/expect.ts[0m:[0m[33m223[0m:[0m[33m13[0m)
    at [0m[1m[3mProxy.<anonymous>[0m ([0m[36mhttps://jsr.io/@std/expect/1.0.16/expect.ts[0m:[0m[33m233[0m:[0m[33m13[0m)
    at [0m[36mfile:///home/bombe/UniSaarland/WebSec-Seminar/deno-SecBench.js/command-injection/diskstats_0.0.2/diskstats.test.js[0m:[0m[33m20[0m:[0m[33m22[0m

./diskstats_0.0.2/diskstats.test.js (uncaught error)
[0m[1m[31merror[0m: [1mnull[22m
This error was not caught from a test and caused the test runner to fail on the referenced module.
It most likely originated from a dangling promise, event/timeout handler or top-level code.

Command Injection in diskusage-ng [0m[38;5;245m=> ./diskusage-ng_0.2.6/diskusage-ng.test.js:6:6[0m
[0m[1m[31merror[0m: AssertionError: Values are not strictly equal.


    [90m[1m[Diff][22m[39m [31m[1mActual[22m[39m / [32m[1mExpected[22m[39m


[31m[1m-   true[22m[39m
[32m[1m+   false[22m[39m

  throw new AssertionError(message);
[0m[31m        ^[0m
    at [0m[1m[3massertStrictEquals[0m ([0m[36mhttps://jsr.io/@std/assert/1.0.13/strict_equals.ts[0m:[0m[33m66[0m:[0m[33m9[0m)
    at [0m[1m[3mtoBe[0m ([0m[36mhttps://jsr.io/@std/expect/1.0.16/_matchers.ts[0m:[0m[33m33[0m:[0m[33m5[0m)
    at [0m[1m[3mapplyMatcher[0m ([0m[36mhttps://jsr.io/@std/expect/1.0.16/expect.ts[0m:[0m[33m223[0m:[0m[33m13[0m)
    at [0m[1m[3mProxy.<anonymous>[0m ([0m[36mhttps://jsr.io/@std/expect/1.0.16/expect.ts[0m:[0m[33m233[0m:[0m[33m13[0m)
    at [0m[36mfile:///home/bombe/UniSaarland/WebSec-Seminar/deno-SecBench.js/command-injection/diskusage-ng_0.2.6/diskusage-ng.test.js[0m:[0m[33m19[0m:[0m[33m22[0m

./diskusage-ng_0.2.6/diskusage-ng.test.js (uncaught error)
[0m[1m[31merror[0m: [1mnull[22m
This error was not caught from a test and caused the test runner to fail on the referenced module.
It most likely originated from a dangling promise, event/timeout handler or top-level code.

./dns-sync_0.1.0/dns-sync.test.js (uncaught error)
[0m[1m[31merror[0m: [1mnull[22m
This error was not caught from a test and caused the test runner to fail on the referenced module.
It most likely originated from a dangling promise, event/timeout handler or top-level code.

Command Injection in effect [0m[38;5;245m=> ./effect_1.0.4/effect.test.js:6:6[0m
[0m[1m[31merror[0m: Error: Cannot find module 'effect'
Require stack:
- /home/bombe/UniSaarland/WebSec-Seminar/deno-SecBench.js/command-injection/effect_1.0.4/effect.test.js
    at [0m[1m[3mModule._resolveFilename[0m ([0m[36mnode:module[0m:[0m[33m620[0m:[0m[33m15[0m)
    at [0m[1m[3mModule._load[0m ([0m[36mnode:module[0m:[0m[33m498[0m:[0m[33m27[0m)
    at [0m[1m[3mModule.require[0m ([0m[36mnode:module[0m:[0m[33m682[0m:[0m[33m19[0m)
    at [0m[1m[3mrequire[0m ([0m[36mnode:module[0m:[0m[33m816[0m:[0m[33m16[0m)
    at [0m[36mfile:///home/bombe/UniSaarland/WebSec-Seminar/deno-SecBench.js/command-injection/effect_1.0.4/effect.test.js[0m:[0m[33m8[0m:[0m[33m16[0m

./effect_1.0.4/effect.test.js (uncaught error)
[0m[1m[31merror[0m: [1mnull[22m
This error was not caught from a test and caused the test runner to fail on the referenced module.
It most likely originated from a dangling promise, event/timeout handler or top-level code.

Command Injection in enpeem [0m[38;5;245m=> ./enpeem_2.2.0/enpeem.test.js:6:6[0m
[0m[1m[31merror[0m: Leaks detected:
  - 2 async calls to op_read were started in this test, but never completed.
  - A child process stderr was opened during the test, but not closed during the test. Close the child process stderr by calling `proc.stderr.close()` or `await child.stderr.cancel()`.
  - A child process stdin was opened during the test, but not closed during the test. Close the child process stdin by calling `proc.stdin.close()`.
  - A child process stdout was opened during the test, but not closed during the test. Close the child process stdout by calling `proc.stdout.close()` or `await child.stdout.cancel()`.
  - A child process was started during the test, but not closed during the test. Close the child process by calling `proc.kill()` or `proc.close()`.
  - An async operation to wait for a subprocess to exit was started in this test, but never completed. This is often caused by not awaiting the result of a `Deno.Process#status` call.
To get more details where leaks occurred, run again with the --trace-leaks flag.

./enpeem_2.2.0/enpeem.test.js (uncaught error)
[0m[1m[31merror[0m: [1mnull[22m
This error was not caught from a test and caused the test runner to fail on the referenced module.
It most likely originated from a dangling promise, event/timeout handler or top-level code.

Command Injection in eslint-fixer [0m[38;5;245m=> ./eslint-fixer_0.1.5/eslint-fixer.test.js:6:6[0m
[0m[1m[31merror[0m: AssertionError: Values are not strictly equal.


    [90m[1m[Diff][22m[39m [31m[1mActual[22m[39m / [32m[1mExpected[22m[39m


[31m[1m-   true[22m[39m
[32m[1m+   false[22m[39m

  throw new AssertionError(message);
[0m[31m        ^[0m
    at [0m[1m[3massertStrictEquals[0m ([0m[36mhttps://jsr.io/@std/assert/1.0.13/strict_equals.ts[0m:[0m[33m66[0m:[0m[33m9[0m)
    at [0m[1m[3mtoBe[0m ([0m[36mhttps://jsr.io/@std/expect/1.0.16/_matchers.ts[0m:[0m[33m33[0m:[0m[33m5[0m)
    at [0m[1m[3mapplyMatcher[0m ([0m[36mhttps://jsr.io/@std/expect/1.0.16/expect.ts[0m:[0m[33m223[0m:[0m[33m13[0m)
    at [0m[1m[3mProxy.<anonymous>[0m ([0m[36mhttps://jsr.io/@std/expect/1.0.16/expect.ts[0m:[0m[33m233[0m:[0m[33m13[0m)
    at [0m[36mfile:///home/bombe/UniSaarland/WebSec-Seminar/deno-SecBench.js/command-injection/eslint-fixer_0.1.5/eslint-fixer.test.js[0m:[0m[33m20[0m:[0m[33m22[0m

./eslint-fixer_0.1.5/eslint-fixer.test.js (uncaught error)
[0m[1m[31merror[0m: [1mnull[22m
This error was not caught from a test and caused the test runner to fail on the referenced module.
It most likely originated from a dangling promise, event/timeout handler or top-level code.

Command Injection in extra-asciinema [0m[38;5;245m=> ./extra-asciinema_1.0.0/extra-asciinema.test.js:6:6[0m
[0m[1m[31merror[0m: AssertionError: Values are not strictly equal.


    [90m[1m[Diff][22m[39m [31m[1mActual[22m[39m / [32m[1mExpected[22m[39m


[31m[1m-   true[22m[39m
[32m[1m+   false[22m[39m

  throw new AssertionError(message);
[0m[31m        ^[0m
    at [0m[1m[3massertStrictEquals[0m ([0m[36mhttps://jsr.io/@std/assert/1.0.13/strict_equals.ts[0m:[0m[33m66[0m:[0m[33m9[0m)
    at [0m[1m[3mtoBe[0m ([0m[36mhttps://jsr.io/@std/expect/1.0.16/_matchers.ts[0m:[0m[33m33[0m:[0m[33m5[0m)
    at [0m[1m[3mapplyMatcher[0m ([0m[36mhttps://jsr.io/@std/expect/1.0.16/expect.ts[0m:[0m[33m223[0m:[0m[33m13[0m)
    at [0m[1m[3mProxy.<anonymous>[0m ([0m[36mhttps://jsr.io/@std/expect/1.0.16/expect.ts[0m:[0m[33m233[0m:[0m[33m13[0m)
    at [0m[36mfile:///home/bombe/UniSaarland/WebSec-Seminar/deno-SecBench.js/command-injection/extra-asciinema_1.0.0/extra-asciinema.test.js[0m:[0m[33m19[0m:[0m[33m22[0m

./extra-asciinema_1.0.0/extra-asciinema.test.js (uncaught error)
[0m[1m[31merror[0m: [1mnull[22m
This error was not caught from a test and caused the test runner to fail on the referenced module.
It most likely originated from a dangling promise, event/timeout handler or top-level code.

Command Injection in ffmpeg-sdk [0m[38;5;245m=> ./ffmpeg-sdk_0.0.5/ffmpeg-sdk.test.js:6:6[0m
[0m[1m[31merror[0m: AssertionError: Values are not strictly equal.


    [90m[1m[Diff][22m[39m [31m[1mActual[22m[39m / [32m[1mExpected[22m[39m


[31m[1m-   true[22m[39m
[32m[1m+   false[22m[39m

  throw new AssertionError(message);
[0m[31m        ^[0m
    at [0m[1m[3massertStrictEquals[0m ([0m[36mhttps://jsr.io/@std/assert/1.0.13/strict_equals.ts[0m:[0m[33m66[0m:[0m[33m9[0m)
    at [0m[1m[3mtoBe[0m ([0m[36mhttps://jsr.io/@std/expect/1.0.16/_matchers.ts[0m:[0m[33m33[0m:[0m[33m5[0m)
    at [0m[1m[3mapplyMatcher[0m ([0m[36mhttps://jsr.io/@std/expect/1.0.16/expect.ts[0m:[0m[33m223[0m:[0m[33m13[0m)
    at [0m[1m[3mProxy.<anonymous>[0m ([0m[36mhttps://jsr.io/@std/expect/1.0.16/expect.ts[0m:[0m[33m233[0m:[0m[33m13[0m)
    at [0m[36mfile:///home/bombe/UniSaarland/WebSec-Seminar/deno-SecBench.js/command-injection/ffmpeg-sdk_0.0.5/ffmpeg-sdk.test.js[0m:[0m[33m20[0m:[0m[33m22[0m

./ffmpeg-sdk_0.0.5/ffmpeg-sdk.test.js (uncaught error)
[0m[1m[31merror[0m: [1mnull[22m
This error was not caught from a test and caused the test runner to fail on the referenced module.
It most likely originated from a dangling promise, event/timeout handler or top-level code.

Command Injection in ffmpegdotjs [0m[38;5;245m=> ./ffmpegdotjs_0.0.4/ffmpegdotjs.test.js:6:6[0m
[0m[1m[31merror[0m: AssertionError: Values are not strictly equal.


    [90m[1m[Diff][22m[39m [31m[1mActual[22m[39m / [32m[1mExpected[22m[39m


[31m[1m-   false[22m[39m
[32m[1m+   true[22m[39m

  throw new AssertionError(message);
[0m[31m        ^[0m
    at [0m[1m[3massertStrictEquals[0m ([0m[36mhttps://jsr.io/@std/assert/1.0.13/strict_equals.ts[0m:[0m[33m66[0m:[0m[33m9[0m)
    at [0m[1m[3mtoBe[0m ([0m[36mhttps://jsr.io/@std/expect/1.0.16/_matchers.ts[0m:[0m[33m33[0m:[0m[33m5[0m)
    at [0m[1m[3mapplyMatcher[0m ([0m[36mhttps://jsr.io/@std/expect/1.0.16/expect.ts[0m:[0m[33m223[0m:[0m[33m13[0m)
    at [0m[1m[3mProxy.<anonymous>[0m ([0m[36mhttps://jsr.io/@std/expect/1.0.16/expect.ts[0m:[0m[33m233[0m:[0m[33m13[0m)
    at [0m[36mfile:///home/bombe/UniSaarland/WebSec-Seminar/deno-SecBench.js/command-injection/ffmpegdotjs_0.0.4/ffmpegdotjs.test.js[0m:[0m[33m26[0m:[0m[33m26[0m
    at [0m[36m<anonymous>[0m

./ffmpegdotjs_0.0.4/ffmpegdotjs.test.js (uncaught error)
[0m[1m[31merror[0m: [1mnull[22m
This error was not caught from a test and caused the test runner to fail on the referenced module.
It most likely originated from a dangling promise, event/timeout handler or top-level code.

Command Injection in find-process [0m[38;5;245m=> ./find-process_1.4.4/find-process.test.js:6:6[0m
[0m[1m[31merror[0m: ReferenceError: file_exist is not defined
      file_exist = fs.existsSync(path);
[0m[31m                 ^[0m
    at [0m[36mfile:///home/bombe/UniSaarland/WebSec-Seminar/deno-SecBench.js/command-injection/find-process_1.4.4/find-process.test.js[0m:[0m[33m14[0m:[0m[33m18[0m

./find-process_1.4.4/find-process.test.js (uncaught error)
[0m[1m[31merror[0m: [1mnull[22m
This error was not caught from a test and caused the test runner to fail on the referenced module.
It most likely originated from a dangling promise, event/timeout handler or top-level code.

Command Injection in freespace [0m[38;5;245m=> ./freespace_1.0.4/freespace.test.js:6:6[0m
[0m[1m[31merror[0m: AssertionError: Values are not strictly equal.


    [90m[1m[Diff][22m[39m [31m[1mActual[22m[39m / [32m[1mExpected[22m[39m


[31m[1m-   true[22m[39m
[32m[1m+   false[22m[39m

  throw new AssertionError(message);
[0m[31m        ^[0m
    at [0m[1m[3massertStrictEquals[0m ([0m[36mhttps://jsr.io/@std/assert/1.0.13/strict_equals.ts[0m:[0m[33m66[0m:[0m[33m9[0m)
    at [0m[1m[3mtoBe[0m ([0m[36mhttps://jsr.io/@std/expect/1.0.16/_matchers.ts[0m:[0m[33m33[0m:[0m[33m5[0m)
    at [0m[1m[3mapplyMatcher[0m ([0m[36mhttps://jsr.io/@std/expect/1.0.16/expect.ts[0m:[0m[33m223[0m:[0m[33m13[0m)
    at [0m[1m[3mProxy.<anonymous>[0m ([0m[36mhttps://jsr.io/@std/expect/1.0.16/expect.ts[0m:[0m[33m233[0m:[0m[33m13[0m)
    at [0m[36mfile:///home/bombe/UniSaarland/WebSec-Seminar/deno-SecBench.js/command-injection/freespace_1.0.4/freespace.test.js[0m:[0m[33m19[0m:[0m[33m22[0m

./freespace_1.0.4/freespace.test.js (uncaught error)
[0m[1m[31merror[0m: [1mnull[22m
This error was not caught from a test and caused the test runner to fail on the referenced module.
It most likely originated from a dangling promise, event/timeout handler or top-level code.

Command Injection in geojson2kml [0m[38;5;245m=> ./geojson2kml_0.1.1/geojson2kml.test.js:6:6[0m
[0m[1m[31merror[0m: AssertionError: Values are not strictly equal.


    [90m[1m[Diff][22m[39m [31m[1mActual[22m[39m / [32m[1mExpected[22m[39m


[31m[1m-   true[22m[39m
[32m[1m+   false[22m[39m

  throw new AssertionError(message);
[0m[31m        ^[0m
    at [0m[1m[3massertStrictEquals[0m ([0m[36mhttps://jsr.io/@std/assert/1.0.13/strict_equals.ts[0m:[0m[33m66[0m:[0m[33m9[0m)
    at [0m[1m[3mtoBe[0m ([0m[36mhttps://jsr.io/@std/expect/1.0.16/_matchers.ts[0m:[0m[33m33[0m:[0m[33m5[0m)
    at [0m[1m[3mapplyMatcher[0m ([0m[36mhttps://jsr.io/@std/expect/1.0.16/expect.ts[0m:[0m[33m223[0m:[0m[33m13[0m)
    at [0m[1m[3mProxy.<anonymous>[0m ([0m[36mhttps://jsr.io/@std/expect/1.0.16/expect.ts[0m:[0m[33m233[0m:[0m[33m13[0m)
    at [0m[36mfile:///home/bombe/UniSaarland/WebSec-Seminar/deno-SecBench.js/command-injection/geojson2kml_0.1.1/geojson2kml.test.js[0m:[0m[33m20[0m:[0m[33m22[0m

./geojson2kml_0.1.1/geojson2kml.test.js (uncaught error)
[0m[1m[31merror[0m: [1mnull[22m
This error was not caught from a test and caused the test runner to fail on the referenced module.
It most likely originated from a dangling promise, event/timeout handler or top-level code.

Command Injection in get-npm-package-version [0m[38;5;245m=> ./get-npm-package-version_1.0.6/get-npm-package-version.test.js:6:6[0m
[0m[1m[31merror[0m: AssertionError: Values are not strictly equal.


    [90m[1m[Diff][22m[39m [31m[1mActual[22m[39m / [32m[1mExpected[22m[39m


[31m[1m-   true[22m[39m
[32m[1m+   false[22m[39m

  throw new AssertionError(message);
[0m[31m        ^[0m
    at [0m[1m[3massertStrictEquals[0m ([0m[36mhttps://jsr.io/@std/assert/1.0.13/strict_equals.ts[0m:[0m[33m66[0m:[0m[33m9[0m)
    at [0m[1m[3mtoBe[0m ([0m[36mhttps://jsr.io/@std/expect/1.0.16/_matchers.ts[0m:[0m[33m33[0m:[0m[33m5[0m)
    at [0m[1m[3mapplyMatcher[0m ([0m[36mhttps://jsr.io/@std/expect/1.0.16/expect.ts[0m:[0m[33m223[0m:[0m[33m13[0m)
    at [0m[1m[3mProxy.<anonymous>[0m ([0m[36mhttps://jsr.io/@std/expect/1.0.16/expect.ts[0m:[0m[33m233[0m:[0m[33m13[0m)
    at [0m[36mfile:///home/bombe/UniSaarland/WebSec-Seminar/deno-SecBench.js/command-injection/get-npm-package-version_1.0.6/get-npm-package-version.test.js[0m:[0m[33m20[0m:[0m[33m22[0m

./get-npm-package-version_1.0.6/get-npm-package-version.test.js (uncaught error)
[0m[1m[31merror[0m: [1mnull[22m
This error was not caught from a test and caused the test runner to fail on the referenced module.
It most likely originated from a dangling promise, event/timeout handler or top-level code.

Command Injection in git-add-remote [0m[38;5;245m=> ./git-add-remote_1.0.0/git-add-remote.test.js:6:6[0m
[0m[1m[31merror[0m: AssertionError: Values are not strictly equal.


    [90m[1m[Diff][22m[39m [31m[1mActual[22m[39m / [32m[1mExpected[22m[39m


[31m[1m-   true[22m[39m
[32m[1m+   false[22m[39m

  throw new AssertionError(message);
[0m[31m        ^[0m
    at [0m[1m[3massertStrictEquals[0m ([0m[36mhttps://jsr.io/@std/assert/1.0.13/strict_equals.ts[0m:[0m[33m66[0m:[0m[33m9[0m)
    at [0m[1m[3mtoBe[0m ([0m[36mhttps://jsr.io/@std/expect/1.0.16/_matchers.ts[0m:[0m[33m33[0m:[0m[33m5[0m)
    at [0m[1m[3mapplyMatcher[0m ([0m[36mhttps://jsr.io/@std/expect/1.0.16/expect.ts[0m:[0m[33m223[0m:[0m[33m13[0m)
    at [0m[1m[3mProxy.<anonymous>[0m ([0m[36mhttps://jsr.io/@std/expect/1.0.16/expect.ts[0m:[0m[33m233[0m:[0m[33m13[0m)
    at [0m[36mfile:///home/bombe/UniSaarland/WebSec-Seminar/deno-SecBench.js/command-injection/git-add-remote_1.0.0/git-add-remote.test.js[0m:[0m[33m20[0m:[0m[33m22[0m

./git-add-remote_1.0.0/git-add-remote.test.js (uncaught error)
[0m[1m[31merror[0m: [1mnull[22m
This error was not caught from a test and caused the test runner to fail on the referenced module.
It most likely originated from a dangling promise, event/timeout handler or top-level code.

Command Injection in git-dummy-commit [0m[38;5;245m=> ./git-dummy-commit_1.3.0/git-dummy-commit.test.js:6:6[0m
[0m[1m[31merror[0m: AssertionError: Values are not strictly equal.


    [90m[1m[Diff][22m[39m [31m[1mActual[22m[39m / [32m[1mExpected[22m[39m


[31m[1m-   false[22m[39m
[32m[1m+   true[22m[39m

  throw new AssertionError(message);
[0m[31m        ^[0m
    at [0m[1m[3massertStrictEquals[0m ([0m[36mhttps://jsr.io/@std/assert/1.0.13/strict_equals.ts[0m:[0m[33m66[0m:[0m[33m9[0m)
    at [0m[1m[3mtoBe[0m ([0m[36mhttps://jsr.io/@std/expect/1.0.16/_matchers.ts[0m:[0m[33m33[0m:[0m[33m5[0m)
    at [0m[1m[3mapplyMatcher[0m ([0m[36mhttps://jsr.io/@std/expect/1.0.16/expect.ts[0m:[0m[33m223[0m:[0m[33m13[0m)
    at [0m[1m[3mProxy.<anonymous>[0m ([0m[36mhttps://jsr.io/@std/expect/1.0.16/expect.ts[0m:[0m[33m233[0m:[0m[33m13[0m)
    at [0m[36mfile:///home/bombe/UniSaarland/WebSec-Seminar/deno-SecBench.js/command-injection/git-dummy-commit_1.3.0/git-dummy-commit.test.js[0m:[0m[33m23[0m:[0m[33m22[0m

./git-dummy-commit_1.3.0/git-dummy-commit.test.js (uncaught error)
[0m[1m[31merror[0m: [1mnull[22m
This error was not caught from a test and caused the test runner to fail on the referenced module.
It most likely originated from a dangling promise, event/timeout handler or top-level code.

Remote code execution in git-lib [0m[38;5;245m=> ./git-lib_1.6.0/git-lib.test.js:6:6[0m
[0m[1m[31merror[0m: AssertionError: Values are not strictly equal.


    [90m[1m[Diff][22m[39m [31m[1mActual[22m[39m / [32m[1mExpected[22m[39m


[31m[1m-   true[22m[39m
[32m[1m+   false[22m[39m

  throw new AssertionError(message);
[0m[31m        ^[0m
    at [0m[1m[3massertStrictEquals[0m ([0m[36mhttps://jsr.io/@std/assert/1.0.13/strict_equals.ts[0m:[0m[33m66[0m:[0m[33m9[0m)
    at [0m[1m[3mtoBe[0m ([0m[36mhttps://jsr.io/@std/expect/1.0.16/_matchers.ts[0m:[0m[33m33[0m:[0m[33m5[0m)
    at [0m[1m[3mapplyMatcher[0m ([0m[36mhttps://jsr.io/@std/expect/1.0.16/expect.ts[0m:[0m[33m223[0m:[0m[33m13[0m)
    at [0m[1m[3mProxy.<anonymous>[0m ([0m[36mhttps://jsr.io/@std/expect/1.0.16/expect.ts[0m:[0m[33m233[0m:[0m[33m13[0m)
    at [0m[36mfile:///home/bombe/UniSaarland/WebSec-Seminar/deno-SecBench.js/command-injection/git-lib_1.6.0/git-lib.test.js[0m:[0m[33m19[0m:[0m[33m22[0m

./git-lib_1.6.0/git-lib.test.js (uncaught error)
[0m[1m[31merror[0m: [1mnull[22m
This error was not caught from a test and caused the test runner to fail on the referenced module.
It most likely originated from a dangling promise, event/timeout handler or top-level code.

Command Injection in git-parse [0m[38;5;245m=> ./git-parse_1.0.4/git-parse.test.js:6:6[0m
[0m[1m[31merror[0m: TypeError: util.promisify requires a true ES5 environment, that also supports `__proto__`
    at [0m[36mfile:///home/bombe/UniSaarland/WebSec-Seminar/deno-SecBench.js/command-injection/git-parse_1.0.4/node_modules/util.promisify/implementation.js[0m:[0m[33m9[0m:[0m[33m8[0m
    at [0m[1m[3mObject.<anonymous>[0m ([0m[36mfile:///home/bombe/UniSaarland/WebSec-Seminar/deno-SecBench.js/command-injection/git-parse_1.0.4/node_modules/util.promisify/implementation.js[0m:[0m[33m90[0m:[0m[33m3[0m)
    at [0m[1m[3mModule._compile[0m ([0m[36mnode:module[0m:[0m[33m745[0m:[0m[33m34[0m)
    at [0m[1m[3mloadMaybeCjs[0m ([0m[36mnode:module[0m:[0m[33m770[0m:[0m[33m10[0m)
    at [0m[1m[3mObject.Module._extensions..js[0m ([0m[36mnode:module[0m:[0m[33m755[0m:[0m[33m12[0m)
    at [0m[1m[3mModule.load[0m ([0m[36mnode:module[0m:[0m[33m663[0m:[0m[33m32[0m)
    at [0m[1m[3mModule._load[0m ([0m[36mnode:module[0m:[0m[33m535[0m:[0m[33m12[0m)
    at [0m[1m[3mModule.require[0m ([0m[36mnode:module[0m:[0m[33m682[0m:[0m[33m19[0m)
    at [0m[1m[3mrequire[0m ([0m[36mnode:module[0m:[0m[33m816[0m:[0m[33m16[0m)
    at [0m[36mfile:///home/bombe/UniSaarland/WebSec-Seminar/deno-SecBench.js/command-injection/git-parse_1.0.4/node_modules/util.promisify/index.js[0m:[0m[33m6[0m:[0m[33m22[0m

./git-parse_1.0.4/git-parse.test.js (uncaught error)
[0m[1m[31merror[0m: [1mnull[22m
This error was not caught from a test and caused the test runner to fail on the referenced module.
It most likely originated from a dangling promise, event/timeout handler or top-level code.

Command Injection in git-tags-remote [0m[38;5;245m=> ./git-tags-remote_1.0.2/git-tags-remote.test.js:6:6[0m
[0m[1m[31merror[0m: AssertionError: Values are not strictly equal.


    [90m[1m[Diff][22m[39m [31m[1mActual[22m[39m / [32m[1mExpected[22m[39m


[31m[1m-   true[22m[39m
[32m[1m+   false[22m[39m

  throw new AssertionError(message);
[0m[31m        ^[0m
    at [0m[1m[3massertStrictEquals[0m ([0m[36mhttps://jsr.io/@std/assert/1.0.13/strict_equals.ts[0m:[0m[33m66[0m:[0m[33m9[0m)
    at [0m[1m[3mtoBe[0m ([0m[36mhttps://jsr.io/@std/expect/1.0.16/_matchers.ts[0m:[0m[33m33[0m:[0m[33m5[0m)
    at [0m[1m[3mapplyMatcher[0m ([0m[36mhttps://jsr.io/@std/expect/1.0.16/expect.ts[0m:[0m[33m223[0m:[0m[33m13[0m)
    at [0m[1m[3mProxy.<anonymous>[0m ([0m[36mhttps://jsr.io/@std/expect/1.0.16/expect.ts[0m:[0m[33m233[0m:[0m[33m13[0m)
    at [0m[36mfile:///home/bombe/UniSaarland/WebSec-Seminar/deno-SecBench.js/command-injection/git-tags-remote_1.0.2/git-tags-remote.test.js[0m:[0m[33m19[0m:[0m[33m22[0m

./git-tags-remote_1.0.2/git-tags-remote.test.js (uncaught error)
[0m[1m[31merror[0m: [1mnull[22m
This error was not caught from a test and caused the test runner to fail on the referenced module.
It most likely originated from a dangling promise, event/timeout handler or top-level code.

Remote code execution in git [0m[38;5;245m=> ./git_0.1.5/git.test.js:6:6[0m
[0m[1m[31merror[0m: AssertionError: Values are not strictly equal.


    [90m[1m[Diff][22m[39m [31m[1mActual[22m[39m / [32m[1mExpected[22m[39m


[31m[1m-   true[22m[39m
[32m[1m+   false[22m[39m

  throw new AssertionError(message);
[0m[31m        ^[0m
    at [0m[1m[3massertStrictEquals[0m ([0m[36mhttps://jsr.io/@std/assert/1.0.13/strict_equals.ts[0m:[0m[33m66[0m:[0m[33m9[0m)
    at [0m[1m[3mtoBe[0m ([0m[36mhttps://jsr.io/@std/expect/1.0.16/_matchers.ts[0m:[0m[33m33[0m:[0m[33m5[0m)
    at [0m[1m[3mapplyMatcher[0m ([0m[36mhttps://jsr.io/@std/expect/1.0.16/expect.ts[0m:[0m[33m223[0m:[0m[33m13[0m)
    at [0m[1m[3mProxy.<anonymous>[0m ([0m[36mhttps://jsr.io/@std/expect/1.0.16/expect.ts[0m:[0m[33m233[0m:[0m[33m13[0m)
    at [0m[36mfile:///home/bombe/UniSaarland/WebSec-Seminar/deno-SecBench.js/command-injection/git_0.1.5/git.test.js[0m:[0m[33m21[0m:[0m[33m22[0m

./git_0.1.5/git.test.js (uncaught error)
[0m[1m[31merror[0m: [1mnull[22m
This error was not caught from a test and caused the test runner to fail on the referenced module.
It most likely originated from a dangling promise, event/timeout handler or top-level code.

Command Injection in gitblame [0m[38;5;245m=> ./gitblame_0.1.1/gitblame.test.js:6:6[0m
[0m[1m[31merror[0m: AssertionError: Values are not strictly equal.


    [90m[1m[Diff][22m[39m [31m[1mActual[22m[39m / [32m[1mExpected[22m[39m


[31m[1m-   true[22m[39m
[32m[1m+   false[22m[39m

  throw new AssertionError(message);
[0m[31m        ^[0m
    at [0m[1m[3massertStrictEquals[0m ([0m[36mhttps://jsr.io/@std/assert/1.0.13/strict_equals.ts[0m:[0m[33m66[0m:[0m[33m9[0m)
    at [0m[1m[3mtoBe[0m ([0m[36mhttps://jsr.io/@std/expect/1.0.16/_matchers.ts[0m:[0m[33m33[0m:[0m[33m5[0m)
    at [0m[1m[3mapplyMatcher[0m ([0m[36mhttps://jsr.io/@std/expect/1.0.16/expect.ts[0m:[0m[33m223[0m:[0m[33m13[0m)
    at [0m[1m[3mProxy.<anonymous>[0m ([0m[36mhttps://jsr.io/@std/expect/1.0.16/expect.ts[0m:[0m[33m233[0m:[0m[33m13[0m)
    at [0m[36mfile:///home/bombe/UniSaarland/WebSec-Seminar/deno-SecBench.js/command-injection/gitblame_0.1.1/gitblame.test.js[0m:[0m[33m19[0m:[0m[33m22[0m

./gitblame_0.1.1/gitblame.test.js (uncaught error)
[0m[1m[31merror[0m: [1mnull[22m
This error was not caught from a test and caused the test runner to fail on the referenced module.
It most likely originated from a dangling promise, event/timeout handler or top-level code.

Command Injection in giting [0m[38;5;245m=> ./giting_0.0.7/giting.test.js:6:6[0m
[0m[1m[31merror[0m: Leaks detected:
  - 2 async calls to op_read were started in this test, but never completed.
  - A child process stderr was opened during the test, but not closed during the test. Close the child process stderr by calling `proc.stderr.close()` or `await child.stderr.cancel()`.
  - A child process stdin was opened during the test, but not closed during the test. Close the child process stdin by calling `proc.stdin.close()`.
  - A child process stdout was opened during the test, but not closed during the test. Close the child process stdout by calling `proc.stdout.close()` or `await child.stdout.cancel()`.
  - A child process was started during the test, but not closed during the test. Close the child process by calling `proc.kill()` or `proc.close()`.
  - An async operation to wait for a subprocess to exit was started in this test, but never completed. This is often caused by not awaiting the result of a `Deno.Process#status` call.
To get more details where leaks occurred, run again with the --trace-leaks flag.

./giting_0.0.7/giting.test.js (uncaught error)
[0m[1m[31merror[0m: [1mnull[22m
This error was not caught from a test and caused the test runner to fail on the referenced module.
It most likely originated from a dangling promise, event/timeout handler or top-level code.

Remote code execution in gity [0m[38;5;245m=> ./gity_1.0.5/gity.test.js:6:6[0m
[0m[1m[31merror[0m: Error: Cannot find module 'gity'
Require stack:
- /home/bombe/UniSaarland/WebSec-Seminar/deno-SecBench.js/command-injection/gity_1.0.5/gity.test.js
    at [0m[1m[3mModule._resolveFilename[0m ([0m[36mnode:module[0m:[0m[33m620[0m:[0m[33m15[0m)
    at [0m[1m[3mModule._load[0m ([0m[36mnode:module[0m:[0m[33m498[0m:[0m[33m27[0m)
    at [0m[1m[3mModule.require[0m ([0m[36mnode:module[0m:[0m[33m682[0m:[0m[33m19[0m)
    at [0m[1m[3mrequire[0m ([0m[36mnode:module[0m:[0m[33m816[0m:[0m[33m16[0m)
    at [0m[36mfile:///home/bombe/UniSaarland/WebSec-Seminar/deno-SecBench.js/command-injection/gity_1.0.5/gity.test.js[0m:[0m[33m8[0m:[0m[33m15[0m

./gity_1.0.5/gity.test.js (uncaught error)
[0m[1m[31merror[0m: [1mnull[22m
This error was not caught from a test and caused the test runner to fail on the referenced module.
It most likely originated from a dangling promise, event/timeout handler or top-level code.

./gm_1.20.0/gm.test.js (uncaught error)
[0m[1m[31merror[0m: (in promise) ReferenceError: Cannot access 'require' before initialization
const { doesNotMatch } = require("assert");
[0m[31m                         ^[0m
    at [0m[36mfile:///home/bombe/UniSaarland/WebSec-Seminar/deno-SecBench.js/command-injection/gm_1.20.0/gm.test.js[0m:[0m[33m1[0m:[0m[33m26[0m
This error was not caught from a test and caused the test runner to fail on the referenced module.
It most likely originated from a dangling promise, event/timeout handler or top-level code.

Command Injection in google-cloudstorage-commands [0m[38;5;245m=> ./google-cloudstorage-commands_0.0.1/google-cloudstorage-commands.test.js:6:6[0m
[0m[1m[31merror[0m: AssertionError: Values are not strictly equal.


    [90m[1m[Diff][22m[39m [31m[1mActual[22m[39m / [32m[1mExpected[22m[39m


[31m[1m-   true[22m[39m
[32m[1m+   false[22m[39m

  throw new AssertionError(message);
[0m[31m        ^[0m
    at [0m[1m[3massertStrictEquals[0m ([0m[36mhttps://jsr.io/@std/assert/1.0.13/strict_equals.ts[0m:[0m[33m66[0m:[0m[33m9[0m)
    at [0m[1m[3mtoBe[0m ([0m[36mhttps://jsr.io/@std/expect/1.0.16/_matchers.ts[0m:[0m[33m33[0m:[0m[33m5[0m)
    at [0m[1m[3mapplyMatcher[0m ([0m[36mhttps://jsr.io/@std/expect/1.0.16/expect.ts[0m:[0m[33m223[0m:[0m[33m13[0m)
    at [0m[1m[3mProxy.<anonymous>[0m ([0m[36mhttps://jsr.io/@std/expect/1.0.16/expect.ts[0m:[0m[33m233[0m:[0m[33m13[0m)
    at [0m[36mfile:///home/bombe/UniSaarland/WebSec-Seminar/deno-SecBench.js/command-injection/google-cloudstorage-commands_0.0.1/google-cloudstorage-commands.test.js[0m:[0m[33m20[0m:[0m[33m22[0m

./google-cloudstorage-commands_0.0.1/google-cloudstorage-commands.test.js (uncaught error)
[0m[1m[31merror[0m: [1mnull[22m
This error was not caught from a test and caused the test runner to fail on the referenced module.
It most likely originated from a dangling promise, event/timeout handler or top-level code.

Command Injection in growl [0m[38;5;245m=> ./growl_1.9.0/growl.test.js:6:6[0m
[0m[1m[31merror[0m: AssertionError: Values are not strictly equal.


    [90m[1m[Diff][22m[39m [31m[1mActual[22m[39m / [32m[1mExpected[22m[39m


[31m[1m-   true[22m[39m
[32m[1m+   false[22m[39m

  throw new AssertionError(message);
[0m[31m        ^[0m
    at [0m[1m[3massertStrictEquals[0m ([0m[36mhttps://jsr.io/@std/assert/1.0.13/strict_equals.ts[0m:[0m[33m66[0m:[0m[33m9[0m)
    at [0m[1m[3mtoBe[0m ([0m[36mhttps://jsr.io/@std/expect/1.0.16/_matchers.ts[0m:[0m[33m33[0m:[0m[33m5[0m)
    at [0m[1m[3mapplyMatcher[0m ([0m[36mhttps://jsr.io/@std/expect/1.0.16/expect.ts[0m:[0m[33m223[0m:[0m[33m13[0m)
    at [0m[1m[3mProxy.<anonymous>[0m ([0m[36mhttps://jsr.io/@std/expect/1.0.16/expect.ts[0m:[0m[33m233[0m:[0m[33m13[0m)
    at [0m[36mfile:///home/bombe/UniSaarland/WebSec-Seminar/deno-SecBench.js/command-injection/growl_1.9.0/growl.test.js[0m:[0m[33m20[0m:[0m[33m22[0m

./growl_1.9.0/growl.test.js (uncaught error)
[0m[1m[31merror[0m: [1mnull[22m
This error was not caught from a test and caused the test runner to fail on the referenced module.
It most likely originated from a dangling promise, event/timeout handler or top-level code.

Command Injection in gry [0m[38;5;245m=> ./gry_5.0.8/gry.test.js:6:6[0m
[0m[1m[31merror[0m: Leaks detected:
  - 2 async calls to op_read were started in this test, but never completed.
  - A child process stderr was opened during the test, but not closed during the test. Close the child process stderr by calling `proc.stderr.close()` or `await child.stderr.cancel()`.
  - A child process stdin was opened during the test, but not closed during the test. Close the child process stdin by calling `proc.stdin.close()`.
  - A child process stdout was opened during the test, but not closed during the test. Close the child process stdout by calling `proc.stdout.close()` or `await child.stdout.cancel()`.
  - A child process was started during the test, but not closed during the test. Close the child process by calling `proc.kill()` or `proc.close()`.
  - An async operation to wait for a subprocess to exit was started in this test, but never completed. This is often caused by not awaiting the result of a `Deno.Process#status` call.
To get more details where leaks occurred, run again with the --trace-leaks flag.

./gry_5.0.8/gry.test.js (uncaught error)
[0m[1m[31merror[0m: [1mnull[22m
This error was not caught from a test and caused the test runner to fail on the referenced module.
It most likely originated from a dangling promise, event/timeout handler or top-level code.

Command Injection in heroku-env [0m[38;5;245m=> ./heroku-env_0.2.0/heroku-env.test.js:6:6[0m
[0m[1m[31merror[0m: AssertionError: Values are not strictly equal.


    [90m[1m[Diff][22m[39m [31m[1mActual[22m[39m / [32m[1mExpected[22m[39m


[31m[1m-   true[22m[39m
[32m[1m+   false[22m[39m

  throw new AssertionError(message);
[0m[31m        ^[0m
    at [0m[1m[3massertStrictEquals[0m ([0m[36mhttps://jsr.io/@std/assert/1.0.13/strict_equals.ts[0m:[0m[33m66[0m:[0m[33m9[0m)
    at [0m[1m[3mtoBe[0m ([0m[36mhttps://jsr.io/@std/expect/1.0.16/_matchers.ts[0m:[0m[33m33[0m:[0m[33m5[0m)
    at [0m[1m[3mapplyMatcher[0m ([0m[36mhttps://jsr.io/@std/expect/1.0.16/expect.ts[0m:[0m[33m223[0m:[0m[33m13[0m)
    at [0m[1m[3mProxy.<anonymous>[0m ([0m[36mhttps://jsr.io/@std/expect/1.0.16/expect.ts[0m:[0m[33m233[0m:[0m[33m13[0m)
    at [0m[36mfile:///home/bombe/UniSaarland/WebSec-Seminar/deno-SecBench.js/command-injection/heroku-env_0.2.0/heroku-env.test.js[0m:[0m[33m20[0m:[0m[33m22[0m

./heroku-env_0.2.0/heroku-env.test.js (uncaught error)
[0m[1m[31merror[0m: [1mnull[22m
This error was not caught from a test and caused the test runner to fail on the referenced module.
It most likely originated from a dangling promise, event/timeout handler or top-level code.

Command Injection in hot-formula-parser [0m[38;5;245m=> ./hot-formula-parser_3.0.0/hot-formula-parser.test.js:6:6[0m
[0m[1m[31merror[0m: AssertionError: Values are not strictly equal.


    [90m[1m[Diff][22m[39m [31m[1mActual[22m[39m / [32m[1mExpected[22m[39m


[31m[1m-   true[22m[39m
[32m[1m+   false[22m[39m

  throw new AssertionError(message);
[0m[31m        ^[0m
    at [0m[1m[3massertStrictEquals[0m ([0m[36mhttps://jsr.io/@std/assert/1.0.13/strict_equals.ts[0m:[0m[33m66[0m:[0m[33m9[0m)
    at [0m[1m[3mtoBe[0m ([0m[36mhttps://jsr.io/@std/expect/1.0.16/_matchers.ts[0m:[0m[33m33[0m:[0m[33m5[0m)
    at [0m[1m[3mapplyMatcher[0m ([0m[36mhttps://jsr.io/@std/expect/1.0.16/expect.ts[0m:[0m[33m223[0m:[0m[33m13[0m)
    at [0m[1m[3mProxy.<anonymous>[0m ([0m[36mhttps://jsr.io/@std/expect/1.0.16/expect.ts[0m:[0m[33m233[0m:[0m[33m13[0m)
    at [0m[36mfile:///home/bombe/UniSaarland/WebSec-Seminar/deno-SecBench.js/command-injection/hot-formula-parser_3.0.0/hot-formula-parser.test.js[0m:[0m[33m20[0m:[0m[33m22[0m

./hot-formula-parser_3.0.0/hot-formula-parser.test.js (uncaught error)
[0m[1m[31merror[0m: [1mnull[22m
This error was not caught from a test and caused the test runner to fail on the referenced module.
It most likely originated from a dangling promise, event/timeout handler or top-level code.

Command Injection in im-metadata [0m[38;5;245m=> ./im-metadata_3.0.1/im-metadata.test.js:6:6[0m
[0m[1m[31merror[0m: AssertionError: Values are not strictly equal.


    [90m[1m[Diff][22m[39m [31m[1mActual[22m[39m / [32m[1mExpected[22m[39m


[31m[1m-   true[22m[39m
[32m[1m+   false[22m[39m

  throw new AssertionError(message);
[0m[31m        ^[0m
    at [0m[1m[3massertStrictEquals[0m ([0m[36mhttps://jsr.io/@std/assert/1.0.13/strict_equals.ts[0m:[0m[33m66[0m:[0m[33m9[0m)
    at [0m[1m[3mtoBe[0m ([0m[36mhttps://jsr.io/@std/expect/1.0.16/_matchers.ts[0m:[0m[33m33[0m:[0m[33m5[0m)
    at [0m[1m[3mapplyMatcher[0m ([0m[36mhttps://jsr.io/@std/expect/1.0.16/expect.ts[0m:[0m[33m223[0m:[0m[33m13[0m)
    at [0m[1m[3mProxy.<anonymous>[0m ([0m[36mhttps://jsr.io/@std/expect/1.0.16/expect.ts[0m:[0m[33m233[0m:[0m[33m13[0m)
    at [0m[36mfile:///home/bombe/UniSaarland/WebSec-Seminar/deno-SecBench.js/command-injection/im-metadata_3.0.1/im-metadata.test.js[0m:[0m[33m20[0m:[0m[33m22[0m

./im-metadata_3.0.1/im-metadata.test.js (uncaught error)
[0m[1m[31merror[0m: [1mnull[22m
This error was not caught from a test and caused the test runner to fail on the referenced module.
It most likely originated from a dangling promise, event/timeout handler or top-level code.

Command Injection in im-resize [0m[38;5;245m=> ./im-resize_2.3.2/im-resize.test.js:6:6[0m
[0m[1m[31merror[0m: AssertionError: Values are not strictly equal.


    [90m[1m[Diff][22m[39m [31m[1mActual[22m[39m / [32m[1mExpected[22m[39m


[31m[1m-   true[22m[39m
[32m[1m+   false[22m[39m

  throw new AssertionError(message);
[0m[31m        ^[0m
    at [0m[1m[3massertStrictEquals[0m ([0m[36mhttps://jsr.io/@std/assert/1.0.13/strict_equals.ts[0m:[0m[33m66[0m:[0m[33m9[0m)
    at [0m[1m[3mtoBe[0m ([0m[36mhttps://jsr.io/@std/expect/1.0.16/_matchers.ts[0m:[0m[33m33[0m:[0m[33m5[0m)
    at [0m[1m[3mapplyMatcher[0m ([0m[36mhttps://jsr.io/@std/expect/1.0.16/expect.ts[0m:[0m[33m223[0m:[0m[33m13[0m)
    at [0m[1m[3mProxy.<anonymous>[0m ([0m[36mhttps://jsr.io/@std/expect/1.0.16/expect.ts[0m:[0m[33m233[0m:[0m[33m13[0m)
    at [0m[36mfile:///home/bombe/UniSaarland/WebSec-Seminar/deno-SecBench.js/command-injection/im-resize_2.3.2/im-resize.test.js[0m:[0m[33m20[0m:[0m[33m22[0m

./im-resize_2.3.2/im-resize.test.js (uncaught error)
[0m[1m[31merror[0m: [1mnull[22m
This error was not caught from a test and caused the test runner to fail on the referenced module.
It most likely originated from a dangling promise, event/timeout handler or top-level code.

Remote code execution in imagickal [0m[38;5;245m=> ./imagickal_5.0.1/imagickal.test.js:6:6[0m
[0m[1m[31merror[0m: AssertionError: Values are not strictly equal.


    [90m[1m[Diff][22m[39m [31m[1mActual[22m[39m / [32m[1mExpected[22m[39m


[31m[1m-   true[22m[39m
[32m[1m+   false[22m[39m

  throw new AssertionError(message);
[0m[31m        ^[0m
    at [0m[1m[3massertStrictEquals[0m ([0m[36mhttps://jsr.io/@std/assert/1.0.13/strict_equals.ts[0m:[0m[33m66[0m:[0m[33m9[0m)
    at [0m[1m[3mtoBe[0m ([0m[36mhttps://jsr.io/@std/expect/1.0.16/_matchers.ts[0m:[0m[33m33[0m:[0m[33m5[0m)
    at [0m[1m[3mapplyMatcher[0m ([0m[36mhttps://jsr.io/@std/expect/1.0.16/expect.ts[0m:[0m[33m223[0m:[0m[33m13[0m)
    at [0m[1m[3mProxy.<anonymous>[0m ([0m[36mhttps://jsr.io/@std/expect/1.0.16/expect.ts[0m:[0m[33m233[0m:[0m[33m13[0m)
    at [0m[36mfile:///home/bombe/UniSaarland/WebSec-Seminar/deno-SecBench.js/command-injection/imagickal_5.0.1/imagickal.test.js[0m:[0m[33m20[0m:[0m[33m22[0m

./imagickal_5.0.1/imagickal.test.js (uncaught error)
[0m[1m[31merror[0m: [1mnull[22m
This error was not caught from a test and caused the test runner to fail on the referenced module.
It most likely originated from a dangling promise, event/timeout handler or top-level code.

Command Injection in jison [0m[38;5;245m=> ./jison_0.4.17/jison.test.js:6:6[0m
[0m[1m[31merror[0m: ReferenceError: exec is not defined
  exec = require("child_process").exec;
[0m[31m       ^[0m
    at [0m[36mfile:///home/bombe/UniSaarland/WebSec-Seminar/deno-SecBench.js/command-injection/jison_0.4.17/jison.test.js[0m:[0m[33m8[0m:[0m[33m8[0m

./jison_0.4.17/jison.test.js (uncaught error)
[0m[1m[31merror[0m: [1mnull[22m
This error was not caught from a test and caused the test runner to fail on the referenced module.
It most likely originated from a dangling promise, event/timeout handler or top-level code.

Command Injection in kill-by-port [0m[38;5;245m=> ./kill-by-port_0.0.1/kill-by-port.test.js:6:6[0m
[0m[1m[31merror[0m: AssertionError: Values are not strictly equal.


    [90m[1m[Diff][22m[39m [31m[1mActual[22m[39m / [32m[1mExpected[22m[39m


[31m[1m-   true[22m[39m
[32m[1m+   false[22m[39m

  throw new AssertionError(message);
[0m[31m        ^[0m
    at [0m[1m[3massertStrictEquals[0m ([0m[36mhttps://jsr.io/@std/assert/1.0.13/strict_equals.ts[0m:[0m[33m66[0m:[0m[33m9[0m)
    at [0m[1m[3mtoBe[0m ([0m[36mhttps://jsr.io/@std/expect/1.0.16/_matchers.ts[0m:[0m[33m33[0m:[0m[33m5[0m)
    at [0m[1m[3mapplyMatcher[0m ([0m[36mhttps://jsr.io/@std/expect/1.0.16/expect.ts[0m:[0m[33m223[0m:[0m[33m13[0m)
    at [0m[1m[3mProxy.<anonymous>[0m ([0m[36mhttps://jsr.io/@std/expect/1.0.16/expect.ts[0m:[0m[33m233[0m:[0m[33m13[0m)
    at [0m[36mfile:///home/bombe/UniSaarland/WebSec-Seminar/deno-SecBench.js/command-injection/kill-by-port_0.0.1/kill-by-port.test.js[0m:[0m[33m20[0m:[0m[33m22[0m

./kill-by-port_0.0.1/kill-by-port.test.js (uncaught error)
[0m[1m[31merror[0m: [1mnull[22m
This error was not caught from a test and caused the test runner to fail on the referenced module.
It most likely originated from a dangling promise, event/timeout handler or top-level code.

Command Injection in kill-port-process [0m[38;5;245m=> ./kill-port-process_0.0.1/kill-port-process.test.js:6:6[0m
[0m[1m[31merror[0m: AssertionError: Values are not strictly equal.


    [90m[1m[Diff][22m[39m [31m[1mActual[22m[39m / [32m[1mExpected[22m[39m


[31m[1m-   true[22m[39m
[32m[1m+   false[22m[39m

  throw new AssertionError(message);
[0m[31m        ^[0m
    at [0m[1m[3massertStrictEquals[0m ([0m[36mhttps://jsr.io/@std/assert/1.0.13/strict_equals.ts[0m:[0m[33m66[0m:[0m[33m9[0m)
    at [0m[1m[3mtoBe[0m ([0m[36mhttps://jsr.io/@std/expect/1.0.16/_matchers.ts[0m:[0m[33m33[0m:[0m[33m5[0m)
    at [0m[1m[3mapplyMatcher[0m ([0m[36mhttps://jsr.io/@std/expect/1.0.16/expect.ts[0m:[0m[33m223[0m:[0m[33m13[0m)
    at [0m[1m[3mProxy.<anonymous>[0m ([0m[36mhttps://jsr.io/@std/expect/1.0.16/expect.ts[0m:[0m[33m233[0m:[0m[33m13[0m)
    at [0m[36mfile:///home/bombe/UniSaarland/WebSec-Seminar/deno-SecBench.js/command-injection/kill-port-process_0.0.1/kill-port-process.test.js[0m:[0m[33m21[0m:[0m[33m22[0m

./kill-port-process_0.0.1/kill-port-process.test.js (uncaught error)
[0m[1m[31merror[0m: [1mnull[22m
This error was not caught from a test and caused the test runner to fail on the referenced module.
It most likely originated from a dangling promise, event/timeout handler or top-level code.

Command Injection in kill-process-by-name [0m[38;5;245m=> ./kill-process-by-name_1.0.5/kill-process-by-name.test.js:6:6[0m
[0m[1m[31merror[0m: AssertionError: Values are not strictly equal.


    [90m[1m[Diff][22m[39m [31m[1mActual[22m[39m / [32m[1mExpected[22m[39m


[31m[1m-   true[22m[39m
[32m[1m+   false[22m[39m

  throw new AssertionError(message);
[0m[31m        ^[0m
    at [0m[1m[3massertStrictEquals[0m ([0m[36mhttps://jsr.io/@std/assert/1.0.13/strict_equals.ts[0m:[0m[33m66[0m:[0m[33m9[0m)
    at [0m[1m[3mtoBe[0m ([0m[36mhttps://jsr.io/@std/expect/1.0.16/_matchers.ts[0m:[0m[33m33[0m:[0m[33m5[0m)
    at [0m[1m[3mapplyMatcher[0m ([0m[36mhttps://jsr.io/@std/expect/1.0.16/expect.ts[0m:[0m[33m223[0m:[0m[33m13[0m)
    at [0m[1m[3mProxy.<anonymous>[0m ([0m[36mhttps://jsr.io/@std/expect/1.0.16/expect.ts[0m:[0m[33m233[0m:[0m[33m13[0m)
    at [0m[36mfile:///home/bombe/UniSaarland/WebSec-Seminar/deno-SecBench.js/command-injection/kill-process-by-name_1.0.5/kill-process-by-name.test.js[0m:[0m[33m19[0m:[0m[33m22[0m

./kill-process-by-name_1.0.5/kill-process-by-name.test.js (uncaught error)
[0m[1m[31merror[0m: [1mnull[22m
This error was not caught from a test and caused the test runner to fail on the referenced module.
It most likely originated from a dangling promise, event/timeout handler or top-level code.

Command Injection in killing [0m[38;5;245m=> ./killing_1.0.6/killing.test.js:6:6[0m
[0m[1m[31merror[0m: AssertionError: Values are not strictly equal.


    [90m[1m[Diff][22m[39m [31m[1mActual[22m[39m / [32m[1mExpected[22m[39m


[31m[1m-   true[22m[39m
[32m[1m+   false[22m[39m

  throw new AssertionError(message);
[0m[31m        ^[0m
    at [0m[1m[3massertStrictEquals[0m ([0m[36mhttps://jsr.io/@std/assert/1.0.13/strict_equals.ts[0m:[0m[33m66[0m:[0m[33m9[0m)
    at [0m[1m[3mtoBe[0m ([0m[36mhttps://jsr.io/@std/expect/1.0.16/_matchers.ts[0m:[0m[33m33[0m:[0m[33m5[0m)
    at [0m[1m[3mapplyMatcher[0m ([0m[36mhttps://jsr.io/@std/expect/1.0.16/expect.ts[0m:[0m[33m223[0m:[0m[33m13[0m)
    at [0m[1m[3mProxy.<anonymous>[0m ([0m[36mhttps://jsr.io/@std/expect/1.0.16/expect.ts[0m:[0m[33m233[0m:[0m[33m13[0m)
    at [0m[36mfile:///home/bombe/UniSaarland/WebSec-Seminar/deno-SecBench.js/command-injection/killing_1.0.6/killing.test.js[0m:[0m[33m19[0m:[0m[33m22[0m

Command Injection in killport [0m[38;5;245m=> ./killport_1.0.1/killport.test.js:6:6[0m
[0m[1m[31merror[0m: AssertionError: Values are not strictly equal.


    [90m[1m[Diff][22m[39m [31m[1mActual[22m[39m / [32m[1mExpected[22m[39m


[31m[1m-   true[22m[39m
[32m[1m+   false[22m[39m

  throw new AssertionError(message);
[0m[31m        ^[0m
    at [0m[1m[3massertStrictEquals[0m ([0m[36mhttps://jsr.io/@std/assert/1.0.13/strict_equals.ts[0m:[0m[33m66[0m:[0m[33m9[0m)
    at [0m[1m[3mtoBe[0m ([0m[36mhttps://jsr.io/@std/expect/1.0.16/_matchers.ts[0m:[0m[33m33[0m:[0m[33m5[0m)
    at [0m[1m[3mapplyMatcher[0m ([0m[36mhttps://jsr.io/@std/expect/1.0.16/expect.ts[0m:[0m[33m223[0m:[0m[33m13[0m)
    at [0m[1m[3mProxy.<anonymous>[0m ([0m[36mhttps://jsr.io/@std/expect/1.0.16/expect.ts[0m:[0m[33m233[0m:[0m[33m13[0m)
    at [0m[36mfile:///home/bombe/UniSaarland/WebSec-Seminar/deno-SecBench.js/command-injection/killport_1.0.1/killport.test.js[0m:[0m[33m19[0m:[0m[33m22[0m

./killport_1.0.1/killport.test.js (uncaught error)
[0m[1m[31merror[0m: [1mnull[22m
This error was not caught from a test and caused the test runner to fail on the referenced module.
It most likely originated from a dangling promise, event/timeout handler or top-level code.

Command Injection in libnmap [0m[38;5;245m=> ./libnmap_0.4.11/libnmap.test.js:6:6[0m
[0m[1m[31merror[0m: NotCapable: Requires sys access to "cpus", run again with the --allow-sys flag
    at [0m[1m[3mObject.cpus[0m ([0m[36mnode:os[0m:[0m[33m66[0m:[0m[33m10[0m)
    at new [0m[1m[3mnmap[0m ([0m[36mfile:///home/bombe/UniSaarland/WebSec-Seminar/deno-SecBench.js/command-injection/libnmap_0.4.11/node_modules/libnmap/lib/libnmap.js[0m:[0m[33m46[0m:[0m[33m20[0m)
    at [0m[36mfile:///home/bombe/UniSaarland/WebSec-Seminar/deno-SecBench.js/command-injection/libnmap_0.4.11/node_modules/libnmap/lib/libnmap.js[0m:[0m[33m121[0m:[0m[33m18[0m
    at [0m[1m[3mObject.<anonymous>[0m ([0m[36mfile:///home/bombe/UniSaarland/WebSec-Seminar/deno-SecBench.js/command-injection/libnmap_0.4.11/node_modules/libnmap/lib/libnmap.js[0m:[0m[33m123[0m:[0m[33m3[0m)
    at [0m[1m[3mModule._compile[0m ([0m[36mnode:module[0m:[0m[33m745[0m:[0m[33m34[0m)
    at [0m[1m[3mloadMaybeCjs[0m ([0m[36mnode:module[0m:[0m[33m770[0m:[0m[33m10[0m)
    at [0m[1m[3mObject.Module._extensions..js[0m ([0m[36mnode:module[0m:[0m[33m755[0m:[0m[33m12[0m)
    at [0m[1m[3mModule.load[0m ([0m[36mnode:module[0m:[0m[33m663[0m:[0m[33m32[0m)
    at [0m[1m[3mModule._load[0m ([0m[36mnode:module[0m:[0m[33m535[0m:[0m[33m12[0m)
    at [0m[1m[3mModule.require[0m ([0m[36mnode:module[0m:[0m[33m682[0m:[0m[33m19[0m)

Command Injection in local-devices [0m[38;5;245m=> ./local-devices_2.0.0/local-devices.test.js:6:6[0m
[0m[1m[31merror[0m: NotCapable: Requires sys access to "networkInterfaces", run again with the --allow-sys flag
    at [0m[1m[3mObject.networkInterfaces[0m ([0m[36mext:deno_os/30_os.js[0m:[0m[33m59[0m:[0m[33m10[0m)
    at [0m[1m[3mObject.networkInterfaces[0m ([0m[36mnode:os[0m:[0m[33m112[0m:[0m[33m77[0m)
    at [0m[1m[3mgetServers[0m ([0m[36mfile:///home/bombe/UniSaarland/WebSec-Seminar/deno-SecBench.js/command-injection/local-devices_2.0.0/node_modules/local-devices/src/index.js[0m:[0m[33m31[0m:[0m[33m23[0m)
    at [0m[36mfile:///home/bombe/UniSaarland/WebSec-Seminar/deno-SecBench.js/command-injection/local-devices_2.0.0/node_modules/local-devices/src/index.js[0m:[0m[33m10[0m:[0m[33m15[0m
    at [0m[1m[3mObject.<anonymous>[0m ([0m[36mfile:///home/bombe/UniSaarland/WebSec-Seminar/deno-SecBench.js/command-injection/local-devices_2.0.0/node_modules/local-devices/src/index.js[0m:[0m[33m151[0m:[0m[33m3[0m)
    at [0m[1m[3mModule._compile[0m ([0m[36mnode:module[0m:[0m[33m745[0m:[0m[33m34[0m)
    at [0m[1m[3mloadMaybeCjs[0m ([0m[36mnode:module[0m:[0m[33m770[0m:[0m[33m10[0m)
    at [0m[1m[3mObject.Module._extensions..js[0m ([0m[36mnode:module[0m:[0m[33m755[0m:[0m[33m12[0m)
    at [0m[1m[3mModule.load[0m ([0m[36mnode:module[0m:[0m[33m663[0m:[0m[33m32[0m)
    at [0m[1m[3mModule._load[0m ([0m[36mnode:module[0m:[0m[33m535[0m:[0m[33m12[0m)

./local-devices_2.0.0/local-devices.test.js (uncaught error)
[0m[1m[31merror[0m: [1mnull[22m
This error was not caught from a test and caused the test runner to fail on the referenced module.
It most likely originated from a dangling promise, event/timeout handler or top-level code.

./lsof_0.1.0/lsof.test.js (uncaught error)
[0m[1m[31merror[0m: (in promise) ReferenceError: Cannot access 'require' before initialization
const { doesNotMatch } = require("assert");
[0m[31m                         ^[0m
    at [0m[36mfile:///home/bombe/UniSaarland/WebSec-Seminar/deno-SecBench.js/command-injection/lsof_0.1.0/lsof.test.js[0m:[0m[33m1[0m:[0m[33m26[0m
This error was not caught from a test and caused the test runner to fail on the referenced module.
It most likely originated from a dangling promise, event/timeout handler or top-level code.

Command Injection in lycwed-spritesheetjs [0m[38;5;245m=> ./lycwed-spritesheetjs_1.2.5/lycwed-spritesheetjs.test.js:6:6[0m
[0m[1m[31merror[0m: NotCapable: Requires write access to "/home/bombe/UniSaarland/WebSec-Seminar/deno-SecBench.js/command-injection/export", run again with the --allow-write flag
    at [0m[1m[3mObject.mkdirSync[0m ([0m[36mext:deno_fs/30_fs.js[0m:[0m[33m192[0m:[0m[33m3[0m)
    at [0m[1m[3mObject.mkdirSync[0m ([0m[36mext:deno_node/_fs/_fs_mkdir.ts[0m:[0m[33m55[0m:[0m[33m10[0m)
    at [0m[1m[3mgenerate[0m ([0m[36mfile:///home/bombe/UniSaarland/WebSec-Seminar/deno-SecBench.js/command-injection/lycwed-spritesheetjs_1.2.5/node_modules/lycwed-spritesheetjs/index.js[0m:[0m[33m223[0m:[0m[33m10[0m)
    at [0m[36mfile:///home/bombe/UniSaarland/WebSec-Seminar/deno-SecBench.js/command-injection/lycwed-spritesheetjs_1.2.5/lycwed-spritesheetjs.test.js[0m:[0m[33m21[0m:[0m[33m3[0m

./lycwed-spritesheetjs_1.2.5/lycwed-spritesheetjs.test.js (uncaught error)
[0m[1m[31merror[0m: [1mnull[22m
This error was not caught from a test and caused the test runner to fail on the referenced module.
It most likely originated from a dangling promise, event/timeout handler or top-level code.

Command Injection in macaddress [0m[38;5;245m=> ./macaddress_0.2.8/macaddress.test.js:6:6[0m
[0m[1m[31merror[0m: AssertionError: Values are not strictly equal.


    [90m[1m[Diff][22m[39m [31m[1mActual[22m[39m / [32m[1mExpected[22m[39m


[31m[1m-   true[22m[39m
[32m[1m+   false[22m[39m

  throw new AssertionError(message);
[0m[31m        ^[0m
    at [0m[1m[3massertStrictEquals[0m ([0m[36mhttps://jsr.io/@std/assert/1.0.13/strict_equals.ts[0m:[0m[33m66[0m:[0m[33m9[0m)
    at [0m[1m[3mtoBe[0m ([0m[36mhttps://jsr.io/@std/expect/1.0.16/_matchers.ts[0m:[0m[33m33[0m:[0m[33m5[0m)
    at [0m[1m[3mapplyMatcher[0m ([0m[36mhttps://jsr.io/@std/expect/1.0.16/expect.ts[0m:[0m[33m223[0m:[0m[33m13[0m)
    at [0m[1m[3mProxy.<anonymous>[0m ([0m[36mhttps://jsr.io/@std/expect/1.0.16/expect.ts[0m:[0m[33m233[0m:[0m[33m13[0m)
    at [0m[36mfile:///home/bombe/UniSaarland/WebSec-Seminar/deno-SecBench.js/command-injection/macaddress_0.2.8/macaddress.test.js[0m:[0m[33m19[0m:[0m[33m22[0m

./macaddress_0.2.8/macaddress.test.js (uncaught error)
[0m[1m[31merror[0m: [1mnull[22m
This error was not caught from a test and caused the test runner to fail on the referenced module.
It most likely originated from a dangling promise, event/timeout handler or top-level code.

Command Injection in macfromip [0m[38;5;245m=> ./macfromip_1.1.1/macfromip.test.js:6:6[0m
[0m[1m[31merror[0m: AssertionError: Values are not strictly equal.


    [90m[1m[Diff][22m[39m [31m[1mActual[22m[39m / [32m[1mExpected[22m[39m


[31m[1m-   true[22m[39m
[32m[1m+   false[22m[39m

  throw new AssertionError(message);
[0m[31m        ^[0m
    at [0m[1m[3massertStrictEquals[0m ([0m[36mhttps://jsr.io/@std/assert/1.0.13/strict_equals.ts[0m:[0m[33m66[0m:[0m[33m9[0m)
    at [0m[1m[3mtoBe[0m ([0m[36mhttps://jsr.io/@std/expect/1.0.16/_matchers.ts[0m:[0m[33m33[0m:[0m[33m5[0m)
    at [0m[1m[3mapplyMatcher[0m ([0m[36mhttps://jsr.io/@std/expect/1.0.16/expect.ts[0m:[0m[33m223[0m:[0m[33m13[0m)
    at [0m[1m[3mProxy.<anonymous>[0m ([0m[36mhttps://jsr.io/@std/expect/1.0.16/expect.ts[0m:[0m[33m233[0m:[0m[33m13[0m)
    at [0m[36mfile:///home/bombe/UniSaarland/WebSec-Seminar/deno-SecBench.js/command-injection/macfromip_1.1.1/macfromip.test.js[0m:[0m[33m20[0m:[0m[33m22[0m

./macfromip_1.1.1/macfromip.test.js (uncaught error)
[0m[1m[31merror[0m: [1mnull[22m
This error was not caught from a test and caused the test runner to fail on the referenced module.
It most likely originated from a dangling promise, event/timeout handler or top-level code.

./monorepo-build_0.1.9/monorepo-build.test.js (uncaught error)
[0m[1m[31merror[0m: SyntaxError: Identifier 'file_exist' has already been declared
  let file_exist = fs.existsSync(path);
[0m[31m      ^[0m
    at [0m[1m[3m<anonymous>[0m ([0m[36mfile:///home/bombe/UniSaarland/WebSec-Seminar/deno-SecBench.js/command-injection/monorepo-build_0.1.9/monorepo-build.test.js[0m:[0m[33m37[0m:[0m[33m7[0m)
This error was not caught from a test and caused the test runner to fail on the referenced module.
It most likely originated from a dangling promise, event/timeout handler or top-level code.

Command Injection in node-df [0m[38;5;245m=> ./node-df_0.1.4/node-df.test.js:6:6[0m
[0m[1m[31merror[0m: AssertionError: Values are not strictly equal.


    [90m[1m[Diff][22m[39m [31m[1mActual[22m[39m / [32m[1mExpected[22m[39m


[31m[1m-   true[22m[39m
[32m[1m+   false[22m[39m

  throw new AssertionError(message);
[0m[31m        ^[0m
    at [0m[1m[3massertStrictEquals[0m ([0m[36mhttps://jsr.io/@std/assert/1.0.13/strict_equals.ts[0m:[0m[33m66[0m:[0m[33m9[0m)
    at [0m[1m[3mtoBe[0m ([0m[36mhttps://jsr.io/@std/expect/1.0.16/_matchers.ts[0m:[0m[33m33[0m:[0m[33m5[0m)
    at [0m[1m[3mapplyMatcher[0m ([0m[36mhttps://jsr.io/@std/expect/1.0.16/expect.ts[0m:[0m[33m223[0m:[0m[33m13[0m)
    at [0m[1m[3mProxy.<anonymous>[0m ([0m[36mhttps://jsr.io/@std/expect/1.0.16/expect.ts[0m:[0m[33m233[0m:[0m[33m13[0m)
    at [0m[36mfile:///home/bombe/UniSaarland/WebSec-Seminar/deno-SecBench.js/command-injection/node-df_0.1.4/node-df.test.js[0m:[0m[33m20[0m:[0m[33m22[0m

./node-df_0.1.4/node-df.test.js (uncaught error)
[0m[1m[31merror[0m: [1mnull[22m
This error was not caught from a test and caused the test runner to fail on the referenced module.
It most likely originated from a dangling promise, event/timeout handler or top-level code.

Command Injection in node-key-sender [0m[38;5;245m=> ./node-key-sender_1.0.11/node-key-sender.test.js:6:6[0m
[0m[1m[31merror[0m: AssertionError: Values are not strictly equal.


    [90m[1m[Diff][22m[39m [31m[1mActual[22m[39m / [32m[1mExpected[22m[39m


[31m[1m-   true[22m[39m
[32m[1m+   false[22m[39m

  throw new AssertionError(message);
[0m[31m        ^[0m
    at [0m[1m[3massertStrictEquals[0m ([0m[36mhttps://jsr.io/@std/assert/1.0.13/strict_equals.ts[0m:[0m[33m66[0m:[0m[33m9[0m)
    at [0m[1m[3mtoBe[0m ([0m[36mhttps://jsr.io/@std/expect/1.0.16/_matchers.ts[0m:[0m[33m33[0m:[0m[33m5[0m)
    at [0m[1m[3mapplyMatcher[0m ([0m[36mhttps://jsr.io/@std/expect/1.0.16/expect.ts[0m:[0m[33m223[0m:[0m[33m13[0m)
    at [0m[1m[3mProxy.<anonymous>[0m ([0m[36mhttps://jsr.io/@std/expect/1.0.16/expect.ts[0m:[0m[33m233[0m:[0m[33m13[0m)
    at [0m[36mfile:///home/bombe/UniSaarland/WebSec-Seminar/deno-SecBench.js/command-injection/node-key-sender_1.0.11/node-key-sender.test.js[0m:[0m[33m20[0m:[0m[33m22[0m

./node-key-sender_1.0.11/node-key-sender.test.js (uncaught error)
[0m[1m[31merror[0m: [1mnull[22m
This error was not caught from a test and caused the test runner to fail on the referenced module.
It most likely originated from a dangling promise, event/timeout handler or top-level code.

Command Injection in node-latex-pdf [0m[38;5;245m=> ./node-latex-pdf_0.0.2/node-latex-pdf.test.js:6:6[0m
[0m[1m[31merror[0m: AssertionError: Values are not strictly equal.


    [90m[1m[Diff][22m[39m [31m[1mActual[22m[39m / [32m[1mExpected[22m[39m


[31m[1m-   true[22m[39m
[32m[1m+   false[22m[39m

  throw new AssertionError(message);
[0m[31m        ^[0m
    at [0m[1m[3massertStrictEquals[0m ([0m[36mhttps://jsr.io/@std/assert/1.0.13/strict_equals.ts[0m:[0m[33m66[0m:[0m[33m9[0m)
    at [0m[1m[3mtoBe[0m ([0m[36mhttps://jsr.io/@std/expect/1.0.16/_matchers.ts[0m:[0m[33m33[0m:[0m[33m5[0m)
    at [0m[1m[3mapplyMatcher[0m ([0m[36mhttps://jsr.io/@std/expect/1.0.16/expect.ts[0m:[0m[33m223[0m:[0m[33m13[0m)
    at [0m[1m[3mProxy.<anonymous>[0m ([0m[36mhttps://jsr.io/@std/expect/1.0.16/expect.ts[0m:[0m[33m233[0m:[0m[33m13[0m)
    at [0m[36mfile:///home/bombe/UniSaarland/WebSec-Seminar/deno-SecBench.js/command-injection/node-latex-pdf_0.0.2/node-latex-pdf.test.js[0m:[0m[33m20[0m:[0m[33m22[0m

./node-latex-pdf_0.0.2/node-latex-pdf.test.js (uncaught error)
[0m[1m[31merror[0m: [1mnull[22m
This error was not caught from a test and caused the test runner to fail on the referenced module.
It most likely originated from a dangling promise, event/timeout handler or top-level code.

./node-mpv_0.12.2/node-mpv.test.js (uncaught error)
[0m[1m[31merror[0m: SyntaxError: Identifier 'file_exist' has already been declared
  let file_exist = fs.existsSync(path);
[0m[31m      ^[0m
    at [0m[1m[3m<anonymous>[0m ([0m[36mfile:///home/bombe/UniSaarland/WebSec-Seminar/deno-SecBench.js/command-injection/node-mpv_0.12.2/node-mpv.test.js[0m:[0m[33m25[0m:[0m[33m7[0m)
This error was not caught from a test and caused the test runner to fail on the referenced module.
It most likely originated from a dangling promise, event/timeout handler or top-level code.

Command Injection in node-ps [0m[38;5;245m=> ./node-ps_0.0.2/node-ps.test.js:6:6[0m
[0m[1m[31merror[0m: AssertionError: Values are not strictly equal.


    [90m[1m[Diff][22m[39m [31m[1mActual[22m[39m / [32m[1mExpected[22m[39m


[31m[1m-   true[22m[39m
[32m[1m+   false[22m[39m

  throw new AssertionError(message);
[0m[31m        ^[0m
    at [0m[1m[3massertStrictEquals[0m ([0m[36mhttps://jsr.io/@std/assert/1.0.13/strict_equals.ts[0m:[0m[33m66[0m:[0m[33m9[0m)
    at [0m[1m[3mtoBe[0m ([0m[36mhttps://jsr.io/@std/expect/1.0.16/_matchers.ts[0m:[0m[33m33[0m:[0m[33m5[0m)
    at [0m[1m[3mapplyMatcher[0m ([0m[36mhttps://jsr.io/@std/expect/1.0.16/expect.ts[0m:[0m[33m223[0m:[0m[33m13[0m)
    at [0m[1m[3mProxy.<anonymous>[0m ([0m[36mhttps://jsr.io/@std/expect/1.0.16/expect.ts[0m:[0m[33m233[0m:[0m[33m13[0m)
    at [0m[36mfile:///home/bombe/UniSaarland/WebSec-Seminar/deno-SecBench.js/command-injection/node-ps_0.0.2/node-ps.test.js[0m:[0m[33m20[0m:[0m[33m22[0m

./node-ps_0.0.2/node-ps.test.js (uncaught error)
[0m[1m[31merror[0m: [1mnull[22m
This error was not caught from a test and caused the test runner to fail on the referenced module.
It most likely originated from a dangling promise, event/timeout handler or top-level code.

Remote code execution in node-unrar [0m[38;5;245m=> ./node-unrar_0.1.0/node-unrar.test.js:6:6[0m
[0m[1m[31merror[0m: AssertionError: Values are not strictly equal.


    [90m[1m[Diff][22m[39m [31m[1mActual[22m[39m / [32m[1mExpected[22m[39m


[31m[1m-   true[22m[39m
[32m[1m+   false[22m[39m

  throw new AssertionError(message);
[0m[31m        ^[0m
    at [0m[1m[3massertStrictEquals[0m ([0m[36mhttps://jsr.io/@std/assert/1.0.13/strict_equals.ts[0m:[0m[33m66[0m:[0m[33m9[0m)
    at [0m[1m[3mtoBe[0m ([0m[36mhttps://jsr.io/@std/expect/1.0.16/_matchers.ts[0m:[0m[33m33[0m:[0m[33m5[0m)
    at [0m[1m[3mapplyMatcher[0m ([0m[36mhttps://jsr.io/@std/expect/1.0.16/expect.ts[0m:[0m[33m223[0m:[0m[33m13[0m)
    at [0m[1m[3mProxy.<anonymous>[0m ([0m[36mhttps://jsr.io/@std/expect/1.0.16/expect.ts[0m:[0m[33m233[0m:[0m[33m13[0m)
    at [0m[36mfile:///home/bombe/UniSaarland/WebSec-Seminar/deno-SecBench.js/command-injection/node-unrar_0.1.0/node-unrar.test.js[0m:[0m[33m20[0m:[0m[33m22[0m

./node-unrar_0.1.0/node-unrar.test.js (uncaught error)
[0m[1m[31merror[0m: [1mnull[22m
This error was not caught from a test and caused the test runner to fail on the referenced module.
It most likely originated from a dangling promise, event/timeout handler or top-level code.

Command Injection in npm-git-publish [0m[38;5;245m=> ./npm-git-publish_0.2.4-beta/npm-git-publish.test.js:6:6[0m
[0m[1m[31merror[0m: NotCapable: Requires sys access to "homedir", run again with the --allow-sys flag
    at [0m[1m[3mhomedir[0m ([0m[36mnode:os[0m:[0m[33m94[0m:[0m[33m10[0m)
    at [0m[36mfile:///home/bombe/UniSaarland/WebSec-Seminar/deno-SecBench.js/command-injection/npm-git-publish_0.2.4-beta/node_modules/resolve/lib/async.js[0m:[0m[33m11[0m:[0m[33m15[0m
    at [0m[1m[3mObject.<anonymous>[0m ([0m[36mfile:///home/bombe/UniSaarland/WebSec-Seminar/deno-SecBench.js/command-injection/npm-git-publish_0.2.4-beta/node_modules/resolve/lib/async.js[0m:[0m[33m331[0m:[0m[33m3[0m)
    at [0m[1m[3mModule._compile[0m ([0m[36mnode:module[0m:[0m[33m745[0m:[0m[33m34[0m)
    at [0m[1m[3mloadMaybeCjs[0m ([0m[36mnode:module[0m:[0m[33m770[0m:[0m[33m10[0m)
    at [0m[1m[3mObject.Module._extensions..js[0m ([0m[36mnode:module[0m:[0m[33m755[0m:[0m[33m12[0m)
    at [0m[1m[3mModule.load[0m ([0m[36mnode:module[0m:[0m[33m663[0m:[0m[33m32[0m)
    at [0m[1m[3mModule._load[0m ([0m[36mnode:module[0m:[0m[33m535[0m:[0m[33m12[0m)
    at [0m[1m[3mModule.require[0m ([0m[36mnode:module[0m:[0m[33m682[0m:[0m[33m19[0m)
    at [0m[1m[3mrequire[0m ([0m[36mnode:module[0m:[0m[33m816[0m:[0m[33m16[0m)

./npm-git-publish_0.2.4-beta/npm-git-publish.test.js (uncaught error)
[0m[1m[31merror[0m: [1mnull[22m
This error was not caught from a test and caused the test runner to fail on the referenced module.
It most likely originated from a dangling promise, event/timeout handler or top-level code.

Command Injection in npm-help [0m[38;5;245m=> ./npm-help_1.0.0/npm-help.test.js:6:6[0m
[0m[1m[31merror[0m: AssertionError: Values are not strictly equal.


    [90m[1m[Diff][22m[39m [31m[1mActual[22m[39m / [32m[1mExpected[22m[39m


[31m[1m-   true[22m[39m
[32m[1m+   false[22m[39m

  throw new AssertionError(message);
[0m[31m        ^[0m
    at [0m[1m[3massertStrictEquals[0m ([0m[36mhttps://jsr.io/@std/assert/1.0.13/strict_equals.ts[0m:[0m[33m66[0m:[0m[33m9[0m)
    at [0m[1m[3mtoBe[0m ([0m[36mhttps://jsr.io/@std/expect/1.0.16/_matchers.ts[0m:[0m[33m33[0m:[0m[33m5[0m)
    at [0m[1m[3mapplyMatcher[0m ([0m[36mhttps://jsr.io/@std/expect/1.0.16/expect.ts[0m:[0m[33m223[0m:[0m[33m13[0m)
    at [0m[1m[3mProxy.<anonymous>[0m ([0m[36mhttps://jsr.io/@std/expect/1.0.16/expect.ts[0m:[0m[33m233[0m:[0m[33m13[0m)
    at [0m[36mfile:///home/bombe/UniSaarland/WebSec-Seminar/deno-SecBench.js/command-injection/npm-help_1.0.0/npm-help.test.js[0m:[0m[33m20[0m:[0m[33m22[0m

./npm-help_1.0.0/npm-help.test.js (uncaught error)
[0m[1m[31merror[0m: [1mnull[22m
This error was not caught from a test and caused the test runner to fail on the referenced module.
It most likely originated from a dangling promise, event/timeout handler or top-level code.

Command Injection in onion-oled-js [0m[38;5;245m=> ./onion-oled-js_0.0.2/onion-old-js.test.js:6:6[0m
[0m[1m[31merror[0m: AssertionError: Values are not strictly equal.


    [90m[1m[Diff][22m[39m [31m[1mActual[22m[39m / [32m[1mExpected[22m[39m


[31m[1m-   true[22m[39m
[32m[1m+   false[22m[39m

  throw new AssertionError(message);
[0m[31m        ^[0m
    at [0m[1m[3massertStrictEquals[0m ([0m[36mhttps://jsr.io/@std/assert/1.0.13/strict_equals.ts[0m:[0m[33m66[0m:[0m[33m9[0m)
    at [0m[1m[3mtoBe[0m ([0m[36mhttps://jsr.io/@std/expect/1.0.16/_matchers.ts[0m:[0m[33m33[0m:[0m[33m5[0m)
    at [0m[1m[3mapplyMatcher[0m ([0m[36mhttps://jsr.io/@std/expect/1.0.16/expect.ts[0m:[0m[33m223[0m:[0m[33m13[0m)
    at [0m[1m[3mProxy.<anonymous>[0m ([0m[36mhttps://jsr.io/@std/expect/1.0.16/expect.ts[0m:[0m[33m233[0m:[0m[33m13[0m)
    at [0m[36mfile:///home/bombe/UniSaarland/WebSec-Seminar/deno-SecBench.js/command-injection/onion-oled-js_0.0.2/onion-old-js.test.js[0m:[0m[33m20[0m:[0m[33m22[0m

./onion-oled-js_0.0.2/onion-old-js.test.js (uncaught error)
[0m[1m[31merror[0m: [1mnull[22m
This error was not caught from a test and caused the test runner to fail on the referenced module.
It most likely originated from a dangling promise, event/timeout handler or top-level code.

Command Injection in open [0m[38;5;245m=> ./open_0.0.5/open.test.js:6:6[0m
[0m[1m[31merror[0m: AssertionError: Values are not strictly equal.


    [90m[1m[Diff][22m[39m [31m[1mActual[22m[39m / [32m[1mExpected[22m[39m


[31m[1m-   true[22m[39m
[32m[1m+   false[22m[39m

  throw new AssertionError(message);
[0m[31m        ^[0m
    at [0m[1m[3massertStrictEquals[0m ([0m[36mhttps://jsr.io/@std/assert/1.0.13/strict_equals.ts[0m:[0m[33m66[0m:[0m[33m9[0m)
    at [0m[1m[3mtoBe[0m ([0m[36mhttps://jsr.io/@std/expect/1.0.16/_matchers.ts[0m:[0m[33m33[0m:[0m[33m5[0m)
    at [0m[1m[3mapplyMatcher[0m ([0m[36mhttps://jsr.io/@std/expect/1.0.16/expect.ts[0m:[0m[33m223[0m:[0m[33m13[0m)
    at [0m[1m[3mProxy.<anonymous>[0m ([0m[36mhttps://jsr.io/@std/expect/1.0.16/expect.ts[0m:[0m[33m233[0m:[0m[33m13[0m)
    at [0m[36mfile:///home/bombe/UniSaarland/WebSec-Seminar/deno-SecBench.js/command-injection/open_0.0.5/open.test.js[0m:[0m[33m19[0m:[0m[33m22[0m

./open_0.0.5/open.test.js (uncaught error)
[0m[1m[31merror[0m: [1mnull[22m
This error was not caught from a test and caused the test runner to fail on the referenced module.
It most likely originated from a dangling promise, event/timeout handler or top-level code.

Command Injection in pdf-image [0m[38;5;245m=> ./pdf-image_1.0.5/pdf-image.test.js:6:6[0m
[0m[1m[31merror[0m: AssertionError: Values are not strictly equal.


    [90m[1m[Diff][22m[39m [31m[1mActual[22m[39m / [32m[1mExpected[22m[39m


[31m[1m-   true[22m[39m
[32m[1m+   false[22m[39m

  throw new AssertionError(message);
[0m[31m        ^[0m
    at [0m[1m[3massertStrictEquals[0m ([0m[36mhttps://jsr.io/@std/assert/1.0.13/strict_equals.ts[0m:[0m[33m66[0m:[0m[33m9[0m)
    at [0m[1m[3mtoBe[0m ([0m[36mhttps://jsr.io/@std/expect/1.0.16/_matchers.ts[0m:[0m[33m33[0m:[0m[33m5[0m)
    at [0m[1m[3mapplyMatcher[0m ([0m[36mhttps://jsr.io/@std/expect/1.0.16/expect.ts[0m:[0m[33m223[0m:[0m[33m13[0m)
    at [0m[1m[3mProxy.<anonymous>[0m ([0m[36mhttps://jsr.io/@std/expect/1.0.16/expect.ts[0m:[0m[33m233[0m:[0m[33m13[0m)
    at [0m[36mfile:///home/bombe/UniSaarland/WebSec-Seminar/deno-SecBench.js/command-injection/pdf-image_1.0.5/pdf-image.test.js[0m:[0m[33m20[0m:[0m[33m22[0m

./pdf-image_1.0.5/pdf-image.test.js (uncaught error)
[0m[1m[31merror[0m: [1mnull[22m
This error was not caught from a test and caused the test runner to fail on the referenced module.
It most likely originated from a dangling promise, event/timeout handler or top-level code.

Remote code execution in pdf-image [0m[38;5;245m=> ./pdf-image_2.0.0/pdf-image.test.js:6:6[0m
[0m[1m[31merror[0m: AssertionError: Values are not strictly equal.


    [90m[1m[Diff][22m[39m [31m[1mActual[22m[39m / [32m[1mExpected[22m[39m


[31m[1m-   true[22m[39m
[32m[1m+   false[22m[39m

  throw new AssertionError(message);
[0m[31m        ^[0m
    at [0m[1m[3massertStrictEquals[0m ([0m[36mhttps://jsr.io/@std/assert/1.0.13/strict_equals.ts[0m:[0m[33m66[0m:[0m[33m9[0m)
    at [0m[1m[3mtoBe[0m ([0m[36mhttps://jsr.io/@std/expect/1.0.16/_matchers.ts[0m:[0m[33m33[0m:[0m[33m5[0m)
    at [0m[1m[3mapplyMatcher[0m ([0m[36mhttps://jsr.io/@std/expect/1.0.16/expect.ts[0m:[0m[33m223[0m:[0m[33m13[0m)
    at [0m[1m[3mProxy.<anonymous>[0m ([0m[36mhttps://jsr.io/@std/expect/1.0.16/expect.ts[0m:[0m[33m233[0m:[0m[33m13[0m)
    at [0m[36mfile:///home/bombe/UniSaarland/WebSec-Seminar/deno-SecBench.js/command-injection/pdf-image_2.0.0/pdf-image.test.js[0m:[0m[33m20[0m:[0m[33m22[0m

./pdf-image_2.0.0/pdf-image.test.js (uncaught error)
[0m[1m[31merror[0m: [1mnull[22m
This error was not caught from a test and caused the test runner to fail on the referenced module.
It most likely originated from a dangling promise, event/timeout handler or top-level code.

Command Injection in pdfinfojs [0m[38;5;245m=> ./pdfinfojs_0.3.6/pdfinfojs.test.js:6:6[0m
[0m[1m[31merror[0m: NotCapable: Requires sys access to "cpus", run again with the --allow-sys flag
    at [0m[1m[3mObject.cpus[0m ([0m[36mnode:os[0m:[0m[33m66[0m:[0m[33m10[0m)
    at [0m[36mfile:///home/bombe/UniSaarland/WebSec-Seminar/deno-SecBench.js/command-injection/pdfinfojs_0.3.6/node_modules/fast-glob/out/settings.js[0m:[0m[33m10[0m:[0m[33m31[0m
    at [0m[1m[3mObject.<anonymous>[0m ([0m[36mfile:///home/bombe/UniSaarland/WebSec-Seminar/deno-SecBench.js/command-injection/pdfinfojs_0.3.6/node_modules/fast-glob/out/settings.js[0m:[0m[33m61[0m:[0m[33m3[0m)
    at [0m[1m[3mModule._compile[0m ([0m[36mnode:module[0m:[0m[33m745[0m:[0m[33m34[0m)
    at [0m[1m[3mloadMaybeCjs[0m ([0m[36mnode:module[0m:[0m[33m770[0m:[0m[33m10[0m)
    at [0m[1m[3mObject.Module._extensions..js[0m ([0m[36mnode:module[0m:[0m[33m755[0m:[0m[33m12[0m)
    at [0m[1m[3mModule.load[0m ([0m[36mnode:module[0m:[0m[33m663[0m:[0m[33m32[0m)
    at [0m[1m[3mModule._load[0m ([0m[36mnode:module[0m:[0m[33m535[0m:[0m[33m12[0m)
    at [0m[1m[3mModule.require[0m ([0m[36mnode:module[0m:[0m[33m682[0m:[0m[33m19[0m)
    at [0m[1m[3mrequire[0m ([0m[36mnode:module[0m:[0m[33m816[0m:[0m[33m16[0m)

./pdfinfojs_0.3.6/pdfinfojs.test.js (uncaught error)
[0m[1m[31merror[0m: [1mnull[22m
This error was not caught from a test and caused the test runner to fail on the referenced module.
It most likely originated from a dangling promise, event/timeout handler or top-level code.

./pidusage_1.0.0/pidusage.test.js (uncaught error)
[0m[1m[31merror[0m: [1mnull[22m
This error was not caught from a test and caused the test runner to fail on the referenced module.
It most likely originated from a dangling promise, event/timeout handler or top-level code.

Command Injection in port-killer [0m[38;5;245m=> ./port-killer_1.0.1/port-killer.test.js:6:6[0m
[0m[1m[31merror[0m: AssertionError: Values are not strictly equal.


    [90m[1m[Diff][22m[39m [31m[1mActual[22m[39m / [32m[1mExpected[22m[39m


[31m[1m-   true[22m[39m
[32m[1m+   false[22m[39m

  throw new AssertionError(message);
[0m[31m        ^[0m
    at [0m[1m[3massertStrictEquals[0m ([0m[36mhttps://jsr.io/@std/assert/1.0.13/strict_equals.ts[0m:[0m[33m66[0m:[0m[33m9[0m)
    at [0m[1m[3mtoBe[0m ([0m[36mhttps://jsr.io/@std/expect/1.0.16/_matchers.ts[0m:[0m[33m33[0m:[0m[33m5[0m)
    at [0m[1m[3mapplyMatcher[0m ([0m[36mhttps://jsr.io/@std/expect/1.0.16/expect.ts[0m:[0m[33m223[0m:[0m[33m13[0m)
    at [0m[1m[3mProxy.<anonymous>[0m ([0m[36mhttps://jsr.io/@std/expect/1.0.16/expect.ts[0m:[0m[33m233[0m:[0m[33m13[0m)
    at [0m[36mfile:///home/bombe/UniSaarland/WebSec-Seminar/deno-SecBench.js/command-injection/port-killer_1.0.1/port-killer.test.js[0m:[0m[33m20[0m:[0m[33m22[0m

./port-killer_1.0.1/port-killer.test.js (uncaught error)
[0m[1m[31merror[0m: [1mnull[22m
This error was not caught from a test and caused the test runner to fail on the referenced module.
It most likely originated from a dangling promise, event/timeout handler or top-level code.

Command Injection in portkiller [0m[38;5;245m=> ./portkiller_1.0.2/portkiller.test.js:6:6[0m
[0m[1m[31merror[0m: AssertionError: Values are not strictly equal.


    [90m[1m[Diff][22m[39m [31m[1mActual[22m[39m / [32m[1mExpected[22m[39m


[31m[1m-   true[22m[39m
[32m[1m+   false[22m[39m

  throw new AssertionError(message);
[0m[31m        ^[0m
    at [0m[1m[3massertStrictEquals[0m ([0m[36mhttps://jsr.io/@std/assert/1.0.13/strict_equals.ts[0m:[0m[33m66[0m:[0m[33m9[0m)
    at [0m[1m[3mtoBe[0m ([0m[36mhttps://jsr.io/@std/expect/1.0.16/_matchers.ts[0m:[0m[33m33[0m:[0m[33m5[0m)
    at [0m[1m[3mapplyMatcher[0m ([0m[36mhttps://jsr.io/@std/expect/1.0.16/expect.ts[0m:[0m[33m223[0m:[0m[33m13[0m)
    at [0m[1m[3mProxy.<anonymous>[0m ([0m[36mhttps://jsr.io/@std/expect/1.0.16/expect.ts[0m:[0m[33m233[0m:[0m[33m13[0m)
    at [0m[36mfile:///home/bombe/UniSaarland/WebSec-Seminar/deno-SecBench.js/command-injection/portkiller_1.0.2/portkiller.test.js[0m:[0m[33m20[0m:[0m[33m22[0m

./portkiller_1.0.2/portkiller.test.js (uncaught error)
[0m[1m[31merror[0m: [1mnull[22m
This error was not caught from a test and caused the test runner to fail on the referenced module.
It most likely originated from a dangling promise, event/timeout handler or top-level code.

Command Injection in portprocesses [0m[38;5;245m=> ./portprocesses_1.0.4/portprocesses.test.js:6:6[0m
[0m[1m[31merror[0m: AssertionError: Values are not strictly equal.


    [90m[1m[Diff][22m[39m [31m[1mActual[22m[39m / [32m[1mExpected[22m[39m


[31m[1m-   true[22m[39m
[32m[1m+   false[22m[39m

  throw new AssertionError(message);
[0m[31m        ^[0m
    at [0m[1m[3massertStrictEquals[0m ([0m[36mhttps://jsr.io/@std/assert/1.0.13/strict_equals.ts[0m:[0m[33m66[0m:[0m[33m9[0m)
    at [0m[1m[3mtoBe[0m ([0m[36mhttps://jsr.io/@std/expect/1.0.16/_matchers.ts[0m:[0m[33m33[0m:[0m[33m5[0m)
    at [0m[1m[3mapplyMatcher[0m ([0m[36mhttps://jsr.io/@std/expect/1.0.16/expect.ts[0m:[0m[33m223[0m:[0m[33m13[0m)
    at [0m[1m[3mProxy.<anonymous>[0m ([0m[36mhttps://jsr.io/@std/expect/1.0.16/expect.ts[0m:[0m[33m233[0m:[0m[33m13[0m)
    at [0m[36mfile:///home/bombe/UniSaarland/WebSec-Seminar/deno-SecBench.js/command-injection/portprocesses_1.0.4/portprocesses.test.js[0m:[0m[33m20[0m:[0m[33m22[0m

./portprocesses_1.0.4/portprocesses.test.js (uncaught error)
[0m[1m[31merror[0m: [1mnull[22m
This error was not caught from a test and caused the test runner to fail on the referenced module.
It most likely originated from a dangling promise, event/timeout handler or top-level code.

Command Injection in ps-kill [0m[38;5;245m=> ./ps-kill_1.0.0/ps-kill.test.js:6:6[0m
[0m[1m[31merror[0m: AssertionError: Values are not strictly equal.


    [90m[1m[Diff][22m[39m [31m[1mActual[22m[39m / [32m[1mExpected[22m[39m


[31m[1m-   true[22m[39m
[32m[1m+   false[22m[39m

  throw new AssertionError(message);
[0m[31m        ^[0m
    at [0m[1m[3massertStrictEquals[0m ([0m[36mhttps://jsr.io/@std/assert/1.0.13/strict_equals.ts[0m:[0m[33m66[0m:[0m[33m9[0m)
    at [0m[1m[3mtoBe[0m ([0m[36mhttps://jsr.io/@std/expect/1.0.16/_matchers.ts[0m:[0m[33m33[0m:[0m[33m5[0m)
    at [0m[1m[3mapplyMatcher[0m ([0m[36mhttps://jsr.io/@std/expect/1.0.16/expect.ts[0m:[0m[33m223[0m:[0m[33m13[0m)
    at [0m[1m[3mProxy.<anonymous>[0m ([0m[36mhttps://jsr.io/@std/expect/1.0.16/expect.ts[0m:[0m[33m233[0m:[0m[33m13[0m)
    at [0m[36mfile:///home/bombe/UniSaarland/WebSec-Seminar/deno-SecBench.js/command-injection/ps-kill_1.0.0/ps-kill.test.js[0m:[0m[33m20[0m:[0m[33m22[0m

./ps-kill_1.0.0/ps-kill.test.js (uncaught error)
[0m[1m[31merror[0m: [1mnull[22m
This error was not caught from a test and caused the test runner to fail on the referenced module.
It most likely originated from a dangling promise, event/timeout handler or top-level code.

Command Injection in ps-visitor [0m[38;5;245m=> ./ps-visitor_0.0.2/ps-visitor.test.js:6:6[0m
[0m[1m[31merror[0m: AssertionError: Values are not strictly equal.


    [90m[1m[Diff][22m[39m [31m[1mActual[22m[39m / [32m[1mExpected[22m[39m


[31m[1m-   true[22m[39m
[32m[1m+   false[22m[39m

  throw new AssertionError(message);
[0m[31m        ^[0m
    at [0m[1m[3massertStrictEquals[0m ([0m[36mhttps://jsr.io/@std/assert/1.0.13/strict_equals.ts[0m:[0m[33m66[0m:[0m[33m9[0m)
    at [0m[1m[3mtoBe[0m ([0m[36mhttps://jsr.io/@std/expect/1.0.16/_matchers.ts[0m:[0m[33m33[0m:[0m[33m5[0m)
    at [0m[1m[3mapplyMatcher[0m ([0m[36mhttps://jsr.io/@std/expect/1.0.16/expect.ts[0m:[0m[33m223[0m:[0m[33m13[0m)
    at [0m[1m[3mProxy.<anonymous>[0m ([0m[36mhttps://jsr.io/@std/expect/1.0.16/expect.ts[0m:[0m[33m233[0m:[0m[33m13[0m)
    at [0m[36mfile:///home/bombe/UniSaarland/WebSec-Seminar/deno-SecBench.js/command-injection/ps-visitor_0.0.2/ps-visitor.test.js[0m:[0m[33m20[0m:[0m[33m22[0m

./ps-visitor_0.0.2/ps-visitor.test.js (uncaught error)
[0m[1m[31merror[0m: [1mnull[22m
This error was not caught from a test and caused the test runner to fail on the referenced module.
It most likely originated from a dangling promise, event/timeout handler or top-level code.

Command Injection in ps [0m[38;5;245m=> ./ps_0.0.2/ps.test.js:6:6[0m
[0m[1m[31merror[0m: AssertionError: Values are not strictly equal.


    [90m[1m[Diff][22m[39m [31m[1mActual[22m[39m / [32m[1mExpected[22m[39m


[31m[1m-   true[22m[39m
[32m[1m+   false[22m[39m

  throw new AssertionError(message);
[0m[31m        ^[0m
    at [0m[1m[3massertStrictEquals[0m ([0m[36mhttps://jsr.io/@std/assert/1.0.13/strict_equals.ts[0m:[0m[33m66[0m:[0m[33m9[0m)
    at [0m[1m[3mtoBe[0m ([0m[36mhttps://jsr.io/@std/expect/1.0.16/_matchers.ts[0m:[0m[33m33[0m:[0m[33m5[0m)
    at [0m[1m[3mapplyMatcher[0m ([0m[36mhttps://jsr.io/@std/expect/1.0.16/expect.ts[0m:[0m[33m223[0m:[0m[33m13[0m)
    at [0m[1m[3mProxy.<anonymous>[0m ([0m[36mhttps://jsr.io/@std/expect/1.0.16/expect.ts[0m:[0m[33m233[0m:[0m[33m13[0m)
    at [0m[36mfile:///home/bombe/UniSaarland/WebSec-Seminar/deno-SecBench.js/command-injection/ps_0.0.2/ps.test.js[0m:[0m[33m20[0m:[0m[33m22[0m

./ps_0.0.2/ps.test.js (uncaught error)
[0m[1m[31merror[0m: [1mnull[22m
This error was not caught from a test and caused the test runner to fail on the referenced module.
It most likely originated from a dangling promise, event/timeout handler or top-level code.

Command Injection in psnode [0m[38;5;245m=> ./psnode_0.0.1/psnode.test.js:6:6[0m
[0m[1m[31merror[0m: AssertionError: Values are not strictly equal.


    [90m[1m[Diff][22m[39m [31m[1mActual[22m[39m / [32m[1mExpected[22m[39m


[31m[1m-   true[22m[39m
[32m[1m+   false[22m[39m

  throw new AssertionError(message);
[0m[31m        ^[0m
    at [0m[1m[3massertStrictEquals[0m ([0m[36mhttps://jsr.io/@std/assert/1.0.13/strict_equals.ts[0m:[0m[33m66[0m:[0m[33m9[0m)
    at [0m[1m[3mtoBe[0m ([0m[36mhttps://jsr.io/@std/expect/1.0.16/_matchers.ts[0m:[0m[33m33[0m:[0m[33m5[0m)
    at [0m[1m[3mapplyMatcher[0m ([0m[36mhttps://jsr.io/@std/expect/1.0.16/expect.ts[0m:[0m[33m223[0m:[0m[33m13[0m)
    at [0m[1m[3mProxy.<anonymous>[0m ([0m[36mhttps://jsr.io/@std/expect/1.0.16/expect.ts[0m:[0m[33m233[0m:[0m[33m13[0m)
    at [0m[36mfile:///home/bombe/UniSaarland/WebSec-Seminar/deno-SecBench.js/command-injection/psnode_0.0.1/psnode.test.js[0m:[0m[33m20[0m:[0m[33m22[0m

./psnode_0.0.1/psnode.test.js (uncaught error)
[0m[1m[31merror[0m: [1mnull[22m
This error was not caught from a test and caused the test runner to fail on the referenced module.
It most likely originated from a dangling promise, event/timeout handler or top-level code.

Command Injection in react-dev-utils [0m[38;5;245m=> ./react-dev-utils_11.0.0/react-dev-utils.test.js:6:6[0m
[0m[1m[31merror[0m: AssertionError: Values are not strictly equal.


    [90m[1m[Diff][22m[39m [31m[1mActual[22m[39m / [32m[1mExpected[22m[39m


[31m[1m-   true[22m[39m
[32m[1m+   false[22m[39m

  throw new AssertionError(message);
[0m[31m        ^[0m
    at [0m[1m[3massertStrictEquals[0m ([0m[36mhttps://jsr.io/@std/assert/1.0.13/strict_equals.ts[0m:[0m[33m66[0m:[0m[33m9[0m)
    at [0m[1m[3mtoBe[0m ([0m[36mhttps://jsr.io/@std/expect/1.0.16/_matchers.ts[0m:[0m[33m33[0m:[0m[33m5[0m)
    at [0m[1m[3mapplyMatcher[0m ([0m[36mhttps://jsr.io/@std/expect/1.0.16/expect.ts[0m:[0m[33m223[0m:[0m[33m13[0m)
    at [0m[1m[3mProxy.<anonymous>[0m ([0m[36mhttps://jsr.io/@std/expect/1.0.16/expect.ts[0m:[0m[33m233[0m:[0m[33m13[0m)
    at [0m[36mfile:///home/bombe/UniSaarland/WebSec-Seminar/deno-SecBench.js/command-injection/react-dev-utils_11.0.0/react-dev-utils.test.js[0m:[0m[33m20[0m:[0m[33m22[0m

./react-dev-utils_11.0.0/react-dev-utils.test.js (uncaught error)
[0m[1m[31merror[0m: [1mnull[22m
This error was not caught from a test and caused the test runner to fail on the referenced module.
It most likely originated from a dangling promise, event/timeout handler or top-level code.

./roar-pidusage_1.1.6/roar-pidusage.test.js (uncaught error)
[0m[1m[31merror[0m: [1mnull[22m
This error was not caught from a test and caused the test runner to fail on the referenced module.
It most likely originated from a dangling promise, event/timeout handler or top-level code.

Command Injection in samsung-remote [0m[38;5;245m=> ./samsung-remote_1.2.5/samsung-remote.test.js:6:6[0m
[0m[1m[31merror[0m: AssertionError: Values are not strictly equal.


    [90m[1m[Diff][22m[39m [31m[1mActual[22m[39m / [32m[1mExpected[22m[39m


[31m[1m-   true[22m[39m
[32m[1m+   false[22m[39m

  throw new AssertionError(message);
[0m[31m        ^[0m
    at [0m[1m[3massertStrictEquals[0m ([0m[36mhttps://jsr.io/@std/assert/1.0.13/strict_equals.ts[0m:[0m[33m66[0m:[0m[33m9[0m)
    at [0m[1m[3mtoBe[0m ([0m[36mhttps://jsr.io/@std/expect/1.0.16/_matchers.ts[0m:[0m[33m33[0m:[0m[33m5[0m)
    at [0m[1m[3mapplyMatcher[0m ([0m[36mhttps://jsr.io/@std/expect/1.0.16/expect.ts[0m:[0m[33m223[0m:[0m[33m13[0m)
    at [0m[1m[3mProxy.<anonymous>[0m ([0m[36mhttps://jsr.io/@std/expect/1.0.16/expect.ts[0m:[0m[33m233[0m:[0m[33m13[0m)
    at [0m[36mfile:///home/bombe/UniSaarland/WebSec-Seminar/deno-SecBench.js/command-injection/samsung-remote_1.2.5/samsung-remote.test.js[0m:[0m[33m20[0m:[0m[33m22[0m

./samsung-remote_1.2.5/samsung-remote.test.js (uncaught error)
[0m[1m[31merror[0m: [1mnull[22m
This error was not caught from a test and caused the test runner to fail on the referenced module.
It most likely originated from a dangling promise, event/timeout handler or top-level code.

Command Injection in scp [0m[38;5;245m=> ./scp_0.0.3/scp.test.js:6:6[0m
[0m[1m[31merror[0m: AssertionError: Values are not strictly equal.


    [90m[1m[Diff][22m[39m [31m[1mActual[22m[39m / [32m[1mExpected[22m[39m


[31m[1m-   true[22m[39m
[32m[1m+   false[22m[39m

  throw new AssertionError(message);
[0m[31m        ^[0m
    at [0m[1m[3massertStrictEquals[0m ([0m[36mhttps://jsr.io/@std/assert/1.0.13/strict_equals.ts[0m:[0m[33m66[0m:[0m[33m9[0m)
    at [0m[1m[3mtoBe[0m ([0m[36mhttps://jsr.io/@std/expect/1.0.16/_matchers.ts[0m:[0m[33m33[0m:[0m[33m5[0m)
    at [0m[1m[3mapplyMatcher[0m ([0m[36mhttps://jsr.io/@std/expect/1.0.16/expect.ts[0m:[0m[33m223[0m:[0m[33m13[0m)
    at [0m[1m[3mProxy.<anonymous>[0m ([0m[36mhttps://jsr.io/@std/expect/1.0.16/expect.ts[0m:[0m[33m233[0m:[0m[33m13[0m)
    at [0m[36mfile:///home/bombe/UniSaarland/WebSec-Seminar/deno-SecBench.js/command-injection/scp_0.0.3/scp.test.js[0m:[0m[33m20[0m:[0m[33m22[0m

./scp_0.0.3/scp.test.js (uncaught error)
[0m[1m[31merror[0m: [1mnull[22m
This error was not caught from a test and caused the test runner to fail on the referenced module.
It most likely originated from a dangling promise, event/timeout handler or top-level code.

Command Injection in strider-git [0m[38;5;245m=> ./strider-git_1.0.3/strider-git.test.js:6:6[0m
[0m[1m[31merror[0m: AssertionError: Values are not strictly equal.


    [90m[1m[Diff][22m[39m [31m[1mActual[22m[39m / [32m[1mExpected[22m[39m


[31m[1m-   true[22m[39m
[32m[1m+   false[22m[39m

  throw new AssertionError(message);
[0m[31m        ^[0m
    at [0m[1m[3massertStrictEquals[0m ([0m[36mhttps://jsr.io/@std/assert/1.0.13/strict_equals.ts[0m:[0m[33m66[0m:[0m[33m9[0m)
    at [0m[1m[3mtoBe[0m ([0m[36mhttps://jsr.io/@std/expect/1.0.16/_matchers.ts[0m:[0m[33m33[0m:[0m[33m5[0m)
    at [0m[1m[3mapplyMatcher[0m ([0m[36mhttps://jsr.io/@std/expect/1.0.16/expect.ts[0m:[0m[33m223[0m:[0m[33m13[0m)
    at [0m[1m[3mProxy.<anonymous>[0m ([0m[36mhttps://jsr.io/@std/expect/1.0.16/expect.ts[0m:[0m[33m233[0m:[0m[33m13[0m)
    at [0m[36mfile:///home/bombe/UniSaarland/WebSec-Seminar/deno-SecBench.js/command-injection/strider-git_1.0.3/strider-git.test.js[0m:[0m[33m20[0m:[0m[33m22[0m

./strider-git_1.0.3/strider-git.test.js (uncaught error)
[0m[1m[31merror[0m: [1mnull[22m
This error was not caught from a test and caused the test runner to fail on the referenced module.
It most likely originated from a dangling promise, event/timeout handler or top-level code.

Command Injection in theme-core [0m[38;5;245m=> ./theme-core_0.2.5/theme-core.test.js:6:6[0m
[0m[1m[31merror[0m: NotCapable: Requires sys access to "osRelease", run again with the --allow-sys flag
    at [0m[1m[3mObject.osRelease[0m ([0m[36mext:deno_os/30_os.js[0m:[0m[33m47[0m:[0m[33m10[0m)
    at [0m[1m[3mObject.release[0m ([0m[36mnode:os[0m:[0m[33m139[0m:[0m[33m15[0m)
    at [0m[1m[3misWsl[0m ([0m[36mfile:///home/bombe/UniSaarland/WebSec-Seminar/deno-SecBench.js/command-injection/theme-core_0.2.5/node_modules/is-wsl/index.js[0m:[0m[33m10[0m:[0m[33m9[0m)
    at [0m[36mfile:///home/bombe/UniSaarland/WebSec-Seminar/deno-SecBench.js/command-injection/theme-core_0.2.5/node_modules/is-wsl/index.js[0m:[0m[33m24[0m:[0m[33m19[0m
    at [0m[1m[3mObject.<anonymous>[0m ([0m[36mfile:///home/bombe/UniSaarland/WebSec-Seminar/deno-SecBench.js/command-injection/theme-core_0.2.5/node_modules/is-wsl/index.js[0m:[0m[33m27[0m:[0m[33m3[0m)
    at [0m[1m[3mModule._compile[0m ([0m[36mnode:module[0m:[0m[33m745[0m:[0m[33m34[0m)
    at [0m[1m[3mloadMaybeCjs[0m ([0m[36mnode:module[0m:[0m[33m770[0m:[0m[33m10[0m)
    at [0m[1m[3mObject.Module._extensions..js[0m ([0m[36mnode:module[0m:[0m[33m755[0m:[0m[33m12[0m)
    at [0m[1m[3mModule.load[0m ([0m[36mnode:module[0m:[0m[33m663[0m:[0m[33m32[0m)
    at [0m[1m[3mModule._load[0m ([0m[36mnode:module[0m:[0m[33m535[0m:[0m[33m12[0m)

./theme-core_0.2.5/theme-core.test.js (uncaught error)
[0m[1m[31merror[0m: [1mnull[22m
This error was not caught from a test and caused the test runner to fail on the referenced module.
It most likely originated from a dangling promise, event/timeout handler or top-level code.

./thi.ng-egf_0.3.0/egf.test.js (uncaught error)
[0m[1m[31merror[0m: SyntaxError: Identifier 'file_exist' has already been declared
  let file_exist = fs.existsSync(path);
[0m[31m      ^[0m
    at [0m[1m[3m<anonymous>[0m ([0m[36mfile:///home/bombe/UniSaarland/WebSec-Seminar/deno-SecBench.js/command-injection/thi.ng-egf_0.3.0/egf.test.js[0m:[0m[33m24[0m:[0m[33m7[0m)
This error was not caught from a test and caused the test runner to fail on the referenced module.
It most likely originated from a dangling promise, event/timeout handler or top-level code.

Command Injection in total.js [0m[38;5;245m=> ./total.js_3.4.6/total-js.test.js:6:6[0m
[0m[1m[31merror[0m: NotCapable: Requires sys access to "hostname", run again with the --allow-sys flag
    at [0m[1m[3mObject.hostname[0m ([0m[36mext:deno_os/30_os.js[0m:[0m[33m43[0m:[0m[33m10[0m)
    at [0m[1m[3mObject.hostname[0m ([0m[36mnode:os[0m:[0m[33m97[0m:[0m[33m15[0m)
    at new [0m[1m[3mFramework[0m ([0m[36mfile:///home/bombe/UniSaarland/WebSec-Seminar/deno-SecBench.js/command-injection/total.js_3.4.6/node_modules/total.js/index.js[0m:[0m[33m962[0m:[0m[33m39[0m)
    at [0m[36mfile:///home/bombe/UniSaarland/WebSec-Seminar/deno-SecBench.js/command-injection/total.js_3.4.6/node_modules/total.js/index.js[0m:[0m[33m1370[0m:[0m[33m17[0m
    at [0m[1m[3mObject.<anonymous>[0m ([0m[36mfile:///home/bombe/UniSaarland/WebSec-Seminar/deno-SecBench.js/command-injection/total.js_3.4.6/node_modules/total.js/index.js[0m:[0m[33m19797[0m:[0m[33m3[0m)
    at [0m[1m[3mModule._compile[0m ([0m[36mnode:module[0m:[0m[33m745[0m:[0m[33m34[0m)
    at [0m[1m[3mloadMaybeCjs[0m ([0m[36mnode:module[0m:[0m[33m770[0m:[0m[33m10[0m)
    at [0m[1m[3mObject.Module._extensions..js[0m ([0m[36mnode:module[0m:[0m[33m755[0m:[0m[33m12[0m)
    at [0m[1m[3mModule.load[0m ([0m[36mnode:module[0m:[0m[33m663[0m:[0m[33m32[0m)
    at [0m[1m[3mModule._load[0m ([0m[36mnode:module[0m:[0m[33m535[0m:[0m[33m12[0m)

./total.js_3.4.6/total-js.test.js (uncaught error)
[0m[1m[31merror[0m: [1mnull[22m
This error was not caught from a test and caused the test runner to fail on the referenced module.
It most likely originated from a dangling promise, event/timeout handler or top-level code.

Command Injection in ts-process-promises [0m[38;5;245m=> ./ts-process-promises_1.0.2/ts-process-promises.test.js:6:6[0m
[0m[1m[31merror[0m: NotCapable: Requires sys access to "homedir", run again with the --allow-sys flag
    at [0m[1m[3mhomedir[0m ([0m[36mnode:os[0m:[0m[33m94[0m:[0m[33m10[0m)
    at [0m[36mfile:///home/bombe/UniSaarland/WebSec-Seminar/deno-SecBench.js/command-injection/ts-process-promises_1.0.2/node_modules/resolve/lib/async.js[0m:[0m[33m11[0m:[0m[33m15[0m
    at [0m[1m[3mObject.<anonymous>[0m ([0m[36mfile:///home/bombe/UniSaarland/WebSec-Seminar/deno-SecBench.js/command-injection/ts-process-promises_1.0.2/node_modules/resolve/lib/async.js[0m:[0m[33m331[0m:[0m[33m3[0m)
    at [0m[1m[3mModule._compile[0m ([0m[36mnode:module[0m:[0m[33m745[0m:[0m[33m34[0m)
    at [0m[1m[3mloadMaybeCjs[0m ([0m[36mnode:module[0m:[0m[33m770[0m:[0m[33m10[0m)
    at [0m[1m[3mObject.Module._extensions..js[0m ([0m[36mnode:module[0m:[0m[33m755[0m:[0m[33m12[0m)
    at [0m[1m[3mModule.load[0m ([0m[36mnode:module[0m:[0m[33m663[0m:[0m[33m32[0m)
    at [0m[1m[3mModule._load[0m ([0m[36mnode:module[0m:[0m[33m535[0m:[0m[33m12[0m)
    at [0m[1m[3mModule.require[0m ([0m[36mnode:module[0m:[0m[33m682[0m:[0m[33m19[0m)
    at [0m[1m[3mrequire[0m ([0m[36mnode:module[0m:[0m[33m816[0m:[0m[33m16[0m)

./ts-process-promises_1.0.2/ts-process-promises.test.js (uncaught error)
[0m[1m[31merror[0m: [1mnull[22m
This error was not caught from a test and caused the test runner to fail on the referenced module.
It most likely originated from a dangling promise, event/timeout handler or top-level code.

Command Injection in umount [0m[38;5;245m=> ./umount_1.1.6/umount.test.js:6:6[0m
[0m[1m[31merror[0m: AssertionError: Values are not strictly equal.


    [90m[1m[Diff][22m[39m [31m[1mActual[22m[39m / [32m[1mExpected[22m[39m


[31m[1m-   true[22m[39m
[32m[1m+   false[22m[39m

  throw new AssertionError(message);
[0m[31m        ^[0m
    at [0m[1m[3massertStrictEquals[0m ([0m[36mhttps://jsr.io/@std/assert/1.0.13/strict_equals.ts[0m:[0m[33m66[0m:[0m[33m9[0m)
    at [0m[1m[3mtoBe[0m ([0m[36mhttps://jsr.io/@std/expect/1.0.16/_matchers.ts[0m:[0m[33m33[0m:[0m[33m5[0m)
    at [0m[1m[3mapplyMatcher[0m ([0m[36mhttps://jsr.io/@std/expect/1.0.16/expect.ts[0m:[0m[33m223[0m:[0m[33m13[0m)
    at [0m[1m[3mProxy.<anonymous>[0m ([0m[36mhttps://jsr.io/@std/expect/1.0.16/expect.ts[0m:[0m[33m233[0m:[0m[33m13[0m)
    at [0m[36mfile:///home/bombe/UniSaarland/WebSec-Seminar/deno-SecBench.js/command-injection/umount_1.1.6/umount.test.js[0m:[0m[33m20[0m:[0m[33m22[0m

./umount_1.1.6/umount.test.js (uncaught error)
[0m[1m[31merror[0m: [1mnull[22m
This error was not caught from a test and caused the test runner to fail on the referenced module.
It most likely originated from a dangling promise, event/timeout handler or top-level code.

Command Injection in vboxmanage.js [0m[38;5;245m=> ./vboxmanage.js_1.0.6/vboxmanage-js.test.js:6:6[0m
[0m[1m[31merror[0m: AssertionError: Values are not strictly equal.


    [90m[1m[Diff][22m[39m [31m[1mActual[22m[39m / [32m[1mExpected[22m[39m


[31m[1m-   true[22m[39m
[32m[1m+   false[22m[39m

  throw new AssertionError(message);
[0m[31m        ^[0m
    at [0m[1m[3massertStrictEquals[0m ([0m[36mhttps://jsr.io/@std/assert/1.0.13/strict_equals.ts[0m:[0m[33m66[0m:[0m[33m9[0m)
    at [0m[1m[3mtoBe[0m ([0m[36mhttps://jsr.io/@std/expect/1.0.16/_matchers.ts[0m:[0m[33m33[0m:[0m[33m5[0m)
    at [0m[1m[3mapplyMatcher[0m ([0m[36mhttps://jsr.io/@std/expect/1.0.16/expect.ts[0m:[0m[33m223[0m:[0m[33m13[0m)
    at [0m[1m[3mProxy.<anonymous>[0m ([0m[36mhttps://jsr.io/@std/expect/1.0.16/expect.ts[0m:[0m[33m233[0m:[0m[33m13[0m)
    at [0m[36mfile:///home/bombe/UniSaarland/WebSec-Seminar/deno-SecBench.js/command-injection/vboxmanage.js_1.0.6/vboxmanage-js.test.js[0m:[0m[33m20[0m:[0m[33m22[0m

./vboxmanage.js_1.0.6/vboxmanage-js.test.js (uncaught error)
[0m[1m[31merror[0m: [1mnull[22m
This error was not caught from a test and caused the test runner to fail on the referenced module.
It most likely originated from a dangling promise, event/timeout handler or top-level code.

Command Injection in wc-cmd [0m[38;5;245m=> ./wc-cmd_1.0.9/wc-cmd.test.js:6:6[0m
[0m[1m[31merror[0m: AssertionError: Values are not strictly equal.


    [90m[1m[Diff][22m[39m [31m[1mActual[22m[39m / [32m[1mExpected[22m[39m


[31m[1m-   true[22m[39m
[32m[1m+   false[22m[39m

  throw new AssertionError(message);
[0m[31m        ^[0m
    at [0m[1m[3massertStrictEquals[0m ([0m[36mhttps://jsr.io/@std/assert/1.0.13/strict_equals.ts[0m:[0m[33m66[0m:[0m[33m9[0m)
    at [0m[1m[3mtoBe[0m ([0m[36mhttps://jsr.io/@std/expect/1.0.16/_matchers.ts[0m:[0m[33m33[0m:[0m[33m5[0m)
    at [0m[1m[3mapplyMatcher[0m ([0m[36mhttps://jsr.io/@std/expect/1.0.16/expect.ts[0m:[0m[33m223[0m:[0m[33m13[0m)
    at [0m[1m[3mProxy.<anonymous>[0m ([0m[36mhttps://jsr.io/@std/expect/1.0.16/expect.ts[0m:[0m[33m233[0m:[0m[33m13[0m)
    at [0m[36mfile:///home/bombe/UniSaarland/WebSec-Seminar/deno-SecBench.js/command-injection/wc-cmd_1.0.9/wc-cmd.test.js[0m:[0m[33m20[0m:[0m[33m22[0m

./wc-cmd_1.0.9/wc-cmd.test.js (uncaught error)
[0m[1m[31merror[0m: [1mnull[22m
This error was not caught from a test and caused the test runner to fail on the referenced module.
It most likely originated from a dangling promise, event/timeout handler or top-level code.

Command Injection in whereis [0m[38;5;245m=> ./whereis_0.4.0/whereis.test.js:6:6[0m
[0m[1m[31merror[0m: AssertionError: Values are not strictly equal.


    [90m[1m[Diff][22m[39m [31m[1mActual[22m[39m / [32m[1mExpected[22m[39m


[31m[1m-   true[22m[39m
[32m[1m+   false[22m[39m

  throw new AssertionError(message);
[0m[31m        ^[0m
    at [0m[1m[3massertStrictEquals[0m ([0m[36mhttps://jsr.io/@std/assert/1.0.13/strict_equals.ts[0m:[0m[33m66[0m:[0m[33m9[0m)
    at [0m[1m[3mtoBe[0m ([0m[36mhttps://jsr.io/@std/expect/1.0.16/_matchers.ts[0m:[0m[33m33[0m:[0m[33m5[0m)
    at [0m[1m[3mapplyMatcher[0m ([0m[36mhttps://jsr.io/@std/expect/1.0.16/expect.ts[0m:[0m[33m223[0m:[0m[33m13[0m)
    at [0m[1m[3mProxy.<anonymous>[0m ([0m[36mhttps://jsr.io/@std/expect/1.0.16/expect.ts[0m:[0m[33m233[0m:[0m[33m13[0m)
    at [0m[36mfile:///home/bombe/UniSaarland/WebSec-Seminar/deno-SecBench.js/command-injection/whereis_0.4.0/whereis.test.js[0m:[0m[33m19[0m:[0m[33m22[0m

./whereis_0.4.0/whereis.test.js (uncaught error)
[0m[1m[31merror[0m: [1mnull[22m
This error was not caught from a test and caused the test runner to fail on the referenced module.
It most likely originated from a dangling promise, event/timeout handler or top-level code.

Command Injection in wincred [0m[38;5;245m=> ./wincred_1.0.2/wincred.test.js:6:6[0m
[0m[1m[31merror[0m: AssertionError: Values are not strictly equal.


    [90m[1m[Diff][22m[39m [31m[1mActual[22m[39m / [32m[1mExpected[22m[39m


[31m[1m-   true[22m[39m
[32m[1m+   false[22m[39m

  throw new AssertionError(message);
[0m[31m        ^[0m
    at [0m[1m[3massertStrictEquals[0m ([0m[36mhttps://jsr.io/@std/assert/1.0.13/strict_equals.ts[0m:[0m[33m66[0m:[0m[33m9[0m)
    at [0m[1m[3mtoBe[0m ([0m[36mhttps://jsr.io/@std/expect/1.0.16/_matchers.ts[0m:[0m[33m33[0m:[0m[33m5[0m)
    at [0m[1m[3mapplyMatcher[0m ([0m[36mhttps://jsr.io/@std/expect/1.0.16/expect.ts[0m:[0m[33m223[0m:[0m[33m13[0m)
    at [0m[1m[3mProxy.<anonymous>[0m ([0m[36mhttps://jsr.io/@std/expect/1.0.16/expect.ts[0m:[0m[33m233[0m:[0m[33m13[0m)
    at [0m[36mfile:///home/bombe/UniSaarland/WebSec-Seminar/deno-SecBench.js/command-injection/wincred_1.0.2/wincred.test.js[0m:[0m[33m20[0m:[0m[33m22[0m

./wincred_1.0.2/wincred.test.js (uncaught error)
[0m[1m[31merror[0m: [1mnull[22m
This error was not caught from a test and caused the test runner to fail on the referenced module.
It most likely originated from a dangling promise, event/timeout handler or top-level code.

Command Injection in xopen [0m[38;5;245m=> ./xopen_1.0.0/xopen.test.js:6:6[0m
[0m[1m[31merror[0m: AssertionError: Values are not strictly equal.


    [90m[1m[Diff][22m[39m [31m[1mActual[22m[39m / [32m[1mExpected[22m[39m


[31m[1m-   true[22m[39m
[32m[1m+   false[22m[39m

  throw new AssertionError(message);
[0m[31m        ^[0m
    at [0m[1m[3massertStrictEquals[0m ([0m[36mhttps://jsr.io/@std/assert/1.0.13/strict_equals.ts[0m:[0m[33m66[0m:[0m[33m9[0m)
    at [0m[1m[3mtoBe[0m ([0m[36mhttps://jsr.io/@std/expect/1.0.16/_matchers.ts[0m:[0m[33m33[0m:[0m[33m5[0m)
    at [0m[1m[3mapplyMatcher[0m ([0m[36mhttps://jsr.io/@std/expect/1.0.16/expect.ts[0m:[0m[33m223[0m:[0m[33m13[0m)
    at [0m[1m[3mProxy.<anonymous>[0m ([0m[36mhttps://jsr.io/@std/expect/1.0.16/expect.ts[0m:[0m[33m233[0m:[0m[33m13[0m)
    at [0m[36mfile:///home/bombe/UniSaarland/WebSec-Seminar/deno-SecBench.js/command-injection/xopen_1.0.0/xopen.test.js[0m:[0m[33m20[0m:[0m[33m22[0m

./xopen_1.0.0/xopen.test.js (uncaught error)
[0m[1m[31merror[0m: [1mnull[22m
This error was not caught from a test and caused the test runner to fail on the referenced module.
It most likely originated from a dangling promise, event/timeout handler or top-level code.

Command Injection in xps [0m[38;5;245m=> ./xps_1.0.2/xps.test.js:6:6[0m
[0m[1m[31merror[0m: AssertionError: Values are not strictly equal.


    [90m[1m[Diff][22m[39m [31m[1mActual[22m[39m / [32m[1mExpected[22m[39m


[31m[1m-   true[22m[39m
[32m[1m+   false[22m[39m

  throw new AssertionError(message);
[0m[31m        ^[0m
    at [0m[1m[3massertStrictEquals[0m ([0m[36mhttps://jsr.io/@std/assert/1.0.13/strict_equals.ts[0m:[0m[33m66[0m:[0m[33m9[0m)
    at [0m[1m[3mtoBe[0m ([0m[36mhttps://jsr.io/@std/expect/1.0.16/_matchers.ts[0m:[0m[33m33[0m:[0m[33m5[0m)
    at [0m[1m[3mapplyMatcher[0m ([0m[36mhttps://jsr.io/@std/expect/1.0.16/expect.ts[0m:[0m[33m223[0m:[0m[33m13[0m)
    at [0m[1m[3mProxy.<anonymous>[0m ([0m[36mhttps://jsr.io/@std/expect/1.0.16/expect.ts[0m:[0m[33m233[0m:[0m[33m13[0m)
    at [0m[36mfile:///home/bombe/UniSaarland/WebSec-Seminar/deno-SecBench.js/command-injection/xps_1.0.2/xps.test.js[0m:[0m[33m19[0m:[0m[33m22[0m

./xps_1.0.2/xps.test.js (uncaught error)
[0m[1m[31merror[0m: [1mnull[22m
This error was not caught from a test and caused the test runner to fail on the referenced module.
It most likely originated from a dangling promise, event/timeout handler or top-level code.

[0m[1m[37m[41m FAILURES [0m

Remote code execution in aaptjs [0m[38;5;245m=> ./aaptjs_1.3.1/aaptjs.test.js:6:6[0m
Command Injection in adb-driver [0m[38;5;245m=> ./adb-driver_0.1.8/adb-driver.test.js:6:6[0m
./adb-driver_0.1.8/adb-driver.test.js (uncaught error)
Command Injection in killing [0m[38;5;245m=> ./alfred-workflow-nodejs_2.0.1/alfred-workflow-nodejs.test.js:6:6[0m
./alfred-workflow-nodejs_2.0.1/alfred-workflow-nodejs.test.js (uncaught error)
Command Injection in apex-publish-static-files [0m[38;5;245m=> ./apex-publish-static-files_2.0.0/apex-publish-static-files.test.js:6:6[0m
./apex-publish-static-files_2.0.0/apex-publish-static-files.test.js (uncaught error)
Command Injection in apiconnect-cli-plugins [0m[38;5;245m=> ./apiconnect-cli-plugins_6.0.2/apiconnect-cli-plugins.test.js:6:6[0m
./apiconnect-cli-plugins_6.0.2/apiconnect-cli-plugins.test.js (uncaught error)
Remote code execution in arpping [0m[38;5;245m=> ./arpping_2.0.0/arpping.test.js:6:6[0m
./arpping_2.0.0/arpping.test.js (uncaught error)
./async-git_1.13.1/async-git.test.js (uncaught error)
Command Injection in bestzip [0m[38;5;245m=> ./bestzip_2.1.6/bestzip.test.js:6:6[0m
./bestzip_2.1.6/bestzip.test.js (uncaught error)
Command Injection in blamer [0m[38;5;245m=> ./blamer_0.1.13/blamer.test.js:6:6[0m
./blamer_0.1.13/blamer.test.js (uncaught error)
Command Injection in buns [0m[38;5;245m=> ./buns_1.1.6/buns.test.js:6:6[0m
./buns_1.1.6/buns.test.js (uncaught error)
./clamscan_1.2.0/clamscan.test.js (uncaught error)
./codecov_3.6.4/codecov.test.js (uncaught error)
Command Injection in command-exists [0m[38;5;245m=> ./command-exists_1.2.2/command-exists.test.js:6:6[0m
./command-exists_1.2.2/command-exists.test.js (uncaught error)
Command Injection in compass-compile [0m[38;5;245m=> ./compass-compile_0.0.1/compass-compile.test.js:6:6[0m
./compass-compile_0.0.1/compass-compile.test.js (uncaught error)
./connection-tester_0.2.0/connection-tester.test.js (uncaught error)
Command Injection in corenlp-js-interface [0m[38;5;245m=> ./corenlp-js-interface_1.0.3/corenlp-js-interface.test.js:6:6[0m
./corenlp-js-interface_1.0.3/corenlp-js-interface.test.js (uncaught error)
./corenlp-js-prefab_1.0.1/corenlp-js-prefab.test.js (uncaught error)
Command Injection in curling [0m[38;5;245m=> ./curling_0.2.0/curling.test.js:6:6[0m
./curling_0.2.0/curling.test.js (uncaught error)
Command Injection in curljs [0m[38;5;245m=> ./curljs_0.1.2/curljs.test.js:6:6[0m
./curljs_0.1.2/curljs.test.js (uncaught error)
Command Injection in deferred-exec [0m[38;5;245m=> ./deferred-exec_0.3.1/deferred-exec.test.js:6:6[0m
./deferred-exec_0.3.1/deferred-exec.test.js (uncaught error)
Command Injection in diskstats [0m[38;5;245m=> ./diskstats_0.0.2/diskstats.test.js:6:6[0m
./diskstats_0.0.2/diskstats.test.js (uncaught error)
Command Injection in diskusage-ng [0m[38;5;245m=> ./diskusage-ng_0.2.6/diskusage-ng.test.js:6:6[0m
./diskusage-ng_0.2.6/diskusage-ng.test.js (uncaught error)
./dns-sync_0.1.0/dns-sync.test.js (uncaught error)
Command Injection in effect [0m[38;5;245m=> ./effect_1.0.4/effect.test.js:6:6[0m
./effect_1.0.4/effect.test.js (uncaught error)
Command Injection in enpeem [0m[38;5;245m=> ./enpeem_2.2.0/enpeem.test.js:6:6[0m
./enpeem_2.2.0/enpeem.test.js (uncaught error)
Command Injection in eslint-fixer [0m[38;5;245m=> ./eslint-fixer_0.1.5/eslint-fixer.test.js:6:6[0m
./eslint-fixer_0.1.5/eslint-fixer.test.js (uncaught error)
Command Injection in extra-asciinema [0m[38;5;245m=> ./extra-asciinema_1.0.0/extra-asciinema.test.js:6:6[0m
./extra-asciinema_1.0.0/extra-asciinema.test.js (uncaught error)
Command Injection in ffmpeg-sdk [0m[38;5;245m=> ./ffmpeg-sdk_0.0.5/ffmpeg-sdk.test.js:6:6[0m
./ffmpeg-sdk_0.0.5/ffmpeg-sdk.test.js (uncaught error)
Command Injection in ffmpegdotjs [0m[38;5;245m=> ./ffmpegdotjs_0.0.4/ffmpegdotjs.test.js:6:6[0m
./ffmpegdotjs_0.0.4/ffmpegdotjs.test.js (uncaught error)
Command Injection in find-process [0m[38;5;245m=> ./find-process_1.4.4/find-process.test.js:6:6[0m
./find-process_1.4.4/find-process.test.js (uncaught error)
Command Injection in freespace [0m[38;5;245m=> ./freespace_1.0.4/freespace.test.js:6:6[0m
./freespace_1.0.4/freespace.test.js (uncaught error)
Command Injection in geojson2kml [0m[38;5;245m=> ./geojson2kml_0.1.1/geojson2kml.test.js:6:6[0m
./geojson2kml_0.1.1/geojson2kml.test.js (uncaught error)
Command Injection in get-npm-package-version [0m[38;5;245m=> ./get-npm-package-version_1.0.6/get-npm-package-version.test.js:6:6[0m
./get-npm-package-version_1.0.6/get-npm-package-version.test.js (uncaught error)
Command Injection in git-add-remote [0m[38;5;245m=> ./git-add-remote_1.0.0/git-add-remote.test.js:6:6[0m
./git-add-remote_1.0.0/git-add-remote.test.js (uncaught error)
Command Injection in git-dummy-commit [0m[38;5;245m=> ./git-dummy-commit_1.3.0/git-dummy-commit.test.js:6:6[0m
./git-dummy-commit_1.3.0/git-dummy-commit.test.js (uncaught error)
Remote code execution in git-lib [0m[38;5;245m=> ./git-lib_1.6.0/git-lib.test.js:6:6[0m
./git-lib_1.6.0/git-lib.test.js (uncaught error)
Command Injection in git-parse [0m[38;5;245m=> ./git-parse_1.0.4/git-parse.test.js:6:6[0m
./git-parse_1.0.4/git-parse.test.js (uncaught error)
Command Injection in git-tags-remote [0m[38;5;245m=> ./git-tags-remote_1.0.2/git-tags-remote.test.js:6:6[0m
./git-tags-remote_1.0.2/git-tags-remote.test.js (uncaught error)
Remote code execution in git [0m[38;5;245m=> ./git_0.1.5/git.test.js:6:6[0m
./git_0.1.5/git.test.js (uncaught error)
Command Injection in gitblame [0m[38;5;245m=> ./gitblame_0.1.1/gitblame.test.js:6:6[0m
./gitblame_0.1.1/gitblame.test.js (uncaught error)
Command Injection in giting [0m[38;5;245m=> ./giting_0.0.7/giting.test.js:6:6[0m
./giting_0.0.7/giting.test.js (uncaught error)
Remote code execution in gity [0m[38;5;245m=> ./gity_1.0.5/gity.test.js:6:6[0m
./gity_1.0.5/gity.test.js (uncaught error)
./gm_1.20.0/gm.test.js (uncaught error)
Command Injection in google-cloudstorage-commands [0m[38;5;245m=> ./google-cloudstorage-commands_0.0.1/google-cloudstorage-commands.test.js:6:6[0m
./google-cloudstorage-commands_0.0.1/google-cloudstorage-commands.test.js (uncaught error)
Command Injection in growl [0m[38;5;245m=> ./growl_1.9.0/growl.test.js:6:6[0m
./growl_1.9.0/growl.test.js (uncaught error)
Command Injection in gry [0m[38;5;245m=> ./gry_5.0.8/gry.test.js:6:6[0m
./gry_5.0.8/gry.test.js (uncaught error)
Command Injection in heroku-env [0m[38;5;245m=> ./heroku-env_0.2.0/heroku-env.test.js:6:6[0m
./heroku-env_0.2.0/heroku-env.test.js (uncaught error)
Command Injection in hot-formula-parser [0m[38;5;245m=> ./hot-formula-parser_3.0.0/hot-formula-parser.test.js:6:6[0m
./hot-formula-parser_3.0.0/hot-formula-parser.test.js (uncaught error)
Command Injection in im-metadata [0m[38;5;245m=> ./im-metadata_3.0.1/im-metadata.test.js:6:6[0m
./im-metadata_3.0.1/im-metadata.test.js (uncaught error)
Command Injection in im-resize [0m[38;5;245m=> ./im-resize_2.3.2/im-resize.test.js:6:6[0m
./im-resize_2.3.2/im-resize.test.js (uncaught error)
Remote code execution in imagickal [0m[38;5;245m=> ./imagickal_5.0.1/imagickal.test.js:6:6[0m
./imagickal_5.0.1/imagickal.test.js (uncaught error)
Command Injection in jison [0m[38;5;245m=> ./jison_0.4.17/jison.test.js:6:6[0m
./jison_0.4.17/jison.test.js (uncaught error)
Command Injection in kill-by-port [0m[38;5;245m=> ./kill-by-port_0.0.1/kill-by-port.test.js:6:6[0m
./kill-by-port_0.0.1/kill-by-port.test.js (uncaught error)
Command Injection in kill-port-process [0m[38;5;245m=> ./kill-port-process_0.0.1/kill-port-process.test.js:6:6[0m
./kill-port-process_0.0.1/kill-port-process.test.js (uncaught error)
Command Injection in kill-process-by-name [0m[38;5;245m=> ./kill-process-by-name_1.0.5/kill-process-by-name.test.js:6:6[0m
./kill-process-by-name_1.0.5/kill-process-by-name.test.js (uncaught error)
Command Injection in killing [0m[38;5;245m=> ./killing_1.0.6/killing.test.js:6:6[0m
Command Injection in killport [0m[38;5;245m=> ./killport_1.0.1/killport.test.js:6:6[0m
./killport_1.0.1/killport.test.js (uncaught error)
Command Injection in libnmap [0m[38;5;245m=> ./libnmap_0.4.11/libnmap.test.js:6:6[0m
Command Injection in local-devices [0m[38;5;245m=> ./local-devices_2.0.0/local-devices.test.js:6:6[0m
./local-devices_2.0.0/local-devices.test.js (uncaught error)
./lsof_0.1.0/lsof.test.js (uncaught error)
Command Injection in lycwed-spritesheetjs [0m[38;5;245m=> ./lycwed-spritesheetjs_1.2.5/lycwed-spritesheetjs.test.js:6:6[0m
./lycwed-spritesheetjs_1.2.5/lycwed-spritesheetjs.test.js (uncaught error)
Command Injection in macaddress [0m[38;5;245m=> ./macaddress_0.2.8/macaddress.test.js:6:6[0m
./macaddress_0.2.8/macaddress.test.js (uncaught error)
Command Injection in macfromip [0m[38;5;245m=> ./macfromip_1.1.1/macfromip.test.js:6:6[0m
./macfromip_1.1.1/macfromip.test.js (uncaught error)
./monorepo-build_0.1.9/monorepo-build.test.js (uncaught error)
Command Injection in node-df [0m[38;5;245m=> ./node-df_0.1.4/node-df.test.js:6:6[0m
./node-df_0.1.4/node-df.test.js (uncaught error)
Command Injection in node-key-sender [0m[38;5;245m=> ./node-key-sender_1.0.11/node-key-sender.test.js:6:6[0m
./node-key-sender_1.0.11/node-key-sender.test.js (uncaught error)
Command Injection in node-latex-pdf [0m[38;5;245m=> ./node-latex-pdf_0.0.2/node-latex-pdf.test.js:6:6[0m
./node-latex-pdf_0.0.2/node-latex-pdf.test.js (uncaught error)
./node-mpv_0.12.2/node-mpv.test.js (uncaught error)
Command Injection in node-ps [0m[38;5;245m=> ./node-ps_0.0.2/node-ps.test.js:6:6[0m
./node-ps_0.0.2/node-ps.test.js (uncaught error)
Remote code execution in node-unrar [0m[38;5;245m=> ./node-unrar_0.1.0/node-unrar.test.js:6:6[0m
./node-unrar_0.1.0/node-unrar.test.js (uncaught error)
Command Injection in npm-git-publish [0m[38;5;245m=> ./npm-git-publish_0.2.4-beta/npm-git-publish.test.js:6:6[0m
./npm-git-publish_0.2.4-beta/npm-git-publish.test.js (uncaught error)
Command Injection in npm-help [0m[38;5;245m=> ./npm-help_1.0.0/npm-help.test.js:6:6[0m
./npm-help_1.0.0/npm-help.test.js (uncaught error)
Command Injection in onion-oled-js [0m[38;5;245m=> ./onion-oled-js_0.0.2/onion-old-js.test.js:6:6[0m
./onion-oled-js_0.0.2/onion-old-js.test.js (uncaught error)
Command Injection in open [0m[38;5;245m=> ./open_0.0.5/open.test.js:6:6[0m
./open_0.0.5/open.test.js (uncaught error)
Command Injection in pdf-image [0m[38;5;245m=> ./pdf-image_1.0.5/pdf-image.test.js:6:6[0m
./pdf-image_1.0.5/pdf-image.test.js (uncaught error)
Remote code execution in pdf-image [0m[38;5;245m=> ./pdf-image_2.0.0/pdf-image.test.js:6:6[0m
./pdf-image_2.0.0/pdf-image.test.js (uncaught error)
Command Injection in pdfinfojs [0m[38;5;245m=> ./pdfinfojs_0.3.6/pdfinfojs.test.js:6:6[0m
./pdfinfojs_0.3.6/pdfinfojs.test.js (uncaught error)
./pidusage_1.0.0/pidusage.test.js (uncaught error)
Command Injection in port-killer [0m[38;5;245m=> ./port-killer_1.0.1/port-killer.test.js:6:6[0m
./port-killer_1.0.1/port-killer.test.js (uncaught error)
Command Injection in portkiller [0m[38;5;245m=> ./portkiller_1.0.2/portkiller.test.js:6:6[0m
./portkiller_1.0.2/portkiller.test.js (uncaught error)
Command Injection in portprocesses [0m[38;5;245m=> ./portprocesses_1.0.4/portprocesses.test.js:6:6[0m
./portprocesses_1.0.4/portprocesses.test.js (uncaught error)
Command Injection in ps-kill [0m[38;5;245m=> ./ps-kill_1.0.0/ps-kill.test.js:6:6[0m
./ps-kill_1.0.0/ps-kill.test.js (uncaught error)
Command Injection in ps-visitor [0m[38;5;245m=> ./ps-visitor_0.0.2/ps-visitor.test.js:6:6[0m
./ps-visitor_0.0.2/ps-visitor.test.js (uncaught error)
Command Injection in ps [0m[38;5;245m=> ./ps_0.0.2/ps.test.js:6:6[0m
./ps_0.0.2/ps.test.js (uncaught error)
Command Injection in psnode [0m[38;5;245m=> ./psnode_0.0.1/psnode.test.js:6:6[0m
./psnode_0.0.1/psnode.test.js (uncaught error)
Command Injection in react-dev-utils [0m[38;5;245m=> ./react-dev-utils_11.0.0/react-dev-utils.test.js:6:6[0m
./react-dev-utils_11.0.0/react-dev-utils.test.js (uncaught error)
./roar-pidusage_1.1.6/roar-pidusage.test.js (uncaught error)
Command Injection in samsung-remote [0m[38;5;245m=> ./samsung-remote_1.2.5/samsung-remote.test.js:6:6[0m
./samsung-remote_1.2.5/samsung-remote.test.js (uncaught error)
Command Injection in scp [0m[38;5;245m=> ./scp_0.0.3/scp.test.js:6:6[0m
./scp_0.0.3/scp.test.js (uncaught error)
Command Injection in strider-git [0m[38;5;245m=> ./strider-git_1.0.3/strider-git.test.js:6:6[0m
./strider-git_1.0.3/strider-git.test.js (uncaught error)
Command Injection in theme-core [0m[38;5;245m=> ./theme-core_0.2.5/theme-core.test.js:6:6[0m
./theme-core_0.2.5/theme-core.test.js (uncaught error)
./thi.ng-egf_0.3.0/egf.test.js (uncaught error)
Command Injection in total.js [0m[38;5;245m=> ./total.js_3.4.6/total-js.test.js:6:6[0m
./total.js_3.4.6/total-js.test.js (uncaught error)
Command Injection in ts-process-promises [0m[38;5;245m=> ./ts-process-promises_1.0.2/ts-process-promises.test.js:6:6[0m
./ts-process-promises_1.0.2/ts-process-promises.test.js (uncaught error)
Command Injection in umount [0m[38;5;245m=> ./umount_1.1.6/umount.test.js:6:6[0m
./umount_1.1.6/umount.test.js (uncaught error)
Command Injection in vboxmanage.js [0m[38;5;245m=> ./vboxmanage.js_1.0.6/vboxmanage-js.test.js:6:6[0m
./vboxmanage.js_1.0.6/vboxmanage-js.test.js (uncaught error)
Command Injection in wc-cmd [0m[38;5;245m=> ./wc-cmd_1.0.9/wc-cmd.test.js:6:6[0m
./wc-cmd_1.0.9/wc-cmd.test.js (uncaught error)
Command Injection in whereis [0m[38;5;245m=> ./whereis_0.4.0/whereis.test.js:6:6[0m
./whereis_0.4.0/whereis.test.js (uncaught error)
Command Injection in wincred [0m[38;5;245m=> ./wincred_1.0.2/wincred.test.js:6:6[0m
./wincred_1.0.2/wincred.test.js (uncaught error)
Command Injection in xopen [0m[38;5;245m=> ./xopen_1.0.0/xopen.test.js:6:6[0m
./xopen_1.0.0/xopen.test.js (uncaught error)
Command Injection in xps [0m[38;5;245m=> ./xps_1.0.2/xps.test.js:6:6[0m
./xps_1.0.2/xps.test.js (uncaught error)

[0m[31mFAILED[0m | 2 passed | 190 failed [0m[38;5;245m(8s)[0m

